#                                                                     
# $$\                                                                 
# $$ |                                                                
# $$ |     $$\   $$\ $$$$$$\$$$$\   $$$$$$\  $$$$$$$\                 
# $$ |     $$ |  $$ |$$  _$$  _$$\ $$  __$$\ $$  __$$\                
# $$ |     $$ |  $$ |$$ / $$ / $$ |$$$$$$$$ |$$ |  $$ |               
# $$ |     $$ |  $$ |$$ | $$ | $$ |$$   ____|$$ |  $$ |               
# $$$$$$$$\\$$$$$$  |$$ | $$ | $$ |\$$$$$$$\ $$ |  $$ |               
# \________|\______/ \__| \__| \__| \_______|\__|  \__|               
#                                                                     
#                   Fork Lumen 2.1.0                                  
#                   Branch is nlresp                                  
#        MPI+OpenMP+SLK+SLEPC+HDF5_MPI_IO Build                       
#               http://www.lumen-code.org                             
#
# Absorption @ Q(1):  0.577350259     0.577350259     0.577350259    [q->0 direction]
#
# [GEN] GF Energies                               : Perdew, Burke & Ernzerhof(X)+Perdew, Burke & Ernzerhof(C)
# [GEN] Green`s Function                          : Resonant
#
# [GEN] Gauge                                     : Length
# [GEN] [r,Vnl] included                          : yes
#
# DIP band range                                  :   3   8
# DIP band range limits                           :   5   6
# DIP e/h energy range                            :  -1.00000000     -1.00000000    [eV]
# RL vectors in the sum                           :  1639
# [r,Vnl] included                                : yes
# Bands ordered                                   : yes
# Direct v evaluation                             : no
# Approach used                                   : G-space v
# Dipoles computed                                : R V P [G-space]
# Wavefunctions                                   : Perdew, Burke & Ernzerhof(X)+Perdew, Burke & Ernzerhof(C)
#
#
# [K] Identifier                                  :   4196
# [K] Dimension                                   :   7776
# [K] Bands                                       :   3   8
# [K] Exchange res                                : yes
# [K] Correlation res                             : yes
# [K] Kernel`s coupling                           : no
# [K] Exchange cpl                                : no
# [K] Correlation cpl                             : no
# [K] W interaction is bare                       : no
# [K] ALDA kernel in R-space                      : no
# [K] RL vectors exchange                         :  169
# [K] RL vectors correlation                      :   89
# [K] E/h energy range                            :  -1.00000000     -1.00000000    [eV]
# [K] Coupling range                              :   100.000000      100.000000    [o/o]
# [W] Interaction is diagonal                     : no
# [W] Matrix size                                 :   89
# [W] Bands                                       :   1  30
# [W] e/h energy range                            :  -1.00000000     -1.00000000    [eV]
# [W] Poles                                       :   100.000000    [o/o]
# [W] RL vectors in the sum                       :  1639
# [W] [r,Vnl] included                            : yes
# [W] Field direction                             :  0.999999975E-5   0.00000000      0.00000000   
# [W] Coulomb Cutoff                              : none
# [W] Hxc Kernel                                  : HARTREE
# [RIM] RL components col                         : 0
# [RIM] Random points col                         : 0
# [SOC] Perturbative SOC                          : no
# [X] Response Kind                               : bar
#
# Diamagnetic term                                
# Ao                                              :  -8.69280815    [nel]
# A                                               :  -8.96113014    [nel]
#
#    E[1] [eV]          Im(eps)            Re(eps)            Im(eps_o)          Re(eps_o)
#
        5.000000           0.007954           1.604274           0.003147           1.395360
        5.037593           0.008043           1.607279           0.003168           1.396546
        5.075188           0.008133           1.610318           0.003188           1.397741
        5.112782           0.008224           1.613391           0.003209           1.398943
        5.150376           0.008318           1.616499           0.003230           1.400153
        5.187970           0.008413           1.619642           0.003251           1.401371
        5.225564           0.008510           1.622822           0.003273           1.402597
        5.263157           0.008608           1.626038           0.003294           1.403831
        5.300752           0.008709           1.629291           0.003316           1.405074
        5.338346           0.008811           1.632583           0.003338           1.406324
        5.375940           0.008916           1.635913           0.003360           1.407583
        5.413534           0.009022           1.639283           0.003383           1.408851
        5.451128           0.009130           1.642694           0.003406           1.410126
        5.488721           0.009241           1.646145           0.003429           1.411411
        5.526316           0.009354           1.649638           0.003452           1.412704
        5.563910           0.009468           1.653174           0.003476           1.414006
        5.601503           0.009586           1.656753           0.003500           1.415317
        5.639097           0.009705           1.660377           0.003524           1.416637
        5.676692           0.009827           1.664046           0.003548           1.417966
        5.714285           0.009951           1.667762           0.003573           1.419304
        5.751880           0.010078           1.671525           0.003598           1.420652
        5.789474           0.010208           1.675335           0.003623           1.422009
        5.827067           0.010340           1.679195           0.003648           1.423375
        5.864661           0.010475           1.683105           0.003674           1.424751
        5.902255           0.010613           1.687066           0.003700           1.426137
        5.939849           0.010754           1.691080           0.003726           1.427532
        5.977444           0.010898           1.695147           0.003753           1.428938
        6.015037           0.011045           1.699269           0.003780           1.430354
        6.052631           0.011195           1.703446           0.003807           1.431779
        6.090225           0.011348           1.707680           0.003835           1.433215
        6.127820           0.011505           1.711973           0.003862           1.434662
        6.165413           0.011665           1.716325           0.003891           1.436119
        6.203007           0.011829           1.720737           0.003919           1.437587
        6.240601           0.011997           1.725213           0.003948           1.439065
        6.278195           0.012169           1.729752           0.003977           1.440555
        6.315789           0.012344           1.734355           0.004007           1.442055
        6.353383           0.012524           1.739026           0.004037           1.443567
        6.390977           0.012708           1.743765           0.004067           1.445090
        6.428571           0.012896           1.748574           0.004098           1.446625
        6.466165           0.013089           1.753454           0.004129           1.448171
        6.503759           0.013287           1.758408           0.004160           1.449728
        6.541353           0.013489           1.763436           0.004192           1.451298
        6.578947           0.013696           1.768542           0.004224           1.452880
        6.616541           0.013909           1.773726           0.004257           1.454473
        6.654135           0.014127           1.778991           0.004290           1.456079
        6.691729           0.014350           1.784338           0.004323           1.457698
        6.729323           0.014580           1.789771           0.004357           1.459329
        6.766917           0.014815           1.795290           0.004391           1.460973
        6.804511           0.015056           1.800899           0.004426           1.462630
        6.842104           0.015304           1.806600           0.004461           1.464300
        6.879699           0.015558           1.812395           0.004497           1.465984
        6.917293           0.015819           1.818287           0.004533           1.467681
        6.954887           0.016088           1.824278           0.004569           1.469391
        6.992481           0.016363           1.830370           0.004606           1.471115
        7.030074           0.016647           1.836568           0.004644           1.472854
        7.067669           0.016938           1.842874           0.004682           1.474606
        7.105263           0.017238           1.849290           0.004720           1.476373
        7.142857           0.017546           1.855820           0.004759           1.478154
        7.180451           0.017864           1.862468           0.004799           1.479951
        7.218045           0.018190           1.869236           0.004839           1.481762
        7.255639           0.018527           1.876129           0.004879           1.483588
        7.293232           0.018873           1.883150           0.004921           1.485429
        7.330826           0.019230           1.890302           0.004962           1.487286
        7.368421           0.019599           1.897590           0.005005           1.489160
        7.406014           0.019978           1.905019           0.005048           1.491048
        7.443608           0.020370           1.912592           0.005091           1.492954
        7.481203           0.020774           1.920314           0.005135           1.494876
        7.518797           0.021191           1.928190           0.005180           1.496814
        7.556391           0.021622           1.936225           0.005225           1.498769
        7.593984           0.022067           1.944423           0.005271           1.500741
        7.631578           0.022527           1.952791           0.005318           1.502731
        7.669173           0.023003           1.961335           0.005365           1.504739
        7.706767           0.023495           1.970060           0.005413           1.506764
        7.744360           0.024004           1.978971           0.005462           1.508808
        7.781955           0.024531           1.988078           0.005512           1.510870
        7.819549           0.025077           1.997385           0.005562           1.512951
        7.857142           0.025643           2.006900           0.005613           1.515051
        7.894736           0.026230           2.016631           0.005665           1.517170
        7.932330           0.026838           2.026585           0.005717           1.519308
        7.969924           0.027470           2.036772           0.005770           1.521467
        8.007519           0.028126           2.047199           0.005824           1.523645
        8.045113           0.028807           2.057877           0.005879           1.525845
        8.082706           0.029516           2.068814           0.005935           1.528065
        8.120299           0.030252           2.080022           0.005992           1.530306
        8.157894           0.031019           2.091511           0.006050           1.532569
        8.195488           0.031818           2.103292           0.006108           1.534853
        8.233082           0.032650           2.115378           0.006167           1.537159
        8.270677           0.033517           2.127782           0.006228           1.539489
        8.308270           0.034423           2.140517           0.006289           1.541841
        8.345864           0.035368           2.153598           0.006352           1.544215
        8.383458           0.036355           2.167039           0.006415           1.546614
        8.421052           0.037388           2.180858           0.006479           1.549037
        8.458646           0.038468           2.195071           0.006545           1.551484
        8.496240           0.039599           2.209697           0.006611           1.553956
        8.533834           0.040785           2.224755           0.006679           1.556453
        8.571428           0.042028           2.240267           0.006748           1.558976
        8.609021           0.043333           2.256253           0.006818           1.561525
        8.646616           0.044705           2.272738           0.006889           1.564101
        8.684210           0.046147           2.289748           0.006962           1.566703
        8.721804           0.047665           2.307309           0.007036           1.569333
        8.759398           0.049264           2.325452           0.007111           1.571991
        8.796992           0.050952           2.344206           0.007187           1.574677
        8.834586           0.052733           2.363605           0.007265           1.577392
        8.872180           0.054616           2.383687           0.007344           1.580137
        8.909773           0.056608           2.404488           0.007425           1.582912
        8.947368           0.058719           2.426053           0.007507           1.585717
        8.984962           0.060959           2.448426           0.007590           1.588553
        9.022555           0.063337           2.471655           0.007675           1.591421
        9.060150           0.065867           2.495797           0.007762           1.594322
        9.097744           0.068562           2.520907           0.007851           1.597255
        9.135338           0.071436           2.547049           0.007941           1.600221
        9.172933           0.074507           2.574293           0.008032           1.603223
        9.210526           0.077792           2.602712           0.008126           1.606258
        9.248120           0.081314           2.632391           0.008222           1.609329
        9.285713           0.085094           2.663420           0.008319           1.612437
        9.323307           0.089162           2.695897           0.008418           1.615581
        9.360902           0.093545           2.729934           0.008519           1.618763
        9.398496           0.098280           2.765649           0.008623           1.621983
        9.436090           0.103404           2.803180           0.008728           1.625242
        9.473684           0.108963           2.842675           0.008836           1.628542
        9.511277           0.115008           2.884297           0.008946           1.631882
        9.548872           0.121598           2.928238           0.009058           1.635264
        9.586466           0.128802           2.974701           0.009172           1.638689
        9.624060           0.136700           3.023924           0.009289           1.642156
        9.661654           0.145386           3.076170           0.009409           1.645669
        9.699247           0.154967           3.131739           0.009531           1.649226
        9.736841           0.165575           3.190971           0.009656           1.652830
        9.774436           0.177363           3.254258           0.009783           1.656482
        9.812029           0.190513           3.322042           0.009914           1.660182
        9.849624           0.205248           3.394842           0.010047           1.663931
        9.887218           0.221833           3.473253           0.010184           1.667731
        9.924811           0.240594           3.557969           0.010324           1.671583
        9.962406           0.261933           3.649805           0.010467           1.675488
        9.999999           0.286345           3.749713           0.010613           1.679446
        10.03759           0.314455           3.858837           0.010763           1.683462
        10.07519           0.347049           3.978525           0.010916           1.687533
        10.11278           0.385134           4.110408           0.011074           1.691663
        10.15038           0.430017           4.256463           0.011235           1.695853
        10.18797           0.483411           4.419088           0.011400           1.700104
        10.22556           0.547601           4.601250           0.011570           1.704417
        10.26316           0.625683           4.806623           0.011744           1.708796
        10.30075           0.721925           5.039784           0.011922           1.713240
        10.33835           0.842349           5.306516           0.012105           1.717752
        10.37594           0.995613           5.614081           0.012293           1.722333
        10.41353           1.194517           5.971645           0.012486           1.726986
        10.45113           1.458504           6.390581           0.012684           1.731712
        10.48872           1.817983           6.884370           0.012888           1.736514
        10.52631           2.322082           7.467149           0.013098           1.741393
        10.56391           3.052510           8.147677           0.013313           1.746352
        10.60150           4.147456           8.909498           0.013535           1.751393
        10.63910           5.835931           9.650885           0.013763           1.756518
        10.67669           8.440352           10.01704           0.013998           1.761730
        10.71428           12.10454           9.061178           0.014240           1.767032
        10.75188           15.66218           5.327613           0.014490           1.772424
        10.78947           16.06927          -0.598557           0.014747           1.777913
        10.82707           12.86062          -4.918192           0.015013           1.783499
        10.86466           9.061198          -6.289437           0.015287           1.789187
        10.90225           6.254014          -6.072599           0.015569           1.794978
        10.93985           4.422087          -5.358686           0.015862           1.800877
        10.97744           3.239007          -4.583883           0.016164           1.806888
        11.01504           2.455633          -3.879790           0.016476           1.813014
        11.05263           1.919415          -3.272220           0.016799           1.819258
        11.09022           1.540287          -2.754947           0.017134           1.825626
        11.12782           1.264299          -2.314067           0.017481           1.832121
        11.16541           1.058293          -1.935741           0.017841           1.838748
        11.20301           0.901202          -1.608091           0.018214           1.845513
        11.24060           0.779250          -1.321470           0.018602           1.852419
        11.27819           0.683184          -1.068187           0.019004           1.859474
        11.31579           0.606625          -0.842094           0.019423           1.866682
        11.35338           0.545090          -0.638258           0.019859           1.874049
        11.39098           0.495378          -0.452703           0.020313           1.881583
        11.42857           0.455166          -0.282137           0.020786           1.889290
        11.46616           0.422768          -0.123843           0.021280           1.897178
        11.50376           0.396961           0.024497           0.021796           1.905254
        11.54135           0.376873           0.164899           0.022336           1.913527
        11.57895           0.361920           0.299145           0.022901           1.922006
        11.61654           0.351759           0.428881           0.023494           1.930701
        11.65413           0.346275           0.555669           0.024116           1.939622
        11.69173           0.345589           0.681040           0.024769           1.948780
        11.72932           0.350091           0.806589           0.025458           1.958188
        11.76692           0.360507           0.934001           0.026183           1.967859
        11.80451           0.378027           1.065167           0.026949           1.977807
        11.84210           0.404510           1.202247           0.027759           1.988048
        11.87970           0.442830           1.347769           0.028618           1.998598
        11.91729           0.497490           1.504716           0.029530           2.009477
        11.95489           0.575667           1.676444           0.030501           2.020704
        11.99248           0.689102           1.866240           0.031537           2.032302
        12.03007           0.857511           2.075628           0.032645           2.044296
        12.06767           1.114274           2.298777           0.033834           2.056713
        12.10526           1.513608           2.505894           0.035114           2.069584
        12.14286           2.124697           2.598905           0.036495           2.082943
        12.18045           2.940594           2.337435           0.037993           2.096830
        12.21804           3.597056           1.445217           0.039623           2.111288
        12.25564           3.464406           0.259565           0.041406           2.126366
        12.29323           2.703274          -0.425788           0.043366           2.142122
        12.33083           1.951921          -0.533946           0.045533           2.158623
        12.36842           1.432869          -0.374478           0.047944           2.175944
        12.40601           1.111301          -0.137929           0.050648           2.194176
        12.44361           0.923245           0.105046           0.053704           2.213424
        12.48120           0.826689           0.331225           0.057192           2.233815
        12.51880           0.796355           0.527179           0.061218           2.255499
        12.55639           0.802543           0.679386           0.065922           2.278664
        12.59398           0.802582           0.803018           0.071501           2.303530
        12.63158           0.795346           0.949263           0.078233           2.330377
        12.66917           0.825129           1.134763           0.086518           2.359545
        12.70677           0.925513           1.341682           0.096960           2.391450
        12.74436           1.122748           1.543252           0.110487           2.426588
        12.78195           1.443131           1.688855           0.128578           2.465485
        12.81955           1.882307           1.688535           0.153672           2.508544
        12.85714           2.367890           1.432765           0.189860           2.555474
        12.89474           2.681673           0.833207           0.243880           2.603576
        12.93233           2.501280           0.134607           0.325235           2.642963
        12.96992           1.987321          -0.209323           0.438436           2.646849
        13.00752           1.528000          -0.203819           0.550749           2.573942
        13.04511           1.231462          -0.052013           0.576103           2.441315
        13.08271           1.063312           0.144573           0.502874           2.357761
        13.12030           1.002327           0.355071           0.420273           2.360905
        13.15789           1.049581           0.549193           0.377374           2.408518
        13.19549           1.204153           0.674872           0.375888           2.459872
        13.23308           1.416957           0.651702           0.395176           2.487229
        13.27067           1.536727           0.469427           0.396151           2.492568
        13.30827           1.499599           0.299275           0.369012           2.517035
        13.34586           1.449050           0.203666           0.345846           2.577961
        13.38346           1.403685           0.069613           0.346452           2.662460
        13.42105           1.250285          -0.074339           0.375454           2.759715
        13.45864           1.032590          -0.107867           0.437837           2.864507
        13.49624           0.851508          -0.047641           0.545360           2.969616
        13.53383           0.725370           0.050577           0.716447           3.053187
        13.57143           0.644955           0.162096           0.957845           3.059156
        13.60902           0.603640           0.276507           1.203188           2.909467
        13.64662           0.604196           0.388041           1.301503           2.628056
        13.68421           0.655750           0.473263           1.195057           2.383045
        13.72180           0.737743           0.485485           0.997564           2.304929
        13.75940           0.766306           0.412474           0.850501           2.370285
        13.79699           0.690129           0.351607           0.803621           2.495260
        13.83459           0.585100           0.372672           0.858256           2.614599
        13.87218           0.514383           0.443539           0.995022           2.661681
        13.90977           0.484501           0.523764           1.124795           2.576909
        13.94737           0.481739           0.586942           1.115122           2.437417
        13.98496           0.473872           0.627048           1.011606           2.407322
        14.02256           0.445579           0.676296           0.959443           2.490455
        14.06015           0.423436           0.753385           1.019451           2.596467
        14.09774           0.427455           0.844864           1.180538           2.626295
        14.13534           0.459093           0.935170           1.345911           2.502236
        14.17293           0.514347           1.018045           1.375609           2.274515
        14.21053           0.599910           1.089447           1.246041           2.078634
        14.24812           0.722021           1.119601           1.024626           2.003348
        14.28571           0.835010           1.071140           0.813556           2.060907
        14.32331           0.868977           0.988811           0.667519           2.192816
        14.36090           0.852015           0.948403           0.582353           2.351216
        14.39849           0.833323           0.948183           0.541206           2.517566
        14.43609           0.835715           0.978160           0.532288           2.688214
        14.47368           0.881466           1.002242           0.550059           2.865066
        14.51128           0.933140           0.976599           0.593996           3.052086
        14.54887           0.929740           0.930770           0.668171           3.254061
        14.58646           0.882774           0.941229           0.782169           3.475945
        14.62406           0.870498           1.025869           0.953785           3.721460
        14.66165           0.943893           1.136704           1.214070           3.988539
        14.69925           1.119829           1.212512           1.614415           4.255776
        14.73684           1.378716           1.161308           2.224572           4.445693
        14.77444           1.583558           0.913710           3.067107           4.360597
        14.81203           1.584180           0.595715           3.903691           3.735611
        14.84962           1.444477           0.361003           4.217692           2.685912
        14.88722           1.237373           0.223837           3.901978           1.796314
        14.92481           1.018480           0.211194           3.368473           1.340151
        14.96240           0.868085           0.287276           2.878165           1.169006
        15.00000           0.798857           0.379755           2.442213           1.195957
        15.03759           0.778239           0.448850           2.147006           1.418169
        15.07519           0.777508           0.496406           2.088607           1.727353
        15.11278           0.796176           0.522631           2.283475           1.977178
        15.15037           0.820136           0.509614           2.668479           2.007954
        15.18797           0.806826           0.459932           3.057111           1.704085
        15.22556           0.737247           0.434208           3.169606           1.124156
        15.26316           0.671779           0.466061           2.882605           0.605740
        15.30075           0.650813           0.512190           2.454964           0.359580
        15.33835           0.651097           0.531541           2.041036           0.277286
        15.37594           0.639008           0.534038           1.638562           0.336100
        15.41353           0.619275           0.538586           1.319028           0.528774
        15.45113           0.595401           0.537292           1.116135           0.783869
        15.48872           0.547293           0.536461           1.013511           1.054692
        15.52632           0.482488           0.569145           0.996923           1.323974
        15.56391           0.434781           0.636248           1.066539           1.579367
        15.60150           0.415224           0.718320           1.231799           1.794721
        15.63910           0.423626           0.805855           1.490303           1.916134
        15.67669           0.465305           0.890849           1.791394           1.866777
        15.71428           0.542899           0.954118           1.971907           1.607053
        15.75188           0.638392           0.974096           1.861298           1.338948
        15.78947           0.722947           0.954159           1.618248           1.309740
        15.82707           0.783864           0.912907           1.469048           1.472188
        15.86466           0.829337           0.873463           1.468395           1.692461
        15.90226           0.894274           0.823617           1.589984           1.894764
        15.93985           0.957120           0.698559           1.820141           2.044950
        15.97744           0.906547           0.517147           2.139644           2.071389
        16.01504           0.740369           0.418489           2.437738           1.933251
        16.05263           0.575104           0.436318           2.630655           1.716105
        16.09023           0.464030           0.513088           2.750236           1.490426
        16.12782           0.404209           0.606422           2.820582           1.275028
        16.16541           0.383951           0.697114           2.905545           1.073089
        16.20301           0.392735           0.773064           3.022168           0.770185
        16.24060           0.414153           0.827465           2.997441           0.298046
        16.27819           0.434561           0.870028           2.666809          -0.141089
        16.31579           0.458132           0.908610           2.192017          -0.301252
        16.35338           0.483032           0.941282           1.814493          -0.248085
        16.39098           0.508240           0.976998           1.552324          -0.135509
        16.42857           0.545790           1.021918           1.350888           0.004195
        16.46616           0.618259           1.068419           1.217110           0.181590
        16.50376           0.739724           1.074815           1.180421           0.358547
        16.54135           0.865062           0.984217           1.216162           0.464752
        16.57895           0.892386           0.819606           1.229304           0.481544
        16.61654           0.803943           0.697089           1.159867           0.502616
        16.65413           0.687649           0.675261           1.077227           0.613715
        16.69173           0.620722           0.717103           1.073624           0.793996
        16.72932           0.614729           0.754410           1.192611           0.980020
        16.76692           0.622404           0.743602           1.452423           1.087438
        16.80451           0.587197           0.715119           1.805391           0.982002
        16.84210           0.527614           0.721677           2.029039           0.583452
        16.87970           0.481337           0.758476           1.887306           0.114279
        16.91729           0.455705           0.807507           1.508697          -0.108797
        16.95489           0.451038           0.858395           1.164035          -0.083460
        16.99248           0.462077           0.902004           0.943582           0.046602
        17.03008           0.483776           0.940219           0.824810           0.183436
        17.06767           0.526397           0.969158           0.749698           0.287763
        17.10526           0.586873           0.959145           0.671976           0.384150
        17.14285           0.617278           0.894765           0.605628           0.506429
        17.18045           0.575157           0.827347           0.577216           0.647497
        17.21804           0.496000           0.814280           0.595796           0.787796
        17.25564           0.427877           0.845637           0.663266           0.903739
        17.29323           0.377770           0.898598           0.761587           0.959154
        17.33083           0.344572           0.967579           0.822752           0.943851
        17.36842           0.332594           1.048565           0.803336           0.940777
        17.40601           0.344457           1.135497           0.774384           1.013980
        17.44361           0.383067           1.224259           0.805624           1.129249
        17.48120           0.456534           1.307749           0.907318           1.224985
        17.51880           0.573825           1.364757           1.035864           1.259058
        17.55639           0.722230           1.354845           1.142681           1.263243
        17.59398           0.839460           1.253044           1.267755           1.273268
        17.63158           0.850058           1.112263           1.444456           1.224929
        17.66917           0.771233           1.042507           1.581288           1.055220
        17.70677           0.709047           1.067832           1.574369           0.872878
        17.74436           0.720901           1.120694           1.526636           0.794155
        17.78195           0.790958           1.125353           1.528449           0.746270
        17.81955           0.843114           1.049863           1.543324           0.689094
        17.85714           0.813634           0.950583           1.595267           0.635851
        17.89474           0.721513           0.901071           1.706419           0.493081
        17.93233           0.628175           0.917234           1.721865           0.187832
        17.96992           0.559960           0.965982           1.503138          -0.100327
        18.00752           0.509503           1.036044           1.187852          -0.200713
        18.04511           0.486683           1.129189           0.923270          -0.161381
        18.08271           0.504862           1.231244           0.733656          -0.062746
        18.12030           0.566786           1.321375           0.610601           0.055164
        18.15789           0.666802           1.377326           0.540920           0.162438
        18.19549           0.785175           1.368589           0.494780           0.240680
        18.23308           0.853399           1.283727           0.440866           0.305278
        18.27068           0.820143           1.207706           0.384722           0.383725
        18.30827           0.750707           1.212880           0.344886           0.476042
        18.34586           0.710002           1.279400           0.326136           0.572854
        18.38346           0.716425           1.369927           0.328099           0.669300
        18.42105           0.761658           1.458092           0.352349           0.762672
        18.45864           0.834975           1.542662           0.403744           0.848117
        18.49624           0.949606           1.619430           0.489962           0.912641
        18.53383           1.102427           1.655594           0.609743           0.923584
        18.57143           1.256183           1.644102           0.715348           0.842484
        18.60902           1.396201           1.616557           0.720206           0.703083
        18.64661           1.563250           1.600893           0.620172           0.612516
        18.68421           1.825294           1.531569           0.497122           0.612470
        18.72180           2.114982           1.267460           0.405074           0.671714
        18.75940           2.227700           0.833080           0.352377           0.754952
        18.79699           2.127545           0.405908           0.332507           0.845174
        18.83459           1.855197           0.059282           0.341419           0.936272
        18.87218           1.470770          -0.100556           0.381344           1.023926
        18.90977           1.126211          -0.071743           0.460086           1.097082
        18.94737           0.883093           0.053453           0.581459           1.126455
        18.98496           0.734676           0.211494           0.711802           1.067313
        19.02256           0.664160           0.370790           0.763969           0.929078
        19.06015           0.661167           0.510513           0.713323           0.809652
        19.09774           0.714969           0.601248           0.623661           0.750790
        19.13534           0.781503           0.606939           0.529761           0.742614
        19.17293           0.779172           0.553882           0.456336           0.770985
        19.21053           0.704473           0.537404           0.407287           0.808608
        19.24812           0.631962           0.586527           0.368099           0.847254
        19.28571           0.604682           0.661948           0.337285           0.892327
        19.32331           0.614656           0.721174           0.319449           0.939556
        19.36090           0.631030           0.753640           0.312402           0.982792
        19.39849           0.638970           0.774691           0.312343           1.017704
        19.43609           0.640302           0.794796           0.310809           1.042000
        19.47368           0.640135           0.822386           0.299670           1.062366
        19.51128           0.657264           0.856817           0.280824           1.089121
        19.54887           0.698082           0.866930           0.261164           1.123074
        19.58647           0.722959           0.835259           0.240442           1.163806
        19.62406           0.705022           0.794763           0.221749           1.214901
        19.66165           0.651127           0.773401           0.210717           1.275027
        19.69925           0.579947           0.795702           0.209237           1.340492
        19.73684           0.531718           0.861209           0.217216           1.409473
        19.77444           0.526100           0.936903           0.235393           1.481743
        19.81203           0.551029           0.991823           0.266500           1.557118
        19.84962           0.578303           1.017988           0.315800           1.633326
        19.88722           0.590723           1.030283           0.389891           1.701818
        19.92481           0.587334           1.044909           0.487372           1.743593
        19.96240           0.580089           1.072993           0.583262           1.745580
        20.00000           0.582530           1.105325           0.658205           1.728824
# 
# 07/18/2026 at 16:26 yambo @ compute-9-01 [start]
# 07/18/2026 at 19:10                      [end]
#  
# Timing   [Min/Max/Average]: 02h-43m/02h-43m/02h-43m
#
# .-Input file  BSE.in
# | optics                           # [R] Linear Response optical properties
# | dipoles                          # [R] Oscillator strenghts (or dipoles)
# | bss                              # [R] BSE solver
# | bse                              # [R][BSE] Bethe Salpeter Equation.
# | em1d                             # [R][X] Dynamically Screened Interaction
# | ppa                              # [R][Xp] Plasmon Pole Approximation for the Screened Interaction
# | BoseTemp= 0.000000         eV    # Bosonic Temperature
# | FFTGvecs= 1639             RL    # [FFT] Plane-waves
# | DIP_CPU= "2.6.2"                 # [PARALLEL] CPUs for each role
# | DIP_ROLEs= "v.c.k"               # [PARALLEL] CPUs roles (k,c,v)
# | DIP_Threads= 2                   # [OPENMP/X] Number of threads for dipoles
# | X_and_IO_CPU= "2.2.2.3"          # [PARALLEL] CPUs for each role
# | X_and_IO_ROLEs= "c.v.k.q"        # [PARALLEL] CPUs roles (q,g,k,c,v)
# | X_and_IO_nCPU_LinAlg_INV=  4     # [PARALLEL] CPUs for Linear Algebra (if -1 it is automatically set)
# | X_Threads= 2                     # [OPENMP/X] Number of threads for response functions
# | BS_CPU= "4.6"                    # [PARALLEL] CPUs for each role
# | BS_ROLEs= "eh.k"                 # [PARALLEL] CPUs roles (k,eh,t)
# | BS_nCPU_LinAlg_INV=  4           # [PARALLEL] CPUs for Linear Algebra (if -1 it is automatically set)
# | BS_nCPU_LinAlg_DIAGO=  4         # [PARALLEL] CPUs for Linear Algebra (if -1 it is automatically set)
# | K_Threads= 2                     # [OPENMP/BSK] Number of threads for response functions
# | Chimod= "HARTREE"                # [X] IP/Hartree/ALDA/LRC/PF/BSfxc
# | BSKmod= "SEX"                    # [BSE] IP/Hartree/HF/ALDA/SEX/BSfxc
# | BSEmod= "resonant"               # [BSE] resonant/retarded/coupling
# | Lkind= "bar"                     # [BSE,X] bar(default)/full/tilde
# | BSEdiskIO= "medium"              # [BSE] high(restart always) |medium(restart only corr.) |low(writes at the end)|none
# | BSSmod= "d"                      # [BSS] (h)aydock/(d)iago/(o)ld-diago/(s)lepc/(i)nversion/(c)hase
# | % DipBands
# |   3 |  8 |                           # [DIP] Bands range for dipoles
# | %
# | DipComputed= "R V P [G-space]"   # [DIP] [default R P V; extra P2 Spin Orb]
# | BSENGexx=  8950            mHa   # [BSK] Exchange components
# | BSENGBlk=  6298            mHa   # [BSK] Screened interaction block size [if -1 uses all the G-vectors of W_{G,Gp}]
# | #WehCpl                        # [BSK] eh interaction included also in coupling
# | KfnQPdb= "E < GW0/ndb.QP"        # [EXTQP BSK BSS] Database action
# | EXCTemp= 0.000000          eV    # Excitonic Temperature (for luminescence spectra and EXCPH)
# | % BSEQptR
# |  1 | 1 |                             # [BSK] Transferred momenta range
# | %
# | % BSEBands
# |   3 |  8 |                           # [BSK] Bands range
# | %
# | #NoDiagSC                      # New setup for non-diagonal supercells
# | % BEnRange
# |   5.00000 | 20.00000 |         eV    # [BSS] Energy range
# | %
# | BDmType= "Lorentzian"            # [BSS] Damping type (Lorentzian | Gaussian)
# | % BDmRange
# |  0.100000 | 0.100000 |         eV    # [BSS] Damping range
# | %
# | BEnSteps=  400                   # [BSS] Energy steps
# | % BLongDir
# |  0.577350 | 0.577350 | 0.577350 |        # [BSS] [cc] Electric Field versor
# | %
# | BSEprop= " abs"                  # [BSS] Can be any among abs/jdos/kerr/asymm/anHAll/magn/dich/photolum/esrt/MEspin/MEorb
# | BSEdips= "none"                  # [BSS] Can be "trace/none" or "xy/xz/yz" to define off-diagonal rotation plane
# | #WRbsWF                        # [BSS] Write to disk excitonic the WFs
# | BSSldiaLib= "s"                  # [BSS] Library used with ldiago solver `(s)scalapack/(e1)elpa1/(e2)elpa2`
# | BSSNEig=0                        # [SLEPC/DIAGO] Number of eigenvalues to compute
# | % BndsRnXp
# |   1 | 30 |                           # [Xp] Polarization function bands
# | %
# | NGsBlkXp=  6298            mHa   # [Xp] Response block size
# | % LongDrXp
# |  0.100000E-4 |  0.00000    |  0.00000    # [Xp] [cc] Electric Field
# | %
# | PPAPntXp= 27.21138         eV    # [Xp] PPA imaginary energy
