#                                                                     
# $$\                                                                 
# $$ |                                                                
# $$ |     $$\   $$\ $$$$$$\$$$$\   $$$$$$\  $$$$$$$\                 
# $$ |     $$ |  $$ |$$  _$$  _$$\ $$  __$$\ $$  __$$\                
# $$ |     $$ |  $$ |$$ / $$ / $$ |$$$$$$$$ |$$ |  $$ |               
# $$ |     $$ |  $$ |$$ | $$ | $$ |$$   ____|$$ |  $$ |               
# $$$$$$$$\\$$$$$$  |$$ | $$ | $$ |\$$$$$$$\ $$ |  $$ |               
# \________|\______/ \__| \__| \__| \_______|\__|  \__|               
#                                                                     
#                   Fork Lumen 2.1.0                                  
#                   Branch is nlresp                                  
#        MPI+OpenMP+SLK+SLEPC+HDF5_MPI_IO Build                       
#               http://www.lumen-code.org                             
#
# Absorption @ Q(1):  0.577350259     0.577350259     0.577350259    [q->0 direction]
#
# [GEN] GF Energies                               : Perdew, Burke & Ernzerhof(X)+Perdew, Burke & Ernzerhof(C)
# [GEN] Green`s Function                          : Resonant
#
# [GEN] Gauge                                     : Length
# [GEN] [r,Vnl] included                          : yes
#
# DIP band range                                  :   3   8
# DIP band range limits                           :   5   6
# DIP e/h energy range                            :  -1.00000000     -1.00000000    [eV]
# RL vectors in the sum                           :  1639
# [r,Vnl] included                                : yes
# Bands ordered                                   : yes
# Direct v evaluation                             : no
# Approach used                                   : G-space v
# Dipoles computed                                : R V P [G-space]
# Wavefunctions                                   : Perdew, Burke & Ernzerhof(X)+Perdew, Burke & Ernzerhof(C)
#
#
# [K] Identifier                                  :  1479
# [K] Dimension                                   :   36000
# [K] Bands                                       :   3   8
# [K] Exchange res                                : yes
# [K] Correlation res                             : yes
# [K] Kernel`s coupling                           : no
# [K] Exchange cpl                                : no
# [K] Correlation cpl                             : no
# [K] W interaction is bare                       : no
# [K] ALDA kernel in R-space                      : no
# [K] RL vectors exchange                         :  169
# [K] RL vectors correlation                      :   89
# [K] E/h energy range                            :  -1.00000000     -1.00000000    [eV]
# [K] Coupling range                              :   100.000000      100.000000    [o/o]
# [W] Interaction is diagonal                     : no
# [W] Matrix size                                 :   89
# [W] Bands                                       :   1  30
# [W] e/h energy range                            :  -1.00000000     -1.00000000    [eV]
# [W] Poles                                       :   100.000000    [o/o]
# [W] RL vectors in the sum                       :  1639
# [W] [r,Vnl] included                            : yes
# [W] Field direction                             :  0.999999975E-5   0.00000000      0.00000000   
# [W] Coulomb Cutoff                              : none
# [W] Hxc Kernel                                  : HARTREE
# [RIM] RL components col                         : 0
# [RIM] Random points col                         : 0
# [SOC] Perturbative SOC                          : no
# [X] Response Kind                               : bar
#
# Diamagnetic term                                
# Ao                                              :  -8.68975735    [nel]
# A                                               :  -8.96190262    [nel]
#
#    E[1] [eV]          Im(eps)            Re(eps)            Im(eps_o)          Re(eps_o)
#
        5.000000           0.008031           1.605902           0.003134           1.394253
        5.037593           0.008121           1.608937           0.003154           1.395435
        5.075188           0.008213           1.612005           0.003174           1.396624
        5.112782           0.008306           1.615109           0.003195           1.397821
        5.150376           0.008401           1.618248           0.003216           1.399026
        5.187970           0.008498           1.621423           0.003237           1.400238
        5.225564           0.008597           1.624635           0.003258           1.401459
        5.263157           0.008697           1.627884           0.003280           1.402688
        5.300752           0.008800           1.631171           0.003301           1.403924
        5.338346           0.008904           1.634497           0.003323           1.405170
        5.375940           0.009011           1.637863           0.003345           1.406423
        5.413534           0.009119           1.641269           0.003368           1.407684
        5.451128           0.009230           1.644716           0.003391           1.408955
        5.488721           0.009343           1.648205           0.003414           1.410233
        5.526316           0.009457           1.651737           0.003437           1.411521
        5.563910           0.009575           1.655312           0.003460           1.412817
        5.601503           0.009694           1.658932           0.003484           1.414122
        5.639097           0.009816           1.662597           0.003508           1.415436
        5.676692           0.009941           1.666308           0.003532           1.416759
        5.714285           0.010068           1.670067           0.003556           1.418092
        5.751880           0.010198           1.673874           0.003581           1.419433
        5.789474           0.010330           1.677730           0.003606           1.420784
        5.827067           0.010465           1.681636           0.003632           1.422144
        5.864661           0.010603           1.685594           0.003657           1.423514
        5.902255           0.010744           1.689604           0.003683           1.424893
        5.939849           0.010888           1.693667           0.003709           1.426282
        5.977444           0.011035           1.697785           0.003736           1.427682
        6.015037           0.011186           1.701959           0.003763           1.429091
        6.052631           0.011339           1.706190           0.003790           1.430510
        6.090225           0.011496           1.710479           0.003817           1.431940
        6.127820           0.011657           1.714828           0.003845           1.433379
        6.165413           0.011821           1.719238           0.003873           1.434830
        6.203007           0.011989           1.723710           0.003901           1.436291
        6.240601           0.012161           1.728246           0.003930           1.437762
        6.278195           0.012337           1.732847           0.003959           1.439245
        6.315789           0.012517           1.737516           0.003988           1.440739
        6.353383           0.012701           1.742252           0.004018           1.442243
        6.390977           0.012890           1.747058           0.004048           1.443759
        6.428571           0.013083           1.751936           0.004079           1.445287
        6.466165           0.013281           1.756888           0.004110           1.446826
        6.503759           0.013484           1.761914           0.004141           1.448376
        6.541353           0.013692           1.767018           0.004173           1.449939
        6.578947           0.013905           1.772200           0.004205           1.451513
        6.616541           0.014123           1.777464           0.004237           1.453099
        6.654135           0.014347           1.782810           0.004270           1.454698
        6.691729           0.014577           1.788242           0.004303           1.456309
        6.729323           0.014813           1.793761           0.004337           1.457932
        6.766917           0.015055           1.799369           0.004371           1.459569
        6.804511           0.015303           1.805069           0.004405           1.461218
        6.842104           0.015558           1.810864           0.004440           1.462880
        6.879699           0.015820           1.816756           0.004476           1.464556
        6.917293           0.016089           1.822748           0.004511           1.466244
        6.954887           0.016366           1.828841           0.004548           1.467947
        6.992481           0.016650           1.835040           0.004585           1.469663
        7.030074           0.016943           1.841347           0.004622           1.471393
        7.067669           0.017243           1.847765           0.004660           1.473137
        7.105263           0.017553           1.854297           0.004698           1.474896
        7.142857           0.017871           1.860947           0.004737           1.476668
        7.180451           0.018199           1.867718           0.004776           1.478456
        7.218045           0.018536           1.874614           0.004816           1.480259
        7.255639           0.018884           1.881639           0.004856           1.482077
        7.293232           0.019243           1.888795           0.004897           1.483909
        7.330826           0.019612           1.896089           0.004939           1.485758
        7.368421           0.019993           1.903522           0.004981           1.487622
        7.406014           0.020386           1.911101           0.005023           1.489502
        7.443608           0.020792           1.918830           0.005067           1.491397
        7.481203           0.021211           1.926713           0.005110           1.493310
        7.518797           0.021644           1.934755           0.005155           1.495238
        7.556391           0.022091           1.942963           0.005200           1.497185
        7.593984           0.022553           1.951340           0.005246           1.499148
        7.631578           0.023031           1.959893           0.005292           1.501128
        7.669173           0.023525           1.968629           0.005339           1.503126
        7.706767           0.024037           1.977553           0.005387           1.505141
        7.744360           0.024566           1.986671           0.005436           1.507175
        7.781955           0.025115           1.995992           0.005485           1.509227
        7.819549           0.025684           2.005522           0.005535           1.511298
        7.857142           0.026274           2.015269           0.005585           1.513388
        7.894736           0.026886           2.025240           0.005637           1.515496
        7.932330           0.027521           2.035445           0.005689           1.517624
        7.969924           0.028180           2.045892           0.005742           1.519772
        8.007519           0.028866           2.056591           0.005796           1.521940
        8.045113           0.029578           2.067550           0.005851           1.524129
        8.082706           0.030320           2.078782           0.005906           1.526338
        8.120299           0.031091           2.090297           0.005962           1.528567
        8.157894           0.031895           2.102107           0.006020           1.530819
        8.195488           0.032733           2.114223           0.006078           1.533092
        8.233082           0.033606           2.126658           0.006137           1.535388
        8.270677           0.034517           2.139427           0.006197           1.537705
        8.308270           0.035469           2.152545           0.006258           1.540045
        8.345864           0.036464           2.166025           0.006320           1.542408
        8.383458           0.037504           2.179886           0.006383           1.544795
        8.421052           0.038592           2.194144           0.006447           1.547205
        8.458646           0.039732           2.208817           0.006512           1.549641
        8.496240           0.040927           2.223927           0.006578           1.552100
        8.533834           0.042181           2.239493           0.006646           1.554585
        8.571428           0.043497           2.255538           0.006714           1.557096
        8.609021           0.044880           2.272086           0.006784           1.559631
        8.646616           0.046335           2.289164           0.006855           1.562194
        8.684210           0.047867           2.306798           0.006927           1.564783
        8.721804           0.049482           2.325018           0.007000           1.567400
        8.759398           0.051185           2.343855           0.007075           1.570044
        8.796992           0.052984           2.363345           0.007150           1.572716
        8.834586           0.054885           2.383523           0.007228           1.575418
        8.872180           0.056899           2.404428           0.007306           1.578149
        8.909773           0.059032           2.426104           0.007387           1.580909
        8.947368           0.061296           2.448597           0.007468           1.583700
        8.984962           0.063702           2.471956           0.007551           1.586522
        9.022555           0.066261           2.496237           0.007636           1.589375
        9.060150           0.068987           2.521500           0.007722           1.592261
        9.097744           0.071897           2.547805           0.007810           1.595179
        9.135338           0.075006           2.575226           0.007900           1.598131
        9.172933           0.078334           2.603838           0.007991           1.601116
        9.210526           0.081903           2.633724           0.008084           1.604136
        9.248120           0.085736           2.664979           0.008179           1.607191
        9.285713           0.089861           2.697702           0.008275           1.610282
        9.323307           0.094309           2.732007           0.008374           1.613410
        9.360902           0.099116           2.768017           0.008475           1.616575
        9.398496           0.104320           2.805869           0.008577           1.619779
        9.436090           0.109969           2.845714           0.008682           1.623021
        9.473684           0.116116           2.887725           0.008789           1.626303
        9.511277           0.122820           2.932088           0.008898           1.629626
        9.548872           0.130154           2.979021           0.009010           1.632990
        9.586466           0.138200           3.028762           0.009124           1.636396
        9.624060           0.147053           3.081582           0.009240           1.639845
        9.661654           0.156828           3.137790           0.009359           1.643339
        9.699247           0.167658           3.197735           0.009480           1.646878
        9.736841           0.179703           3.261816           0.009604           1.650462
        9.774436           0.193152           3.330495           0.009731           1.654094
        9.812029           0.208236           3.404299           0.009861           1.657774
        9.849624           0.225232           3.483847           0.009993           1.661503
        9.887218           0.244480           3.569853           0.010129           1.665283
        9.924811           0.266398           3.663158           0.010268           1.669113
        9.962406           0.291509           3.764757           0.010410           1.672998
        9.999999           0.320461           3.875819           0.010555           1.676935
        10.03759           0.354087           3.997759           0.010704           1.680928
        10.07519           0.393445           4.132264           0.010857           1.684977
        10.11278           0.439917           4.281391           0.011013           1.689085
        10.15038           0.495321           4.447651           0.011173           1.693251
        10.18797           0.562083           4.634134           0.011337           1.697478
        10.22556           0.643509           4.844684           0.011506           1.701769
        10.26316           0.744180           5.084115           0.011678           1.706123
        10.30075           0.870563           5.358459           0.011855           1.710542
        10.33835           1.032045           5.675377           0.012037           1.715029
        10.37594           1.242542           6.044445           0.012224           1.719584
        10.41353           1.523335           6.477499           0.012416           1.724211
        10.45113           1.907951           6.988390           0.012612           1.728911
        10.48872           2.450855           7.590843           0.012815           1.733685
        10.52631           3.243116           8.290766           0.013023           1.738536
        10.56391           4.438914           9.061156           0.013237           1.743467
        10.60150           6.289406           9.766720           0.013457           1.748479
        10.63910           9.121064           9.961789           0.013684           1.753574
        10.67669           12.93382           8.539987           0.013917           1.758757
        10.71428           16.09837           4.158721           0.014157           1.764026
        10.75188           15.60593          -1.755923           0.014405           1.769389
        10.78947           12.02192          -5.422319           0.014661           1.774845
        10.82707           8.378845          -6.334369           0.014924           1.780398
        10.86466           5.799663          -5.951248           0.015196           1.786052
        10.90225           4.129556          -5.203944           0.015477           1.791809
        10.93985           3.046947          -4.438961           0.015767           1.797674
        10.97744           2.325274          -3.755172           0.016066           1.803648
        11.01504           1.827810          -3.168021           0.016376           1.809737
        11.05263           1.473774          -2.668484           0.016697           1.815943
        11.09022           1.214595          -2.242392           0.017029           1.822271
        11.12782           1.020159          -1.876192           0.017373           1.828727
        11.16541           0.871254          -1.558518           0.017730           1.835314
        11.20301           0.755221          -1.280171           0.018100           1.842036
        11.24060           0.663511          -1.033807           0.018485           1.848899
        11.27819           0.590210          -0.813583           0.018884           1.855910
        11.31579           0.531138          -0.614795           0.019299           1.863073
        11.35338           0.483293          -0.433630           0.019731           1.870391
        11.39098           0.444501          -0.266968           0.020181           1.877877
        11.42857           0.413168          -0.112179           0.020650           1.885535
        11.46616           0.388139           0.032948           0.021140           1.893370
        11.50376           0.368590           0.170344           0.021651           1.901393
        11.54135           0.353962           0.301731           0.022186           1.909611
        11.57895           0.343929           0.428685           0.022746           1.918033
        11.61654           0.338379           0.552700           0.023333           1.926668
        11.65413           0.337424           0.675257           0.023949           1.935528
        11.69173           0.341431           0.797866           0.024596           1.944624
        11.72932           0.351093           0.922155           0.025277           1.953967
        11.76692           0.367544           1.049911           0.025995           1.963567
        11.80451           0.392562           1.183196           0.026753           1.973444
        11.84210           0.428913           1.324404           0.027555           1.983610
        11.87970           0.480938           1.476316           0.028404           1.994082
        11.91729           0.555604           1.642037           0.029307           2.004879
        11.95489           0.664365           1.824426           0.030267           2.016021
        11.99248           0.826481           2.024166           0.031291           2.027530
        12.03007           1.074507           2.233659           0.032387           2.039429
        12.06767           1.459923           2.418830           0.033563           2.051749
        12.10526           2.040043           2.473251           0.034828           2.064515
        12.14286           2.766568           2.160167           0.036194           2.077765
        12.18045           3.231458           1.299534           0.037676           2.091536
        12.21804           2.963809           0.346989           0.039289           2.105871
        12.25564           2.284420          -0.088828           0.041054           2.120822
        12.29323           1.697396          -0.075581           0.042997           2.136442
        12.33083           1.323543           0.126310           0.045148           2.152797
        12.36842           1.122954           0.381593           0.047547           2.169966
        12.40601           1.053049           0.642005           0.050244           2.188038
        12.44361           1.098580           0.885917           0.053307           2.207119
        12.48120           1.267037           1.079211           0.056823           2.227334
        12.51880           1.555133           1.137412           0.060914           2.248838
        12.55639           1.842369           0.940925           0.065751           2.271813
        12.59398           1.864635           0.565744           0.071580           2.296480
        12.63158           1.606580           0.342189           0.078771           2.323105
        12.66917           1.336511           0.371941           0.087894           2.351971
        12.70677           1.197340           0.528953           0.099866           2.383345
        12.74436           1.197134           0.697773           0.116176           2.417250
        12.78195           1.299818           0.801317           0.139165           2.452866
        12.81955           1.432086           0.791614           0.171744           2.486904
        12.85714           1.499276           0.693948           0.213897           2.511372
        12.89474           1.466343           0.602416           0.254031           2.518991
        12.93233           1.403506           0.603375           0.277497           2.522088
        12.96992           1.426766           0.657307           0.293354           2.537930
        13.00752           1.540170           0.634822           0.315569           2.566242
        13.04511           1.610711           0.475545           0.356142           2.601157
        13.08271           1.527319           0.299862           0.422696           2.620772
        13.12030           1.372600           0.237629           0.490505           2.598784
        13.15789           1.255535           0.263372           0.515312           2.556076
        13.19549           1.201769           0.312908           0.510805           2.545268
        13.23308           1.194520           0.335829           0.526520           2.560993
        13.27067           1.181430           0.313279           0.564952           2.561636
        13.30827           1.125916           0.291682           0.593723           2.537896
        13.34586           1.064763           0.311077           0.595339           2.508287
        13.38346           1.036437           0.350490           0.569437           2.498969
        13.42105           1.039463           0.377904           0.543236           2.527704
        13.45864           1.060132           0.377038           0.540504           2.578057
        13.49624           1.071103           0.334451           0.559461           2.638233
        13.53383           1.041430           0.277163           0.612634           2.706042
        13.57143           0.983286           0.228120           0.712845           2.750080
        13.60902           0.894237           0.196971           0.831276           2.731076
        13.64662           0.794635           0.205730           0.910155           2.651619
        13.68421           0.705893           0.242009           0.914755           2.568775
        13.72180           0.629572           0.301113           0.888827           2.544981
        13.75940           0.578068           0.378187           0.902157           2.551401
        13.79699           0.555389           0.456445           0.935569           2.522551
        13.83459           0.553653           0.523100           0.930790           2.473948
        13.87218           0.560372           0.573199           0.898459           2.451867
        13.90977           0.563147           0.614058           0.867587           2.453624
        13.94737           0.568287           0.657663           0.838762           2.467967
        13.98496           0.584398           0.692017           0.810054           2.495513
        14.02256           0.590196           0.709539           0.777913           2.542720
        14.06015           0.576559           0.738341           0.757784           2.628268
        14.09774           0.569872           0.791277           0.785049           2.739556
        14.13534           0.587092           0.852251           0.864040           2.838867
        14.17293           0.626527           0.906197           0.974191           2.909895
        14.21053           0.682998           0.943393           1.109414           2.950736
        14.24812           0.748358           0.957979           1.262761           2.939913
        14.28571           0.811684           0.939269           1.386555           2.868618
        14.32331           0.836142           0.897252           1.461034           2.795264
        14.36090           0.828333           0.885429           1.541245           2.724459
        14.39849           0.843181           0.902860           1.603631           2.599479
        14.43609           0.888363           0.898498           1.569878           2.456606
        14.47368           0.912496           0.855149           1.460919           2.400651
        14.51128           0.889419           0.826083           1.380926           2.443274
        14.54887           0.867772           0.847633           1.371030           2.519161
        14.58646           0.894044           0.884947           1.420610           2.578209
        14.62406           0.954492           0.888597           1.496303           2.587379
        14.66165           1.010624           0.847497           1.542872           2.549611
        14.69925           1.028201           0.777278           1.535923           2.517859
        14.73684           0.997955           0.724470           1.502514           2.530859
        14.77444           0.962094           0.719047           1.473890           2.598126
        14.81203           0.965350           0.733693           1.481514           2.721273
        14.84962           0.996439           0.717163           1.566263           2.882789
        14.88722           1.008560           0.667138           1.753832           3.033108
        14.92481           0.984775           0.616261           2.031838           3.112362
        14.96240           0.944130           0.597425           2.352996           3.086157
        15.00000           0.928742           0.597166           2.683093           2.947544
        15.03759           0.925636           0.572596           2.976413           2.673333
        15.07519           0.893958           0.537648           3.139580           2.279620
        15.11278           0.847541           0.529499           3.118212           1.885374
        15.15037           0.816458           0.538257           2.987017           1.584785
        15.18797           0.796907           0.543106           2.827637           1.369015
        15.22556           0.778189           0.543546           2.641811           1.191906
        15.26316           0.756153           0.540697           2.406184           1.100757
        15.30075           0.726031           0.542065           2.211506           1.124943
        15.33835           0.693865           0.554950           2.108720           1.179315
        15.37594           0.667610           0.580829           2.046599           1.204835
        15.41353           0.658022           0.614931           1.981796           1.229571
        15.45113           0.667040           0.642437           1.939906           1.278634
        15.48872           0.686359           0.656375           1.948672           1.328651
        15.52632           0.711729           0.651188           2.010100           1.324910
        15.56391           0.728328           0.618289           2.030666           1.217103
        15.60150           0.708313           0.566648           1.913323           1.127557
        15.63910           0.641837           0.539634           1.773599           1.174109
        15.67669           0.571430           0.566737           1.716956           1.288315
        15.71428           0.536333           0.624496           1.733423           1.410514
        15.75188           0.537279           0.678622           1.829966           1.516089
        15.78947           0.554831           0.713990           1.986650           1.544789
        15.82707           0.574623           0.738445           2.132363           1.492700
        15.86466           0.604453           0.758236           2.259603           1.400655
        15.90226           0.652023           0.759099           2.376249           1.245687
        15.93985           0.702333           0.711656           2.415814           1.012683
        15.97744           0.692256           0.618658           2.318435           0.785381
        16.01504           0.605139           0.564646           2.132879           0.669647
        16.05263           0.514467           0.582239           1.979610           0.684121
        16.09023           0.457262           0.632743           1.934277           0.738108
        16.12782           0.426388           0.690862           1.965561           0.730301
        16.16541           0.416547           0.753025           1.975256           0.640935
        16.20301           0.432661           0.812364           1.934288           0.540627
        16.24060           0.472132           0.851249           1.870260           0.421636
        16.27819           0.514536           0.857064           1.716399           0.288767
        16.31579           0.533026           0.840324           1.474384           0.251663
        16.35338           0.523675           0.833653           1.247484           0.342680
        16.39098           0.515758           0.850784           1.095796           0.513253
        16.42857           0.526146           0.870835           1.032806           0.717688
        16.46616           0.542518           0.878527           1.062348           0.921996
        16.50376           0.554030           0.879652           1.184313           1.085479
        16.54135           0.562316           0.878657           1.374457           1.156590
        16.57895           0.564366           0.877900           1.563263           1.096260
        16.61654           0.569288           0.885342           1.647717           0.938989
        16.65413           0.585180           0.883161           1.597212           0.809876
        16.69173           0.585563           0.866612           1.509461           0.797957
        16.72932           0.571404           0.868252           1.503733           0.861290
        16.76692           0.577259           0.882617           1.600899           0.883300
        16.80451           0.598661           0.873234           1.713982           0.782584
        16.84210           0.595076           0.837905           1.716957           0.603896
        16.87970           0.554272           0.818255           1.615387           0.477056
        16.91729           0.508720           0.836138           1.494635           0.423405
        16.95489           0.484839           0.878835           1.383981           0.421964
        16.99248           0.491588           0.924897           1.308152           0.453318
        17.03008           0.521752           0.951724           1.262124           0.483962
        17.06767           0.551588           0.950710           1.228504           0.513677
        17.10526           0.565339           0.936300           1.214253           0.546025
        17.14285           0.563547           0.918909           1.229433           0.560467
        17.18045           0.544475           0.908442           1.243464           0.522530
        17.21804           0.518638           0.918232           1.192077           0.461851
        17.25564           0.507032           0.944952           1.094436           0.462418
        17.29323           0.514300           0.965117           1.030654           0.522323
        17.33083           0.517863           0.969466           1.018251           0.587110
        17.36842           0.507829           0.978723           1.036396           0.628820
        17.40601           0.502112           1.002153           1.062554           0.642672
        17.44361           0.510275           1.025445           1.087536           0.633205
        17.48120           0.522372           1.038921           1.092339           0.590435
        17.51880           0.528448           1.048329           1.037430           0.553587
        17.55639           0.534026           1.065533           0.966332           0.585293
        17.59398           0.553844           1.080709           0.951307           0.660392
        17.63158           0.574227           1.074845           0.998406           0.711292
        17.66917           0.569625           1.061803           1.058824           0.707515
        17.70677           0.550761           1.073539           1.100649           0.672958
        17.74436           0.553064           1.105425           1.131372           0.614109
        17.78195           0.581203           1.120722           1.121062           0.522702
        17.81955           0.597365           1.103495           1.045502           0.448102
        17.85714           0.575787           1.090822           0.942254           0.435091
        17.89474           0.546487           1.112930           0.866867           0.477937
        17.93233           0.537483           1.153648           0.843059           0.527213
        17.96992           0.546311           1.192854           0.837154           0.545153
        18.00752           0.562953           1.225288           0.811592           0.554317
        18.04511           0.579648           1.254571           0.786566           0.585741
        18.08271           0.598731           1.289691           0.789012           0.620320
        18.12030           0.631111           1.330812           0.804869           0.630763
        18.15789           0.686558           1.366900           0.806398           0.623173
        18.19549           0.760089           1.374937           0.792261           0.624846
        18.23308           0.822057           1.348740           0.792314           0.642724
        18.27068           0.859747           1.310431           0.820762           0.641356
        18.30827           0.877218           1.265979           0.839933           0.591322
        18.34586           0.862653           1.225682           0.799985           0.523824
        18.38346           0.825758           1.215573           0.715539           0.499230
        18.42105           0.788263           1.240479           0.637197           0.525330
        18.45864           0.769145           1.299999           0.589085           0.574440
        18.49624           0.790201           1.375432           0.562753           0.622504
        18.53383           0.844840           1.437123           0.547135           0.673865
        18.57143           0.909606           1.483486           0.555005           0.728758
        18.60902           0.986749           1.530595           0.590148           0.765772
        18.64661           1.091957           1.572729           0.631620           0.765773
        18.68421           1.232317           1.592310           0.647755           0.742401
        18.72180           1.394746           1.561458           0.647240           0.725612
        18.75940           1.547440           1.484291           0.649298           0.702521
        18.79699           1.694778           1.374968           0.627551           0.659784
        18.83459           1.839725           1.217049           0.564111           0.636622
        18.87218           1.968163           0.982746           0.497463           0.661353
        18.90977           2.002899           0.644913           0.463761           0.712336
        18.94737           1.851700           0.296230           0.465405           0.754159
        18.98496           1.550635           0.074124           0.475496           0.764104
        19.02256           1.223925           0.031119           0.461141           0.759070
        19.06015           0.972037           0.112249           0.431957           0.770151
        19.09774           0.813378           0.236090           0.409391           0.793661
        19.13534           0.717405           0.357171           0.394521           0.818027
        19.17293           0.656352           0.474753           0.381462           0.841035
        19.21053           0.633291           0.593946           0.371296           0.867992
        19.24812           0.653253           0.698044           0.373067           0.892716
        19.28571           0.702329           0.769792           0.378676           0.900180
        19.32331           0.764553           0.806531           0.368102           0.893987
        19.36090           0.829231           0.804970           0.336361           0.894248
        19.39849           0.876905           0.760900           0.296429           0.912184
        19.43609           0.874676           0.689044           0.259122           0.946183
        19.47368           0.816812           0.641658           0.230799           0.991626
        19.51128           0.751492           0.642021           0.213925           1.041819
        19.54887           0.706081           0.661445           0.206408           1.091559
        19.58647           0.666552           0.679695           0.205262           1.139038
        19.62406           0.623334           0.709037           0.208546           1.183643
        19.66165           0.591365           0.753908           0.213606           1.224884
        19.69925           0.579002           0.800443           0.217820           1.265777
        19.73684           0.578263           0.832624           0.223538           1.309734
        19.77444           0.567157           0.849656           0.234584           1.355705
        19.81203           0.537294           0.876091           0.251274           1.399415
        19.84962           0.509584           0.923156           0.269286           1.439243
        19.88722           0.493648           0.980236           0.284812           1.479098
        19.92481           0.489352           1.042693           0.300906           1.526601
        19.96240           0.499009           1.106639           0.328719           1.581084
        20.00000           0.520899           1.165496           0.372416           1.631665
# 
# 07/18/2026 at 23:07 yambo @ compute-9-01 [start]
# 07/19/2026 at 03:50                      [end]
#  
# Timing   [Min/Max/Average]: 04h-42m/04h-42m/04h-42m
#
# .-Input file  BSE.in
# | optics                           # [R] Linear Response optical properties
# | dipoles                          # [R] Oscillator strenghts (or dipoles)
# | bss                              # [R] BSE solver
# | bse                              # [R][BSE] Bethe Salpeter Equation.
# | em1d                             # [R][X] Dynamically Screened Interaction
# | ppa                              # [R][Xp] Plasmon Pole Approximation for the Screened Interaction
# | BoseTemp= 0.000000         eV    # Bosonic Temperature
# | FFTGvecs= 1639             RL    # [FFT] Plane-waves
# | DIP_CPU= "2.6.2"                 # [PARALLEL] CPUs for each role
# | DIP_ROLEs= "v.c.k"               # [PARALLEL] CPUs roles (k,c,v)
# | DIP_Threads= 2                   # [OPENMP/X] Number of threads for dipoles
# | X_and_IO_CPU= "2.2.2.3"          # [PARALLEL] CPUs for each role
# | X_and_IO_ROLEs= "c.v.k.q"        # [PARALLEL] CPUs roles (q,g,k,c,v)
# | X_and_IO_nCPU_LinAlg_INV=  4     # [PARALLEL] CPUs for Linear Algebra (if -1 it is automatically set)
# | X_Threads= 2                     # [OPENMP/X] Number of threads for response functions
# | BS_CPU= "4.6"                    # [PARALLEL] CPUs for each role
# | BS_ROLEs= "eh.k"                 # [PARALLEL] CPUs roles (k,eh,t)
# | BS_nCPU_LinAlg_INV=  4           # [PARALLEL] CPUs for Linear Algebra (if -1 it is automatically set)
# | BS_nCPU_LinAlg_DIAGO=  4         # [PARALLEL] CPUs for Linear Algebra (if -1 it is automatically set)
# | K_Threads= 2                     # [OPENMP/BSK] Number of threads for response functions
# | Chimod= "HARTREE"                # [X] IP/Hartree/ALDA/LRC/PF/BSfxc
# | BSKmod= "SEX"                    # [BSE] IP/Hartree/HF/ALDA/SEX/BSfxc
# | BSEmod= "resonant"               # [BSE] resonant/retarded/coupling
# | Lkind= "bar"                     # [BSE,X] bar(default)/full/tilde
# | BSEdiskIO= "medium"              # [BSE] high(restart always) |medium(restart only corr.) |low(writes at the end)|none
# | BSSmod= "d"                      # [BSS] (h)aydock/(d)iago/(o)ld-diago/(s)lepc/(i)nversion/(c)hase
# | % DipBands
# |   3 |  8 |                           # [DIP] Bands range for dipoles
# | %
# | DipComputed= "R V P [G-space]"   # [DIP] [default R P V; extra P2 Spin Orb]
# | BSENGexx=  8950            mHa   # [BSK] Exchange components
# | BSENGBlk=  6298            mHa   # [BSK] Screened interaction block size [if -1 uses all the G-vectors of W_{G,Gp}]
# | #WehCpl                        # [BSK] eh interaction included also in coupling
# | KfnQPdb= "E < GW0/ndb.QP"        # [EXTQP BSK BSS] Database action
# | EXCTemp= 0.000000          eV    # Excitonic Temperature (for luminescence spectra and EXCPH)
# | % BSEQptR
# |  1 | 1 |                             # [BSK] Transferred momenta range
# | %
# | % BSEBands
# |   3 |  8 |                           # [BSK] Bands range
# | %
# | #NoDiagSC                      # New setup for non-diagonal supercells
# | % BEnRange
# |   5.00000 | 20.00000 |         eV    # [BSS] Energy range
# | %
# | BDmType= "Lorentzian"            # [BSS] Damping type (Lorentzian | Gaussian)
# | % BDmRange
# |  0.100000 | 0.100000 |         eV    # [BSS] Damping range
# | %
# | BEnSteps=  400                   # [BSS] Energy steps
# | % BLongDir
# |  0.577350 | 0.577350 | 0.577350 |        # [BSS] [cc] Electric Field versor
# | %
# | BSEprop= " abs"                  # [BSS] Can be any among abs/jdos/kerr/asymm/anHAll/magn/dich/photolum/esrt/MEspin/MEorb
# | BSEdips= "none"                  # [BSS] Can be "trace/none" or "xy/xz/yz" to define off-diagonal rotation plane
# | #WRbsWF                        # [BSS] Write to disk excitonic the WFs
# | BSSldiaLib= "s"                  # [BSS] Library used with ldiago solver `(s)scalapack/(e1)elpa1/(e2)elpa2`
# | BSSNEig=0                        # [SLEPC/DIAGO] Number of eigenvalues to compute
# | % BndsRnXp
# |   1 | 30 |                           # [Xp] Polarization function bands
# | %
# | NGsBlkXp=  6298            mHa   # [Xp] Response block size
# | % LongDrXp
# |  0.100000E-4 |  0.00000    |  0.00000    # [Xp] [cc] Electric Field
# | %
# | PPAPntXp= 27.21138         eV    # [Xp] PPA imaginary energy
