#                                                                     
# $$\                                                                 
# $$ |                                                                
# $$ |     $$\   $$\ $$$$$$\$$$$\   $$$$$$\  $$$$$$$\                 
# $$ |     $$ |  $$ |$$  _$$  _$$\ $$  __$$\ $$  __$$\                
# $$ |     $$ |  $$ |$$ / $$ / $$ |$$$$$$$$ |$$ |  $$ |               
# $$ |     $$ |  $$ |$$ | $$ | $$ |$$   ____|$$ |  $$ |               
# $$$$$$$$\\$$$$$$  |$$ | $$ | $$ |\$$$$$$$\ $$ |  $$ |               
# \________|\______/ \__| \__| \__| \_______|\__|  \__|               
#                                                                     
#                   Fork Lumen 2.1.0                                  
#                   Branch is nlresp                                  
#        MPI+OpenMP+SLK+SLEPC+HDF5_MPI_IO Build                       
#               http://www.lumen-code.org                             
#
# Absorption @ Q(1):  0.577350259     0.577350259     0.577350259    [q->0 direction]
#
# [GEN] GF Energies                               : Perdew, Burke & Ernzerhof(X)+Perdew, Burke & Ernzerhof(C)
# [GEN] Green`s Function                          : Resonant
#
# [GEN] Gauge                                     : Length
# [GEN] [r,Vnl] included                          : yes
#
# DIP band range                                  :   3   8
# DIP band range limits                           :   5   6
# DIP e/h energy range                            :  -1.00000000     -1.00000000    [eV]
# RL vectors in the sum                           :  1639
# [r,Vnl] included                                : yes
# Bands ordered                                   : yes
# Direct v evaluation                             : no
# Approach used                                   : G-space v
# Dipoles computed                                : R V P [G-space]
# Wavefunctions                                   : Perdew, Burke & Ernzerhof(X)+Perdew, Burke & Ernzerhof(C)
#
#
# [K] Identifier                                  :   5858
# [K] Dimension                                   :  2304
# [K] Bands                                       :   3   8
# [K] Exchange res                                : yes
# [K] Correlation res                             : yes
# [K] Kernel`s coupling                           : no
# [K] Exchange cpl                                : no
# [K] Correlation cpl                             : no
# [K] W interaction is bare                       : no
# [K] ALDA kernel in R-space                      : no
# [K] RL vectors exchange                         :  169
# [K] RL vectors correlation                      :   89
# [K] E/h energy range                            :  -1.00000000     -1.00000000    [eV]
# [K] Coupling range                              :   100.000000      100.000000    [o/o]
# [W] Interaction is diagonal                     : no
# [W] Matrix size                                 :   89
# [W] Bands                                       :   1  30
# [W] e/h energy range                            :  -1.00000000     -1.00000000    [eV]
# [W] Poles                                       :   100.000000    [o/o]
# [W] RL vectors in the sum                       :  1639
# [W] [r,Vnl] included                            : yes
# [W] Field direction                             :  0.999999975E-5   0.00000000      0.00000000   
# [W] Coulomb Cutoff                              : none
# [W] Hxc Kernel                                  : HARTREE
# [RIM] RL components col                         : 0
# [RIM] Random points col                         : 0
# [SOC] Perturbative SOC                          : no
# [X] Response Kind                               : bar
#
# Diamagnetic term                                
# Ao                                              :  -8.69183731    [nel]
# A                                               :  -8.95817566    [nel]
#
#    E[1] [eV]          Im(eps)            Re(eps)            Im(eps_o)          Re(eps_o)
#
        5.000000           0.007840           1.601822           0.003158           1.396655
        5.037593           0.007927           1.604784           0.003178           1.397845
        5.075188           0.008014           1.607779           0.003199           1.399044
        5.112782           0.008104           1.610807           0.003219           1.400250
        5.150376           0.008194           1.613870           0.003240           1.401464
        5.187970           0.008287           1.616966           0.003262           1.402686
        5.225564           0.008381           1.620098           0.003283           1.403916
        5.263157           0.008477           1.623265           0.003305           1.405154
        5.300752           0.008575           1.626468           0.003327           1.406401
        5.338346           0.008674           1.629709           0.003349           1.407655
        5.375940           0.008776           1.632987           0.003371           1.408918
        5.413534           0.008879           1.636304           0.003394           1.410190
        5.451128           0.008984           1.639660           0.003417           1.411470
        5.488721           0.009092           1.643056           0.003440           1.412758
        5.526316           0.009201           1.646493           0.003463           1.414056
        5.563910           0.009313           1.649971           0.003487           1.415362
        5.601503           0.009426           1.653491           0.003511           1.416677
        5.639097           0.009542           1.657055           0.003535           1.418001
        5.676692           0.009660           1.660662           0.003559           1.419334
        5.714285           0.009781           1.664314           0.003584           1.420677
        5.751880           0.009904           1.668012           0.003609           1.422028
        5.789474           0.010030           1.671757           0.003634           1.423390
        5.827067           0.010158           1.675549           0.003660           1.424760
        5.864661           0.010288           1.679389           0.003685           1.426141
        5.902255           0.010422           1.683280           0.003712           1.427531
        5.939849           0.010558           1.687221           0.003738           1.428931
        5.977444           0.010697           1.691214           0.003765           1.430341
        6.015037           0.010839           1.695259           0.003792           1.431761
        6.052631           0.010985           1.699358           0.003819           1.433191
        6.090225           0.011133           1.703513           0.003847           1.434632
        6.127820           0.011285           1.707724           0.003874           1.436083
        6.165413           0.011439           1.711992           0.003903           1.437544
        6.203007           0.011598           1.716319           0.003931           1.439017
        6.240601           0.011760           1.720706           0.003960           1.440500
        6.278195           0.011925           1.725155           0.003990           1.441994
        6.315789           0.012095           1.729666           0.004019           1.443499
        6.353383           0.012268           1.734242           0.004049           1.445015
        6.390977           0.012445           1.738884           0.004080           1.446543
        6.428571           0.012627           1.743593           0.004110           1.448082
        6.466165           0.012813           1.748371           0.004141           1.449633
        6.503759           0.013003           1.753219           0.004173           1.451195
        6.541353           0.013198           1.758140           0.004205           1.452769
        6.578947           0.013397           1.763134           0.004237           1.454356
        6.616541           0.013601           1.768205           0.004270           1.455954
        6.654135           0.013811           1.773352           0.004303           1.457565
        6.691729           0.014026           1.778580           0.004336           1.459189
        6.729323           0.014246           1.783889           0.004370           1.460825
        6.766917           0.014472           1.789282           0.004404           1.462474
        6.804511           0.014703           1.794760           0.004439           1.464136
        6.842104           0.014941           1.800327           0.004474           1.465811
        6.879699           0.015185           1.805984           0.004510           1.467499
        6.917293           0.015435           1.811733           0.004546           1.469201
        6.954887           0.015692           1.817578           0.004583           1.470916
        6.992481           0.015956           1.823520           0.004620           1.472646
        7.030074           0.016227           1.829563           0.004657           1.474389
        7.067669           0.016506           1.835709           0.004695           1.476146
        7.105263           0.016792           1.841960           0.004734           1.477918
        7.142857           0.017087           1.848321           0.004773           1.479705
        7.180451           0.017390           1.854794           0.004812           1.481506
        7.218045           0.017702           1.861382           0.004853           1.483322
        7.255639           0.018023           1.868088           0.004893           1.485154
        7.293232           0.018353           1.874917           0.004935           1.487001
        7.330826           0.018693           1.881872           0.004976           1.488863
        7.368421           0.019044           1.888955           0.005019           1.490741
        7.406014           0.019405           1.896173           0.005062           1.492635
        7.443608           0.019777           1.903527           0.005105           1.494546
        7.481203           0.020161           1.911024           0.005149           1.496473
        7.518797           0.020557           1.918666           0.005194           1.498417
        7.556391           0.020966           1.926459           0.005240           1.500377
        7.593984           0.021388           1.934408           0.005286           1.502355
        7.631578           0.021824           1.942518           0.005332           1.504350
        7.669173           0.022275           1.950794           0.005380           1.506363
        7.706767           0.022740           1.959241           0.005428           1.508394
        7.744360           0.023222           1.967865           0.005477           1.510443
        7.781955           0.023720           1.976674           0.005526           1.512511
        7.819549           0.024236           1.985671           0.005577           1.514597
        7.857142           0.024769           1.994865           0.005628           1.516702
        7.894736           0.025322           2.004263           0.005679           1.518827
        7.932330           0.025896           2.013871           0.005732           1.520971
        7.969924           0.026490           2.023699           0.005785           1.523135
        8.007519           0.027106           2.033752           0.005839           1.525320
        8.045113           0.027746           2.044041           0.005895           1.527525
        8.082706           0.028411           2.054573           0.005950           1.529750
        8.120299           0.029102           2.065359           0.006007           1.531997
        8.157894           0.029820           2.076409           0.006065           1.534266
        8.195488           0.030567           2.087733           0.006123           1.536556
        8.233082           0.031344           2.099341           0.006183           1.538868
        8.270677           0.032154           2.111246           0.006243           1.541203
        8.308270           0.032998           2.123461           0.006305           1.543561
        8.345864           0.033878           2.135997           0.006367           1.545942
        8.383458           0.034797           2.148870           0.006430           1.548346
        8.421052           0.035756           2.162093           0.006495           1.550775
        8.458646           0.036758           2.175683           0.006561           1.553228
        8.496240           0.037806           2.189655           0.006627           1.555706
        8.533834           0.038903           2.204028           0.006695           1.558209
        8.571428           0.040052           2.218820           0.006764           1.560738
        8.609021           0.041257           2.234051           0.006834           1.563293
        8.646616           0.042520           2.249742           0.006905           1.565874
        8.684210           0.043847           2.265916           0.006978           1.568482
        8.721804           0.045241           2.282598           0.007052           1.571118
        8.759398           0.046707           2.299812           0.007127           1.573782
        8.796992           0.048252           2.317588           0.007203           1.576474
        8.834586           0.049879           2.335954           0.007281           1.579196
        8.872180           0.051596           2.354943           0.007360           1.581947
        8.909773           0.053410           2.374588           0.007441           1.584727
        8.947368           0.055327           2.394928           0.007523           1.587539
        8.984962           0.057357           2.416002           0.007606           1.590381
        9.022555           0.059508           2.437852           0.007692           1.593255
        9.060150           0.061791           2.460527           0.007778           1.596162
        9.097744           0.064217           2.484076           0.007867           1.599101
        9.135338           0.066798           2.508553           0.007957           1.602074
        9.172933           0.069548           2.534019           0.008049           1.605081
        9.210526           0.072483           2.560539           0.008142           1.608122
        9.248120           0.075620           2.588183           0.008238           1.611200
        9.285713           0.078978           2.617029           0.008335           1.614313
        9.323307           0.082579           2.647162           0.008434           1.617464
        9.360902           0.086447           2.678675           0.008536           1.620652
        9.398496           0.090611           2.711670           0.008639           1.623878
        9.436090           0.095101           2.746261           0.008744           1.627144
        9.473684           0.099954           2.782573           0.008852           1.630449
        9.511277           0.105210           2.820744           0.008962           1.633795
        9.548872           0.110915           2.860929           0.009074           1.637183
        9.586466           0.117124           2.903301           0.009188           1.640614
        9.624060           0.123899           2.948050           0.009305           1.644088
        9.661654           0.131311           2.995395           0.009425           1.647606
        9.699247           0.139444           3.045578           0.009547           1.651170
        9.736841           0.148396           3.098872           0.009672           1.654780
        9.774436           0.158282           3.155593           0.009799           1.658437
        9.812029           0.169239           3.216089           0.009930           1.662143
        9.849624           0.181430           3.280775           0.010063           1.665898
        9.887218           0.195047           3.350112           0.010199           1.669704
        9.924811           0.210325           3.424638           0.010339           1.673562
        9.962406           0.227547           3.504982           0.010482           1.677473
        9.999999           0.247061           3.591866           0.010628           1.681437
        10.03759           0.269294           3.686151           0.010778           1.685458
        10.07519           0.294779           3.788843           0.010931           1.689535
        10.11278           0.324184           3.901139           0.011088           1.693671
        10.15038           0.358358           4.024478           0.011250           1.697866
        10.18797           0.398390           4.160579           0.011415           1.702122
        10.22556           0.445700           4.311542           0.011584           1.706441
        10.26316           0.502157           4.479932           0.011757           1.710825
        10.30075           0.570263           4.668903           0.011936           1.715274
        10.33835           0.653435           4.882400           0.012118           1.719791
        10.37594           0.756405           5.125329           0.012306           1.724378
        10.41353           0.885890           5.403893           0.012499           1.729035
        10.45113           1.051639           5.725914           0.012697           1.733767
        10.48872           1.268159           6.101198           0.012900           1.738573
        10.52631           1.557694           6.541813           0.013109           1.743456
        10.56391           1.955401           7.061749           0.013324           1.748420
        10.60150           2.518550           7.674455           0.013546           1.753464
        10.63910           3.343179           8.384195           0.013773           1.758594
        10.67669           4.591654           9.157840           0.014008           1.763809
        10.71428           6.526121           9.841306           0.014249           1.769114
        10.75188           9.470374           9.939251           0.014498           1.774511
        10.78947           13.33510           8.269836           0.014755           1.780002
        10.82707           16.26007           3.594629           0.015019           1.785591
        10.86466           15.34760          -2.249271           0.015293           1.791281
        10.90225           11.63641          -5.602571           0.015575           1.797075
        10.93985           8.080405          -6.322452           0.015866           1.802976
        10.97744           5.603930          -5.873935           0.016167           1.808988
        11.01504           4.004014          -5.114803           0.016478           1.815114
        11.05263           2.964726          -4.354881           0.016800           1.821360
        11.09022           2.269665          -3.680010           0.017133           1.827727
        11.12782           1.788921          -3.101546           0.017479           1.834222
        11.16541           1.445748          -2.609471           0.017837           1.840848
        11.20301           1.193824          -2.189488           0.018208           1.847611
        11.24060           1.004370          -1.828250           0.018593           1.854515
        11.27819           0.858954          -1.514616           0.018994           1.861567
        11.31579           0.745401          -1.239583           0.019410           1.868770
        11.35338           0.655456          -0.995979           0.019843           1.876133
        11.39098           0.583398          -0.778110           0.020293           1.883660
        11.42857           0.525161          -0.581373           0.020763           1.891359
        11.46616           0.477824          -0.402068           0.021253           1.899238
        11.50376           0.439246          -0.237150           0.021764           1.907303
        11.54135           0.407851          -0.084081           0.022299           1.915564
        11.57895           0.382473           0.059267           0.022858           1.924028
        11.61654           0.362253           0.194739           0.023444           1.932707
        11.65413           0.346573           0.323953           0.024058           1.941608
        11.69173           0.335010           0.448358           0.024702           1.950744
        11.72932           0.327310           0.569313           0.025380           1.960126
        11.76692           0.323371           0.688096           0.026093           1.969768
        11.80451           0.323250           0.805980           0.026845           1.979681
        11.84210           0.327169           0.924270           0.027638           1.989882
        11.87970           0.335552           1.044339           0.028478           2.000386
        11.91729           0.349078           1.167716           0.029367           2.011212
        11.95489           0.368766           1.296119           0.030311           2.022377
        11.99248           0.396113           1.431553           0.031314           2.033902
        12.03007           0.433329           1.576432           0.032384           2.045812
        12.06767           0.483688           1.733664           0.033526           2.058130
        12.10526           0.552148           1.906785           0.034749           2.070884
        12.14286           0.646412           2.100044           0.036061           2.084107
        12.18045           0.778753           2.318156           0.037475           2.097831
        12.21804           0.969368           2.565319           0.039001           2.112095
        12.25564           1.252226           2.841485           0.040654           2.126943
        12.29323           1.684518           3.130884           0.042451           2.142421
        12.33083           2.355411           3.368398           0.044413           2.158587
        12.36842           3.355838           3.356886           0.046563           2.175498
        12.40601           4.563601           2.681384           0.048930           2.193231
        12.44361           5.230155           1.107068           0.051550           2.211865
        12.48120           4.660643          -0.492007           0.054464           2.231493
        12.51880           3.509578          -1.194890           0.057728           2.252228
        12.55639           2.562993          -1.202965           0.061405           2.274197
        12.59398           1.977079          -0.943171           0.065580           2.297553
        12.63158           1.683189          -0.636628           0.070359           2.322477
        12.66917           1.609841          -0.395878           0.075880           2.349186
        12.70677           1.669260          -0.326970           0.082323           2.377945
        12.74436           1.664200          -0.473933           0.089927           2.409075
        12.78195           1.436215          -0.640873           0.099020           2.442968
        12.81955           1.118164          -0.638300           0.110052           2.480119
        12.85714           0.860960          -0.510471           0.123659           2.521140
        12.89474           0.686436          -0.341319           0.140763           2.566796
        12.93233           0.572843          -0.169537           0.162730           2.618051
        12.96992           0.499984          -0.006353           0.191651           2.676074
        13.00752           0.455381           0.147221           0.230825           2.742229
        13.04511           0.432514           0.293318           0.285619           2.817835
        13.08271           0.429087           0.434793           0.365007           2.903353
        13.12030           0.446439           0.574200           0.484177           2.995791
        13.15789           0.490009           0.712481           0.667613           3.080881
        13.19549           0.570409           0.845670           0.945555           3.112565
        13.23308           0.701945           0.956244           1.309838           2.980806
        13.27067           0.884120           0.999891           1.587184           2.570219
        13.30827           1.051133           0.931754           1.507460           2.052072
        13.34586           1.109822           0.822538           1.167452           1.767924
        13.38346           1.127189           0.787786           0.843011           1.731584
        13.42105           1.225908           0.770852           0.620803           1.806752
        13.45864           1.374695           0.620841           0.482580           1.913799
        13.49624           1.370436           0.321299           0.399845           2.024280
        13.53383           1.140442           0.103213           0.354003           2.130628
        13.57143           0.869066           0.077387           0.335594           2.231937
        13.60902           0.669118           0.159220           0.341903           2.328215
        13.64662           0.538964           0.273580           0.375647           2.416298
        13.68421           0.455212           0.394466           0.442030           2.483174
        13.72180           0.404597           0.515130           0.533107           2.497885
        13.75940           0.379745           0.632081           0.592691           2.436312
        13.79699           0.375164           0.742976           0.555027           2.360422
        13.83459           0.384642           0.847021           0.462183           2.354743
        13.87218           0.403467           0.949725           0.382900           2.411523
        13.90977           0.437320           1.057094           0.333541           2.495774
        13.94737           0.493470           1.164123           0.307895           2.589609
        13.98496           0.567707           1.265619           0.298747           2.687525
        14.02256           0.660030           1.374600           0.301689           2.788970
        14.06015           0.802334           1.498496           0.314655           2.895129
        14.09774           1.037174           1.602699           0.337229           3.007910
        14.13534           1.376829           1.600353           0.370325           3.129624
        14.17293           1.725860           1.388145           0.416235           3.262976
        14.21053           1.913655           1.019289           0.479043           3.411130
        14.24812           1.939122           0.623939           0.565535           3.577609
        14.28571           1.785477           0.221201           0.686941           3.765852
        14.32331           1.438323          -0.030473           0.862080           3.977463
        14.36090           1.083301          -0.059274           1.122389           4.206464
        14.39849           0.824511           0.029409           1.516870           4.422632
        14.43609           0.650359           0.154528           2.098234           4.530995
        14.47368           0.533833           0.288793           2.823905           4.331517
        14.51128           0.459354           0.423576           3.379190           3.684947
        14.54887           0.416862           0.554927           3.402968           2.879685
        14.58646           0.399779           0.682520           2.993155           2.400768
        14.62406           0.405799           0.807778           2.578385           2.391286
        14.66165           0.437164           0.931404           2.440257           2.646588
        14.69925           0.500785           1.049845           2.645728           2.929213
        14.73684           0.605107           1.147756           3.166133           3.006060
        14.77444           0.740764           1.190939           3.793270           2.650384
        14.81203           0.846286           1.162977           4.179156           1.884532
        14.84962           0.872941           1.142285           4.109166           0.915028
        14.88722           0.893274           1.201230           3.469472           0.118715
        14.92481           0.988841           1.304659           2.609441          -0.141212
        14.96240           1.179490           1.391574           1.922191          -0.007154
        15.00000           1.476459           1.413013           1.469922           0.274695
        15.03759           1.884010           1.248562           1.191529           0.585671
        15.07519           2.199489           0.736652           1.030543           0.888413
        15.11278           2.067896           0.078574           0.954670           1.175830
        15.15037           1.600377          -0.281820           0.951783           1.448181
        15.18797           1.155918          -0.320138           1.025798           1.700704
        15.22556           0.850231          -0.215392           1.190306           1.907458
        15.26316           0.658782          -0.074787           1.436170           2.000124
        15.30075           0.540801           0.062091           1.648692           1.911630
        15.33835           0.467688           0.186760           1.667710           1.764281
        15.37594           0.427354           0.299567           1.583460           1.763022
        15.41353           0.413755           0.394689           1.577519           1.876678
        15.45113           0.411404           0.465319           1.667106           1.986501
        15.48872           0.401694           0.524072           1.802796           2.083378
        15.52632           0.391892           0.591310           2.049057           2.179208
        15.56391           0.399220           0.664498           2.463831           2.113304
        15.60150           0.429429           0.730427           2.829448           1.677024
        15.63910           0.477903           0.770029           2.749309           1.072807
        15.67669           0.511310           0.771968           2.339359           0.789471
        15.71428           0.499997           0.778219           2.018099           0.852597
        15.75188           0.480405           0.830952           1.948927           1.021608
        15.78947           0.496334           0.917528           2.102768           1.066478
        15.82707           0.566140           1.010333           2.266880           0.813220
        15.86466           0.700126           1.076092           2.112414           0.404113
        15.90226           0.886326           1.059948           1.690111           0.214379
        15.93985           1.049724           0.921854           1.291292           0.287859
        15.97744           1.104189           0.708578           1.017230           0.481744
        16.01504           1.027304           0.514947           0.848236           0.708359
        16.05263           0.889247           0.426406           0.751437           0.937507
        16.09023           0.791743           0.411030           0.705329           1.163256
        16.12782           0.734359           0.384859           0.699264           1.387950
        16.16541           0.650744           0.334563           0.730715           1.616595
        16.20301           0.524419           0.320049           0.804375           1.854821
        16.24060           0.405694           0.361795           0.933482           2.107220
        16.27819           0.320058           0.431328           1.143909           2.373738
        16.31579           0.263127           0.506646           1.480964           2.638591
        16.35338           0.225598           0.579571           2.012539           2.838939
        16.39098           0.200735           0.648305           2.786521           2.795740
        16.42857           0.184443           0.713183           3.618403           2.192791
        16.46616           0.174348           0.775127           3.876816           1.034707
        16.50376           0.169154           0.835161           3.301233           0.104649
        16.54135           0.168294           0.894238           2.515043          -0.161849
        16.57895           0.171766           0.953191           1.953466          -0.024622
        16.61654           0.180038           1.012639           1.660828           0.242939
        16.65413           0.194055           1.072980           1.583240           0.496900
        16.69173           0.215626           1.133980           1.642556           0.639332
        16.72932           0.246516           1.193171           1.697240           0.641199
        16.76692           0.284854           1.247417           1.666557           0.621118
        16.80451           0.328945           1.299364           1.626718           0.637886
        16.84210           0.386349           1.347484           1.574951           0.651965
        16.87970           0.454159           1.376147           1.485424           0.732510
        16.91729           0.510039           1.386907           1.460024           0.927829
        16.95489           0.553628           1.400749           1.594653           1.177051
        16.99248           0.592540           1.420121           1.944890           1.379465
        17.03008           0.628596           1.458102           2.531244           1.358277
        17.06767           0.690991           1.524979           3.169286           0.839919
        17.10526           0.814945           1.593412           3.312139          -0.150871
        17.14285           0.997589           1.607486           2.753457          -0.952007
        17.18045           1.188571           1.543351           2.007934          -1.205716
        17.21804           1.374818           1.416405           1.431491          -1.125597
        17.25564           1.534462           1.174322           1.049013          -0.934363
        17.29323           1.528275           0.842992           0.800447          -0.727778
        17.33083           1.352731           0.607296           0.635621          -0.535609
        17.36842           1.160008           0.497955           0.523245          -0.363876
        17.40601           0.973052           0.442384           0.444958          -0.211303
        17.44361           0.781794           0.457193           0.390096          -0.074814
        17.48120           0.634403           0.540808           0.352640           0.048680
        17.51880           0.551029           0.650493           0.329695           0.161535
        17.55639           0.521573           0.752129           0.320761           0.264575
        17.59398           0.522017           0.826500           0.326776           0.355208
        17.63158           0.526580           0.881546           0.345445           0.424539
        17.66917           0.543137           0.933020           0.359223           0.463667
        17.70677           0.582062           0.956109           0.343291           0.490965
        17.74436           0.598367           0.927841           0.308091           0.538458
        17.78195           0.548091           0.902269           0.279037           0.607253
        17.81955           0.473984           0.932861           0.264292           0.685721
        17.85714           0.420275           1.002732           0.263582           0.767520
        17.89474           0.390111           1.089088           0.277068           0.850365
        17.93233           0.380892           1.186476           0.307670           0.932028
        17.96992           0.395069           1.290711           0.360678           1.005785
        18.00752           0.433068           1.395772           0.437109           1.054421
        18.04511           0.493100           1.499246           0.514365           1.057452
        18.08271           0.580993           1.601237           0.554860           1.032063
        18.12030           0.705445           1.685409           0.566365           1.012203
        18.15789           0.844737           1.730845           0.556691           0.993140
        18.19549           0.972663           1.769332           0.511760           0.995214
        18.23308           1.145646           1.833383           0.459069           1.047651
        18.27068           1.433306           1.844918           0.432399           1.140049
        18.30827           1.775909           1.651232           0.441247           1.253583
        18.34586           1.924189           1.236249           0.488071           1.379511
        18.38346           1.759838           0.891827           0.581237           1.514007
        18.42105           1.514291           0.814035           0.740288           1.648765
        18.45864           1.402050           0.913104           0.997966           1.754503
        18.49624           1.486349           1.033800           1.382461           1.746225
        18.53383           1.747377           1.012351           1.818956           1.461497
        18.57143           2.007795           0.684798           1.994370           0.862088
        18.60902           1.933744           0.163067           1.717000           0.329007
        18.64661           1.535957          -0.155047           1.284578           0.139468
        18.68421           1.126340          -0.185342           0.949964           0.178582
        18.72180           0.834675          -0.075483           0.745772           0.298429
        18.75940           0.647533           0.073628           0.641776           0.427745
        18.79699           0.530489           0.224399           0.608181           0.531692
        18.83459           0.459363           0.366731           0.612068           0.588043
        18.87218           0.420504           0.499745           0.614101           0.592615
        18.90977           0.407511           0.624756           0.573801           0.567385
        18.94737           0.418403           0.742483           0.487272           0.569313
        18.98496           0.454997           0.852648           0.403291           0.619364
        19.02256           0.524749           0.948634           0.349383           0.692394
        19.06015           0.630457           1.006337           0.324517           0.764388
        19.09774           0.739065           0.993268           0.315500           0.820870
        19.13534           0.784291           0.937404           0.301970           0.864156
        19.17293           0.785863           0.920703           0.280380           0.914143
        19.21053           0.822982           0.927746           0.266254           0.977426
        19.24812           0.883553           0.877366           0.269297           1.046604
        19.28571           0.869214           0.775678           0.293654           1.112946
        19.32331           0.775482           0.732834           0.342193           1.163037
        19.36090           0.694703           0.770424           0.405081           1.172465
        19.39849           0.665090           0.839149           0.436649           1.130085
        19.43609           0.683757           0.898637           0.399096           1.089321
        19.47368           0.724794           0.921290           0.332303           1.100827
        19.51128           0.756916           0.913242           0.279310           1.151629
        19.54887           0.771510           0.882304           0.247349           1.218479
        19.58647           0.739841           0.844948           0.231592           1.290726
        19.62406           0.677973           0.856786           0.227570           1.365377
        19.66165           0.645593           0.914913           0.233007           1.442387
        19.69925           0.662908           0.974448           0.247539           1.522725
        19.73684           0.708761           0.993560           0.272536           1.607567
        19.77444           0.731392           0.972240           0.311370           1.697647
        19.81203           0.723429           0.954581           0.369876           1.791733
        19.84962           0.707023           0.939649           0.455334           1.883153
        19.88722           0.665415           0.925498           0.568276           1.957042
        19.92481           0.600429           0.941307           0.691597           2.007609
        19.96240           0.542985           0.995653           0.827937           2.060029
        20.00000           0.510467           1.066684           1.031955           2.102674
# 
# 07/18/2026 at 15:14 yambo @ compute-9-01 [start]
# 07/18/2026 at 16:25                      [end]
#  
# Timing   [Min/Max/Average]: 01h-10m/01h-10m/01h-10m
#
# .-Input file  BSE.in
# | optics                           # [R] Linear Response optical properties
# | dipoles                          # [R] Oscillator strenghts (or dipoles)
# | bss                              # [R] BSE solver
# | bse                              # [R][BSE] Bethe Salpeter Equation.
# | em1d                             # [R][X] Dynamically Screened Interaction
# | ppa                              # [R][Xp] Plasmon Pole Approximation for the Screened Interaction
# | BoseTemp= 0.000000         eV    # Bosonic Temperature
# | FFTGvecs= 1639             RL    # [FFT] Plane-waves
# | DIP_CPU= "2.6.2"                 # [PARALLEL] CPUs for each role
# | DIP_ROLEs= "v.c.k"               # [PARALLEL] CPUs roles (k,c,v)
# | DIP_Threads= 2                   # [OPENMP/X] Number of threads for dipoles
# | X_and_IO_CPU= "2.2.2.3"          # [PARALLEL] CPUs for each role
# | X_and_IO_ROLEs= "c.v.k.q"        # [PARALLEL] CPUs roles (q,g,k,c,v)
# | X_and_IO_nCPU_LinAlg_INV=  4     # [PARALLEL] CPUs for Linear Algebra (if -1 it is automatically set)
# | X_Threads= 2                     # [OPENMP/X] Number of threads for response functions
# | BS_CPU= "4.6"                    # [PARALLEL] CPUs for each role
# | BS_ROLEs= "eh.k"                 # [PARALLEL] CPUs roles (k,eh,t)
# | BS_nCPU_LinAlg_INV=  4           # [PARALLEL] CPUs for Linear Algebra (if -1 it is automatically set)
# | BS_nCPU_LinAlg_DIAGO=  4         # [PARALLEL] CPUs for Linear Algebra (if -1 it is automatically set)
# | K_Threads= 2                     # [OPENMP/BSK] Number of threads for response functions
# | Chimod= "HARTREE"                # [X] IP/Hartree/ALDA/LRC/PF/BSfxc
# | BSKmod= "SEX"                    # [BSE] IP/Hartree/HF/ALDA/SEX/BSfxc
# | BSEmod= "resonant"               # [BSE] resonant/retarded/coupling
# | Lkind= "bar"                     # [BSE,X] bar(default)/full/tilde
# | BSEdiskIO= "medium"              # [BSE] high(restart always) |medium(restart only corr.) |low(writes at the end)|none
# | BSSmod= "d"                      # [BSS] (h)aydock/(d)iago/(o)ld-diago/(s)lepc/(i)nversion/(c)hase
# | % DipBands
# |   3 |  8 |                           # [DIP] Bands range for dipoles
# | %
# | DipComputed= "R V P [G-space]"   # [DIP] [default R P V; extra P2 Spin Orb]
# | BSENGexx=  8950            mHa   # [BSK] Exchange components
# | BSENGBlk=  6298            mHa   # [BSK] Screened interaction block size [if -1 uses all the G-vectors of W_{G,Gp}]
# | #WehCpl                        # [BSK] eh interaction included also in coupling
# | KfnQPdb= "E < GW0/ndb.QP"        # [EXTQP BSK BSS] Database action
# | EXCTemp= 0.000000          eV    # Excitonic Temperature (for luminescence spectra and EXCPH)
# | % BSEQptR
# |  1 | 1 |                             # [BSK] Transferred momenta range
# | %
# | % BSEBands
# |   3 |  8 |                           # [BSK] Bands range
# | %
# | #NoDiagSC                      # New setup for non-diagonal supercells
# | % BEnRange
# |   5.00000 | 20.00000 |         eV    # [BSS] Energy range
# | %
# | BDmType= "Lorentzian"            # [BSS] Damping type (Lorentzian | Gaussian)
# | % BDmRange
# |  0.100000 | 0.100000 |         eV    # [BSS] Damping range
# | %
# | BEnSteps=  400                   # [BSS] Energy steps
# | % BLongDir
# |  0.577350 | 0.577350 | 0.577350 |        # [BSS] [cc] Electric Field versor
# | %
# | BSEprop= " abs"                  # [BSS] Can be any among abs/jdos/kerr/asymm/anHAll/magn/dich/photolum/esrt/MEspin/MEorb
# | BSEdips= "none"                  # [BSS] Can be "trace/none" or "xy/xz/yz" to define off-diagonal rotation plane
# | #WRbsWF                        # [BSS] Write to disk excitonic the WFs
# | BSSldiaLib= "s"                  # [BSS] Library used with ldiago solver `(s)scalapack/(e1)elpa1/(e2)elpa2`
# | BSSNEig=0                        # [SLEPC/DIAGO] Number of eigenvalues to compute
# | % BndsRnXp
# |   1 | 30 |                           # [Xp] Polarization function bands
# | %
# | NGsBlkXp=  6298            mHa   # [Xp] Response block size
# | % LongDrXp
# |  0.100000E-4 |  0.00000    |  0.00000    # [Xp] [cc] Electric Field
# | %
# | PPAPntXp= 27.21138         eV    # [Xp] PPA imaginary energy
