#                                                                     
# $$\                                                                 
# $$ |                                                                
# $$ |     $$\   $$\ $$$$$$\$$$$\   $$$$$$\  $$$$$$$\                 
# $$ |     $$ |  $$ |$$  _$$  _$$\ $$  __$$\ $$  __$$\                
# $$ |     $$ |  $$ |$$ / $$ / $$ |$$$$$$$$ |$$ |  $$ |               
# $$ |     $$ |  $$ |$$ | $$ | $$ |$$   ____|$$ |  $$ |               
# $$$$$$$$\\$$$$$$  |$$ | $$ | $$ |\$$$$$$$\ $$ |  $$ |               
# \________|\______/ \__| \__| \__| \_______|\__|  \__|               
#                                                                     
#                   Fork Lumen 2.1.0                                  
#                  Branch is bug-fixes                                
#        MPI+OpenMP+SLK+SLEPC+HDF5_MPI_IO Build                       
#               http://www.lumen-code.org                             
#
#     |k| (a.u.)         b1                 b2                 b3                 b4                 b5                 b6                 b7                 b8                 b9                 b10               k_x (rlu)          k_y (rlu)          k_z (rlu)
#
       0.00000000        -46.0847511        -20.9483566        -2.37952256       -0.212951154       -0.214177668         14.6663208         21.3822403         23.7622566         23.7643929         34.0222511        0.500000060        0.500000060        0.500000060     [L]   
      0.859948620E-2     -46.0847702        -20.9485130        -2.37874198       -0.212798953       -0.214211389         14.6661263         21.3826885         23.7631187         23.7655201         34.0193367        0.493902504        0.493902504        0.493902504   
      0.171989724E-1     -46.0848198        -20.9489880        -2.37639785       -0.212390438       -0.214267701         14.6655741         21.3839931         23.7657528         23.7688503         34.0101357        0.487804949        0.487804949        0.487804949   
      0.257984996E-1     -46.0849113        -20.9497738        -2.37249279       -0.211843416       -0.214229718         14.6647606         21.3860493         23.7702808         23.7742538         33.9933434        0.481707335        0.481707335        0.481707335   
      0.343979858E-1     -46.0850372        -20.9508724        -2.36705327       -0.211280316       -0.213954523         14.6637802         21.3887501         23.7768574         23.7815781         33.9670029        0.475609779        0.475609779        0.475609779   
      0.429974720E-1     -46.0851936        -20.9522839        -2.36013770       -0.210761100       -0.213331118         14.6627083         21.3920212         23.7856045         23.7906971         33.9289818        0.469512224        0.469512224        0.469512224   
      0.515969582E-1     -46.0853920        -20.9540005        -2.35182548       -0.210249186       -0.212327942         14.6615763         21.3958511         23.7965679         23.8015690         33.8776588        0.463414669        0.463414669        0.463414669   
      0.601964854E-1     -46.0856247        -20.9560242        -2.34218454       -0.209623471       -0.211011454         14.6603861         21.4002724         23.8097134         23.8142204         33.8125916        0.457317114        0.457317114        0.457317114   
      0.687959716E-1     -46.0858841        -20.9583511        -2.33124375       -0.208726436       -0.209526494         14.6591368         21.4053535         23.8249416         23.8287296         33.7349091        0.451219559        0.451219559        0.451219559   
      0.773954540E-1     -46.0861855        -20.9609737        -2.31898427       -0.207424879       -0.208043590         14.6578102         21.4111843         23.8421364         23.8451977         33.6471252        0.445122004        0.445122004        0.445122004   
      0.859949440E-1     -46.0865173        -20.9638920        -2.30535793       -0.205657184       -0.206692219         14.6563501         21.4178829         23.8611965         23.8636971         33.5525055        0.439024448        0.439024448        0.439024448   
      0.945944339E-1     -46.0868835        -20.9670944        -2.29031730       -0.203456536       -0.205507293         14.6546364         21.4256115         23.8820801         23.8842602         33.4542618        0.432926863        0.432926863        0.432926863   
      0.103193924        -46.0872803        -20.9705811        -2.27383757       -0.200944588       -0.204412714         14.6524696         21.4345665         23.9047832         23.9068756         33.3549461        0.426829308        0.426829308        0.426829308   
      0.111793451        -46.0877113        -20.9743443        -2.25591922       -0.198300138       -0.203249767         14.6496096         21.4449539         23.9293461         23.9314995         33.2563019        0.420731723        0.420731723        0.420731723   
      0.120392933        -46.0881767        -20.9783783        -2.23657680       -0.195711181       -0.201838315         14.6458368         21.4569607         23.9558163         23.9580803         33.1594009        0.414634168        0.414634168        0.414634168   
      0.128992423        -46.0886650        -20.9826736        -2.21582174       -0.193323836       -0.200043336         14.6410007         21.4707203         23.9842281         23.9865761         33.0648918        0.408536613        0.408536613        0.408536613   
      0.137591958        -46.0891914        -20.9872246        -2.19366002       -0.191205367       -0.197816968         14.6350288         21.4863110         24.0145988         24.0169678         32.9731026        0.402439058        0.402439058        0.402439058   
      0.146191448        -46.0897408        -20.9920235        -2.17009783       -0.189333454       -0.195202067         14.6279211         21.5037918         24.0469208         24.0492573         32.8839455        0.396341503        0.396341503        0.396341503   
      0.154790938        -46.0903244        -20.9970608        -2.14515257       -0.187616453       -0.192301750         14.6197100         21.5232086         24.0811806         24.0834675         32.7967949        0.390243948        0.390243948        0.390243948   
      0.163390428        -46.0909309        -21.0023289        -2.11885858       -0.185931608       -0.189234897         14.6104326         21.5446281         24.1173763         24.1196098         32.7105560        0.384146363        0.384146363        0.384146363   
      0.171989918        -46.0915642        -21.0078201        -2.09126520       -0.184164554       -0.186098382         14.6001215         21.5681362         24.1555138         24.1576805         32.6240120        0.378048807        0.378048807        0.378048807   
      0.180589408        -46.0922279        -21.0135231        -2.06243205       -0.182231769       -0.182949930         14.5888023         21.5938320         24.1955986         24.1976624         32.5362244        0.371951252        0.371951252        0.371951252   
      0.189188942        -46.0929108        -21.0194263        -2.03242278       -0.180082723       -0.179810017         14.5764856         21.6218204         24.2376175         24.2395172         32.4468117        0.365853667        0.365853667        0.365853667   
      0.197788432        -46.0936241        -21.0255241        -2.00130773       -0.177686185       -0.176676989         14.5631676         21.6522121         24.2815037         24.2832108         32.3558502        0.359756142        0.359756142        0.359756142   
      0.206387922        -46.0943565        -21.0318050        -1.96915889       -0.175015688       -0.173542559         14.5488100         21.6851387         24.3271542         24.3287201         32.2635307        0.353658587        0.353658587        0.353658587   
      0.214987457        -46.0951080        -21.0382576        -1.93605018       -0.172042936       -0.170401454         14.5333452         21.7207584         24.3744450         24.3760395         32.1698151        0.347561002        0.347561002        0.347561002   
      0.223586947        -46.0958824        -21.0448704        -1.90204728       -0.168746129       -0.167250976         14.5166903         21.7592678         24.4232922         24.4251461         32.0743561        0.341463447        0.341463447        0.341463447   
      0.232186437        -46.0966797        -21.0516357        -1.86719859       -0.165127456       -0.164080963         14.4987516         21.8008900         24.4736729         24.4759789         31.9767799        0.335365862        0.335365862        0.335365862   
      0.240785927        -46.0974884        -21.0585384        -1.83153129       -0.161230281       -0.160863653         14.4794483         21.8458595         24.5256500         24.5284252         31.8771076        0.329268306        0.329268306        0.329268306   
      0.249385417        -46.0983200        -21.0655708        -1.79504573       -0.157144263       -0.157549903         14.4587088         21.8943825         24.5793362         24.5823517         31.7759666        0.323170751        0.323170751        0.323170751   
      0.257984906        -46.0991669        -21.0727234        -1.75772417       -0.152991414       -0.154080346         14.4364777         21.9466019         24.6348381         24.6376534         31.6744995        0.317073196        0.317073196        0.317073196   
      0.266584426        -46.1000252        -21.0799770        -1.71953976       -0.148892611       -0.150408566         14.4127159         22.0025768         24.6922092         24.6943111         31.5739536        0.310975641        0.310975641        0.310975641   
      0.275183916        -46.1008987        -21.0873280        -1.68047333       -0.144929051       -0.146526411         14.3874159         22.0622711         24.7514248         24.7524109         31.4753361        0.304878056        0.304878056        0.304878056   
      0.283783406        -46.1017838        -21.0947609        -1.64052629       -0.141115069       -0.142477274         14.3606024         22.1255722         24.8123798         24.8121071         31.3792667        0.298780531        0.298780531        0.298780531   
      0.292382926        -46.1026802        -21.1022663        -1.59972894       -0.137396708       -0.138348475         14.3323193         22.1923370         24.8749447         24.8735714         31.2860680        0.292682946        0.292682946        0.292682946   
      0.300982416        -46.1035843        -21.1098309        -1.55813861       -0.133679882       -0.134243324         14.3026180         22.2624168         24.9389915         24.9369316         31.1958981        0.286585361        0.286585361        0.286585361   
      0.309581906        -46.1044960        -21.1174431        -1.51583350       -0.129872054       -0.130244121         14.2715435         22.3356857         25.0044556         25.0022449         31.1088142        0.280487806        0.280487806        0.280487806   
      0.318181396        -46.1054153        -21.1250954        -1.47290480       -0.125920713       -0.126380205         14.2391396         22.4120579         25.0713158         25.0694981         31.0246754        0.274390280        0.274390280        0.274390280   
      0.326780885        -46.1063423        -21.1327724        -1.42945206       -0.121830724       -0.122613981         14.2054615         22.4914951         25.1395931         25.1386166         30.9430923        0.268292725        0.268292725        0.268292725   
      0.335380375        -46.1072731        -21.1404648        -1.38558078       -0.117659055       -0.118851334         14.1705856         22.5740242         25.2092991         25.2094765         30.8635216        0.262195170        0.262195170        0.262195170   
      0.343979895        -46.1082039        -21.1481571        -1.34139347       -0.113490097       -0.114973627         14.1345940         22.6597557         25.2804012         25.2819233         30.7854767        0.256097555        0.256097555        0.256097555   
      0.352579385        -46.1091385        -21.1558437        -1.29697669       -0.109405749       -0.110882297         14.0975647         22.7488670         25.3528194         25.3558197         30.7087536        0.250000030        0.250000030        0.250000030   
      0.361178875        -46.1100731        -21.1635075        -1.25238431       -0.105457351       -0.106539339         14.0595579         22.8415756         25.4264584         25.4310608         30.6334610        0.243902475        0.243902475        0.243902475   
      0.369778365        -46.1110039        -21.1711445        -1.20763898       -0.101647697       -0.101988286         14.0206099         22.9380894         25.5012512         25.5075741         30.5598373        0.237804905        0.237804905        0.237804905   
      0.378377885        -46.1119347        -21.1787357        -1.16274285       -0.979277343E-1    -0.973446369E-1      13.9807587         23.0385513         25.5771770         25.5852966         30.4879513        0.231707335        0.231707335        0.231707335   
      0.386977375        -46.1128578        -21.1862774        -1.11770058       -0.942105949E-1    -0.927603021E-1      13.9400597         23.1430645         25.6542721         25.6641273         30.4174137        0.225609779        0.225609779        0.225609779   
      0.395576864        -46.1137810        -21.1937542        -1.07253659       -0.904013366E-1    -0.883761868E-1      13.8986015         23.2517204         25.7325993         25.7439079         30.3473587        0.219512224        0.219512224        0.219512224   
      0.404176354        -46.1146927        -21.2011585        -1.02730012       -0.864320695E-1    -0.842838958E-1      13.8564968         23.3646584         25.8122311         25.8244247         30.2765923        0.213414654        0.213414654        0.213414654   
      0.412775844        -46.1155968        -21.2084770       -0.982056141       -0.822863877E-1    -0.805081874E-1      13.8138742         23.4820709         25.8932571         25.9054489         30.2039909        0.207317099        0.207317099        0.207317099   
      0.421375364        -46.1164932        -21.2157021       -0.936875999       -0.780037865E-1    -0.770123228E-1      13.7708683         23.6041431         25.9757843         25.9867706         30.1289577        0.201219529        0.201219529        0.201219529   
      0.429974854        -46.1173782        -21.2228222       -0.891836762       -0.736626238E-1    -0.737174824E-1      13.7276230         23.7309437         26.0598907         26.0682526         30.0517540        0.195121974        0.195121974        0.195121974   
      0.438574344        -46.1182480        -21.2298279       -0.847023427       -0.693517551E-1    -0.705262646E-1      13.6842756         23.8623505         26.1455879         26.1498680         29.9735699        0.189024404        0.189024404        0.189024404   
      0.447173834        -46.1191101        -21.2367096       -0.802535117       -0.651459843E-1    -0.673457608E-1      13.6409464         23.9980221         26.2327385         26.2317276         29.8962440        0.182926849        0.182926849        0.182926849   
      0.455773354        -46.1199570        -21.2434616       -0.758478224       -0.610917136E-1    -0.641066805E-1      13.5977316         24.1374588         26.3210793         26.3140659         29.8217545        0.176829278        0.176829278        0.176829278   
      0.464372844        -46.1207848        -21.2500687       -0.714956045       -0.572051816E-1    -0.607765540E-1      13.5546989         24.2800846         26.4102783         26.3971558         29.7517033        0.170731723        0.170731723        0.170731723   
      0.472972333        -46.1215973        -21.2565269       -0.672059953       -0.534770489E-1    -0.573608689E-1      13.5118990         24.4253292         26.5000439         26.4812202         29.6870079        0.164634153        0.164634153        0.164634153   
      0.481571823        -46.1223907        -21.2628250       -0.629873097       -0.498835817E-1    -0.538906194E-1      13.4693947         24.5726223         26.5901375         26.5663948         29.6278248        0.158536598        0.158536598        0.158536598   
      0.490171313        -46.1231689        -21.2689571       -0.588475823       -0.464016795E-1    -0.503975898E-1      13.4272699         24.7214088         26.6802616         26.6527920         29.5736752        0.152439058        0.152439058        0.152439058   
      0.498770833        -46.1239204        -21.2749138       -0.547950745       -0.430268198E-1    -0.468921028E-1      13.3856277         24.8711433         26.7698746         26.7406731         29.5235386        0.146341473        0.146341473        0.146341473   
      0.507370293        -46.1246529        -21.2806854       -0.508379102       -0.397854149E-1    -0.433561504E-1      13.3445807         25.0213566         26.8580780         26.8305607         29.4759388        0.140243903        0.140243903        0.140243903   
      0.515969753        -46.1253624        -21.2862682       -0.469829321       -0.367305540E-1    -0.397571251E-1      13.3042316         25.1717892         26.9437428         26.9231243         29.4290848        0.134146363        0.134146363        0.134146363   
      0.524569213        -46.1260490        -21.2916546       -0.432351947       -0.339194611E-1    -0.360761024E-1      13.2646780         25.3225269         27.0258961         27.0188618         29.3811989        0.128048807        0.128048807        0.128048807   
      0.533168733        -46.1267090        -21.2968349       -0.395988673       -0.313783810E-1    -0.323342234E-1      13.2260294         25.4740677         27.1042328         27.1176682         29.3310089        0.121951215        0.121951215        0.121951215   
      0.541768193        -46.1273460        -21.3018074       -0.360785395       -0.290788580E-1    -0.286026355E-1      13.1884232         25.6272469         27.1795025         27.2185230         29.2781734        0.115853667        0.115853667        0.115853667   
      0.550367653        -46.1279526        -21.3065586       -0.326802701       -0.269369092E-1    -0.249922480E-1      13.1520271         25.7830429         27.2535515         27.3195534         29.2233887        0.109756112        0.109756112        0.109756112   
      0.558967113        -46.1285324        -21.3110905       -0.294114649       -0.248373933E-1    -0.216287822E-1      13.1170187         25.9423084         27.3289433         27.4183903         29.1680584        0.103658549        0.103658549        0.103658549   
      0.567566574        -46.1290855        -21.3153915       -0.262798309       -0.226723943E-1    -0.186263788E-1      13.0835581         26.1056328         27.4082928         27.5127926         29.1135674        0.975610018E-1     0.975610018E-1     0.975610018E-1
      0.576166093        -46.1296082        -21.3194599       -0.232920751       -0.203721579E-1    -0.160677265E-1      13.0517654         26.2734108         27.4935017         27.6012745         29.0605011        0.914634168E-1     0.914634168E-1     0.914634168E-1
      0.584765553        -46.1301003        -21.3232899       -0.204533309       -0.179204904E-1    -0.139951808E-1      13.0217218         26.4460907         27.5852318         27.6835480         29.0080776        0.853658617E-1     0.853658617E-1     0.853658617E-1
      0.593365014        -46.1305618        -21.3268757       -0.177673846       -0.153528703E-1    -0.124091106E-1      12.9934740         26.6243725         27.6826630         27.7606525         28.9541607        0.792682990E-1     0.792682990E-1     0.792682990E-1
      0.601964474        -46.1309929        -21.3302155       -0.152376056       -0.127469013E-1    -0.112689538E-1      12.9670553         26.8090763         27.7837486         27.8346767         28.8959141        0.731707439E-1     0.731707439E-1     0.731707439E-1
      0.610563993        -46.1313896        -21.3333015       -0.128682822       -0.102069043E-1    -0.104938028E-1      12.9424973         27.0006123         27.8857346         27.9080887         28.8309536        0.670731589E-1     0.670731589E-1     0.670731589E-1
      0.619163454        -46.1317558        -21.3361320       -0.106662139       -0.784759317E-2    -0.996464211E-2      12.9198370         27.1982098         27.9858761         27.9829197         28.7586479        0.609756075E-1     0.609756075E-1     0.609756075E-1
      0.627762914        -46.1320915        -21.3387032       -0.864204168E-1    -0.577138737E-2    -0.953339692E-2      12.8991137         27.3993492         28.0819721         28.0600529         28.6807766        0.548780560E-1     0.548780560E-1     0.548780560E-1
      0.636362374        -46.1323891        -21.3410130       -0.681023970E-1    -0.404642895E-2    -0.904386304E-2      12.8803654         27.5998154         28.1725941         28.1390152         28.6012344        0.487805009E-1     0.487805009E-1     0.487805009E-1
      0.644961834        -46.1326523        -21.3430576       -0.518725105E-1    -0.269299350E-2    -0.836510863E-2      12.8636303         27.7943516         28.2569180         28.2182789         28.5246887        0.426829420E-1     0.426829420E-1     0.426829420E-1
      0.653561354        -46.1328812        -21.3448334       -0.378759503E-1    -0.168453925E-2    -0.742667494E-2      12.8489389         27.9775524         28.3342648         28.2958412         28.4549599        0.365853608E-1     0.365853608E-1     0.365853608E-1
      0.662160814        -46.1330795        -21.3463402       -0.261987299E-1    -0.964283943E-3    -0.624348316E-2      12.8363209         28.1444798         28.4036903         28.3696003         28.3940296        0.304878037E-1     0.304878037E-1     0.304878037E-1
      0.670760274        -46.1332397        -21.3475761       -0.168449562E-1    -0.466988393E-3    -0.491696177E-2      12.8258181         28.2906704         28.4637985         28.4372807         28.3422871        0.243902504E-1     0.243902504E-1     0.243902504E-1
      0.679359734        -46.1333618        -21.3485374       -0.974504836E-2    -0.134361209E-3    -0.361028244E-2      12.8174944         28.4117146         28.5129013         28.4960365         28.2997112        0.182926953E-1     0.182926953E-1     0.182926953E-1
      0.687959254        -46.1334534        -21.3492260       -0.478926208E-2     0.762173295E-4    -0.250800070E-2      12.8114414         28.5030041         28.5493164         28.5422745         28.2670746        0.121951103E-1     0.121951103E-1     0.121951103E-1
      0.696558714        -46.1335068        -21.3496380       -0.186742237E-2     0.192700842E-3    -0.177306938E-2      12.8077564         28.5600624         28.5717144         28.5721130         28.2461586        0.609755516E-2     0.609755516E-2     0.609755516E-2
      0.705158174        -46.1335258        -21.3497772       -0.902737491E-3     0.229787154E-3    -0.151531072E-2      12.8065176         28.5795059         28.5792694         28.5824623         28.2389088         0.00000000         0.00000000         0.00000000     [G]
      0.713820398        -46.1335068        -21.3496380       -0.187610264E-2     0.189073689E-3    -0.177993660E-2      12.8077736         28.5598869         28.5715466         28.5720043         28.2460060        0.531914970E-2      0.00000000        0.531914970E-2
      0.722482622        -46.1334534        -21.3492165       -0.475340849E-2     0.260772485E-4    -0.257018581E-2      12.8115034         28.5036469         28.5480156         28.5423088         28.2634354        0.106382994E-1      0.00000000        0.106382994E-1
      0.731144845        -46.1333618        -21.3485184       -0.940582808E-2    -0.382576982E-3    -0.388012966E-2      12.8176136         28.4178848         28.5076656         28.4978809         28.2806797        0.159574486E-1      0.00000000        0.159574486E-1
      0.739807069        -46.1332359        -21.3475399       -0.156198861E-1    -0.123394339E-2    -0.571082067E-2      12.8260021         28.3123856         28.4491596         28.4446507         28.2835159        0.212765988E-1      0.00000000        0.212765988E-1
      0.748469293        -46.1330719        -21.3462849       -0.231211148E-1    -0.276710396E-2    -0.807869807E-2      12.8366013         28.1973095         28.3713551         28.3883209         28.2576351        0.265957471E-1      0.00000000        0.265957471E-1
      0.757131517        -46.1328735        -21.3447495       -0.316393562E-1    -0.520440098E-2    -0.110151991E-1      12.8494062         28.0812244         28.2739906         28.3330193         28.1920166        0.319148973E-1      0.00000000        0.319148973E-1
      0.765793741        -46.1326408        -21.3429337       -0.409897938E-1    -0.868204981E-2    -0.145490989E-1      12.8644533         27.9698257         28.1583862         28.2805901         28.0812683        0.372340493E-1      0.00000000        0.372340493E-1
      0.774455965        -46.1323700        -21.3408432       -0.511515103E-1    -0.132053308E-1    -0.186793357E-1      12.8818054         27.8654079         28.0278149         28.2305756         27.9267635        0.425531976E-1      0.00000000        0.425531976E-1
      0.783118188        -46.1320648        -21.3384762       -0.622870289E-1    -0.186474528E-1    -0.233506914E-1      12.9015226         27.7671680         27.8873959         28.1806431         27.7364845        0.478723459E-1      0.00000000        0.478723459E-1
      0.791780412        -46.1317291        -21.3358326       -0.746957958E-1    -0.247984920E-1    -0.284560770E-1      12.9236565         27.6720619         27.7433872         28.1272354         27.5234947        0.531914942E-1      0.00000000        0.531914942E-1
      0.800442636        -46.1313553        -21.3329124       -0.887064487E-1    -0.314313471E-1    -0.338690765E-1      12.9482288         27.5762157         27.6021290         28.0663757         27.3032436        0.585106425E-1      0.00000000        0.585106425E-1
      0.809104860        -46.1309509        -21.3297215       -0.104567461       -0.383653417E-1    -0.395017229E-1      12.9752369         27.4765110         27.4688320         27.9944305         27.0901680        0.638297945E-1      0.00000000        0.638297945E-1
      0.817767084        -46.1305084        -21.3262577       -0.122363508       -0.454948545E-1    -0.453475118E-1      13.0046415         27.3718052         27.3467655         27.9088707         26.8947411        0.691489428E-1      0.00000000        0.691489428E-1
      0.826429307        -46.1300392        -21.3225212       -0.142004788       -0.527964309E-1    -0.514936335E-1      13.0363684         27.2634258         27.2369289         27.8087025         26.7219868        0.744680986E-1      0.00000000        0.744680986E-1
      0.835091531        -46.1295357        -21.3185177       -0.163269818       -0.603108257E-1    -0.580887087E-1      13.0703144         27.1546783         27.1383648         27.6945171         26.5720425        0.797872394E-1      0.00000000        0.797872394E-1
      0.843753755        -46.1290016        -21.3142433       -0.185885936       -0.681191757E-1    -0.652908981E-1      13.1063643         27.0496845         27.0489025         27.5680752         26.4421806        0.851063952E-1      0.00000000        0.851063952E-1
      0.852415979        -46.1284370        -21.3097057       -0.209601268       -0.763133019E-1    -0.732204244E-1      13.1443949         26.9520111         26.9660378         27.4317379         26.3291988        0.904255360E-1      0.00000000        0.904255360E-1
      0.861078203        -46.1278458        -21.3049030       -0.234239638       -0.849673823E-1    -0.819399357E-1      13.1843004         26.8635254         26.8876324         27.2880363         26.2308578        0.957446918E-1      0.00000000        0.957446918E-1
      0.869740427        -46.1272202        -21.2998371       -0.259715766       -0.941156223E-1    -0.914545432E-1      13.2260151         26.7837315         26.8123207         27.1396275         26.1459694        0.101063848         0.00000000        0.101063848   
      0.878402650        -46.1265717        -21.2945118       -0.286031604       -0.103746541       -0.101722434         13.2695332         26.7096252         26.7394886         26.9895611         26.0735435        0.106382988         0.00000000        0.106382988   
      0.887064874        -46.1258926        -21.2889309       -0.313259900       -0.113815285       -0.112663426         13.3149261         26.6360989         26.6690464         26.8414764         26.0118141        0.111702144         0.00000000        0.111702144   
      0.895727098        -46.1251831        -21.2830925       -0.341512620       -0.124263749       -0.124163911         13.3623238         26.5569706         26.6010990         26.6994419         25.9578991        0.117021285         0.00000000        0.117021285   
      0.904389322        -46.1244545        -21.2770023       -0.370911032       -0.135046050       -0.136090249         13.4118681         26.4664917         26.5356255         26.5673351         25.9081383        0.122340433         0.00000000        0.122340433   
      0.913051546        -46.1236954        -21.2706642       -0.401551068       -0.146137893       -0.148309603         13.4636402         26.3609676         26.4722748         26.4480152         25.8587875        0.127659589         0.00000000        0.127659589   
      0.921713769        -46.1229172        -21.2640781       -0.433481306       -0.157539919       -0.160713241         13.5176163         26.2398968         26.4102192         26.3427773         25.8065491        0.132978722         0.00000000        0.132978722   
      0.930375993        -46.1221123        -21.2572536       -0.466694832       -0.169275478       -0.173227429         13.5736609         26.1060638         26.3481331         26.2513409         25.7487698        0.138297886         0.00000000        0.138297886   
      0.939038217        -46.1212883        -21.2501888       -0.501137793       -0.181384578       -0.185807303         13.6315718         25.9645824         26.2842979         26.1723747         25.6833878        0.143617049         0.00000000        0.143617049   
      0.947700441        -46.1204414        -21.2428894       -0.536731482       -0.193914756       -0.198424682         13.6911564         25.8212509         26.2168541         26.1041965         25.6088581        0.148936197         0.00000000        0.148936197   
      0.956362665        -46.1195755        -21.2353630       -0.573393464       -0.206902727       -0.211065233         13.7522898         25.6810093         26.1441498         26.0452576         25.5242558        0.154255331         0.00000000        0.154255331   
      0.965024889        -46.1186905        -21.2276096       -0.611047804       -0.220348015       -0.223744363         13.8149490         25.5469990         26.0651054         25.9942417         25.4295521        0.159574479         0.00000000        0.159574479   
      0.973687112        -46.1177864        -21.2196369       -0.649620473       -0.234191760       -0.236531258         13.8791838         25.4203892         25.9794235         25.9498596         25.3260365        0.164893642         0.00000000        0.164893642   
      0.982349336        -46.1168671        -21.2114506       -0.689031959       -0.248313904       -0.249561802         13.9450865         25.3006954         25.8876038         25.9106026         25.2165928        0.170212790         0.00000000        0.170212790   
      0.991011560        -46.1159286        -21.2030563       -0.729191840       -0.262556911       -0.263020068         14.0127430         25.1863117         25.7907715         25.8747120         25.1056538        0.175531924         0.00000000        0.175531924   
      0.999673784        -46.1149826        -21.1944599       -0.770006359       -0.276766121       -0.277088225         14.0822067         25.0750599         25.6904030         25.8403606         24.9985809        0.180851072         0.00000000        0.180851072   
       1.00833595        -46.1140213        -21.1856670       -0.811396480       -0.290833563       -0.291883886         14.1534796         24.9647541         25.5880680         25.8059673         24.9005737        0.186170220         0.00000000        0.186170220   
       1.01699817        -46.1130447        -21.1766853       -0.853317976       -0.304728776       -0.307410568         14.2265062         24.8537426         25.4852562         25.7704163         24.8154106        0.191489384         0.00000000        0.191489384   
       1.02566040        -46.1120605        -21.1675186       -0.895767033       -0.318506926       -0.323538721         14.3011875         24.7413330         25.3832684         25.7331562         24.7445602        0.196808532         0.00000000        0.196808532   
       1.03432262        -46.1110649        -21.1581802       -0.938775063       -0.332300752       -0.340025812         14.3773766         24.6278820         25.2831516         25.6941147         24.6871433        0.202127695         0.00000000        0.202127695   
       1.04298484        -46.1100616        -21.1486721       -0.982386231       -0.346290708       -0.356562823         14.4548864         24.5145054         25.1856747         25.6535683         24.6406898        0.207446828         0.00000000        0.207446828   
       1.05164707        -46.1090508        -21.1390057        -1.02663910       -0.360666990       -0.372839272         14.5334959         24.4025574         25.0913124         25.6119919         24.6023045        0.212765977         0.00000000        0.212765977   
       1.06030929        -46.1080360        -21.1291885        -1.07154667       -0.375577986       -0.388607711         14.6129770         24.2931538         25.0002613         25.5699692         24.5696049        0.218085125         0.00000000        0.218085125   
       1.06897151        -46.1070099        -21.1192284        -1.11708856       -0.391087145       -0.403741121         14.6931295         24.1869411         24.9124641         25.5280991         24.5410042        0.223404288         0.00000000        0.223404288   
       1.07763374        -46.1059837        -21.1091328        -1.16320169       -0.407147586       -0.418263793         14.7738571         24.0841312         24.8276482         25.4869652         24.5154896        0.228723437         0.00000000        0.228723437   
       1.08629596        -46.1049576        -21.0989170        -1.20977855       -0.423611701       -0.432348996         14.8552160         23.9846153         24.7453403         25.4471111         24.4922009        0.234042570         0.00000000        0.234042570   
       1.09495819        -46.1039238        -21.0885849        -1.25667071       -0.440267742       -0.446274966         14.9374123         23.8880901         24.6649151         25.4090405         24.4702396        0.239361718         0.00000000        0.239361718   
       1.10362041        -46.1028938        -21.0781498        -1.30371022       -0.456893802       -0.460349411         15.0207272         23.7940941         24.5856972         25.3731956         24.4487877        0.244680867         0.00000000        0.244680867   
       1.11228263        -46.1018639        -21.0676212        -1.35074556       -0.473306477       -0.474824995         15.1054096         23.7020874         24.5070877         25.3399029         24.4272823        0.250000030         0.00000000        0.250000030   
       1.12094486        -46.1008377        -21.0570126        -1.39767814       -0.489389062       -0.489831030         15.1915388         23.6116066         24.4287319         25.3092995         24.4054966        0.255319178         0.00000000        0.255319178   
       1.12960708        -46.0998116        -21.0463314        -1.44448376       -0.505099416       -0.505345523         15.2789783         23.5224075         24.3505993         25.2812805         24.3833981        0.260638326         0.00000000        0.260638326   
       1.13826931        -46.0987930        -21.0355911        -1.49120128       -0.520462990       -0.521213293         15.3674288         23.4345036         24.2729759         25.2555122         24.3610058        0.265957445         0.00000000        0.265957445   
       1.14693153        -46.0977783        -21.0248070        -1.53789866       -0.535554290       -0.537200332         15.4565306         23.3480396         24.1963444         25.2315311         24.3383369        0.271276593         0.00000000        0.271276593   
       1.15559375        -46.0967674        -21.0139866        -1.58462846       -0.550473094       -0.553063393         15.5459976         23.2631245         24.1211948         25.2088757         24.3154678        0.276595771         0.00000000        0.276595771   
       1.16425598        -46.0957680        -21.0031414        -1.63139677       -0.565314114       -0.568611085         15.6356688         23.1797218         24.0478802         25.1872215         24.2925816        0.281914920         0.00000000        0.281914920   
       1.17291820        -46.0947762        -20.9922905        -1.67815435       -0.580142617       -0.583741546         15.7255011         23.0977516         23.9765282         25.1664143         24.2698822        0.287234098         0.00000000        0.287234098   
       1.18158042        -46.0937958        -20.9814415        -1.72479975       -0.594978988       -0.598448634         15.8154831         23.0172672         23.9070683         25.1464615         24.2474327        0.292553246         0.00000000        0.292553246   
       1.19024265        -46.0928192        -20.9706135        -1.77119470       -0.609805584       -0.612804055         15.9055929         22.9386024         23.8392944         25.1274509         24.2251110        0.297872394         0.00000000        0.297872394   
       1.19890487        -46.0918617        -20.9598141        -1.81717992       -0.624584138       -0.626921833         15.9957638         22.8622932         23.7729492         25.1095028         24.2027264        0.303191513         0.00000000        0.303191513   
       1.20756710        -46.0909119        -20.9490623        -1.86259782       -0.639273942       -0.640918553         16.0859203         22.7888565         23.7077751         25.0927143         24.1802673        0.308510661         0.00000000        0.308510661   
       1.21622932        -46.0899811        -20.9383698        -1.90732062       -0.653837025       -0.654878378         16.1760235         22.7185574         23.6435547         25.0771427         24.1580524        0.313829839         0.00000000        0.313829839   
       1.22489154        -46.0890617        -20.9277534        -1.95127702       -0.668230951       -0.668830454         16.2660923         22.6513004         23.5801334         25.0627899         24.1366711        0.319148958         0.00000000        0.319148958   
       1.23355377        -46.0881615        -20.9172249        -1.99446869       -0.682401061       -0.682744980         16.3561974         22.5866852         23.5174313         25.0495720         24.1167927        0.324468106         0.00000000        0.324468106   
       1.24221599        -46.0872726        -20.9068012        -2.03695726       -0.696279109       -0.696544528         16.4464035         22.5241699         23.4554501         25.0373230         24.0989933        0.329787284         0.00000000        0.329787284   
       1.25087821        -46.0864067        -20.8964977        -2.07882667       -0.709795833       -0.710127175         16.5367374         22.4631996         23.3942623         25.0258179         24.0837154        0.335106403         0.00000000        0.335106403   
       1.25954044        -46.0855598        -20.8863258        -2.12014699       -0.722898126       -0.723394036         16.6271591         22.4033051         23.3339882         25.0148430         24.0713234        0.340425581         0.00000000        0.340425581   
       1.26820266        -46.0847282        -20.8763046        -2.16093755       -0.735559523       -0.736269057         16.7175579         22.3441753         23.2747288         25.0042629         24.0620613        0.345744699         0.00000000        0.345744699   
       1.27686489        -46.0839157        -20.8664455        -2.20115733       -0.747783303       -0.748709738         16.8077602         22.2857380         23.2165413         24.9940643         24.0558681        0.351063848         0.00000000        0.351063848   
       1.28552711        -46.0831299        -20.8567677        -2.24070883       -0.759596705       -0.760706007         16.8975620         22.2282372         23.1594028         24.9843597         24.0521755        0.356383026         0.00000000        0.356383026   
       1.29418933        -46.0823593        -20.8472824        -2.27944899       -0.771046996       -0.772273719         16.9867191         22.1722221         23.1032352         24.9753437         24.0498619        0.361702144         0.00000000        0.361702144   
       1.30285156        -46.0816116        -20.8380032        -2.31720805       -0.782194734       -0.783443749         17.0749931         22.1184044         23.0479145         24.9672375         24.0475121        0.367021322         0.00000000        0.367021322   
       1.31151378        -46.0808945        -20.8289509        -2.35381269       -0.793099463       -0.794252753         17.1621571         22.0674343         22.9933281         24.9602165         24.0438805        0.372340441         0.00000000        0.372340441   
       1.32017601        -46.0801926        -20.8201332        -2.38911796       -0.803801298       -0.804733872         17.2480316         22.0196705         22.9393940         24.9543743         24.0383072        0.377659589         0.00000000        0.377659589   
       1.32883823        -46.0795212        -20.8115692        -2.42303705       -0.814298928       -0.814908504         17.3325005         21.9750977         22.8860855         24.9496593         24.0308685        0.382978767         0.00000000        0.382978767   
       1.33750045        -46.0788727        -20.8032703        -2.45555329       -0.824542105       -0.824781716         17.4154949         21.9333744         22.8334332         24.9458752         24.0222492        0.388297886         0.00000000        0.388297886   
       1.34616268        -46.0782509        -20.7952518        -2.48671055       -0.834442198       -0.834341466         17.4969730         21.8939800         22.7815456         24.9426823         24.0134487        0.393617064         0.00000000        0.393617064   
       1.35482490        -46.0776558        -20.7875290        -2.51657486       -0.843903124       -0.843561947         17.5768795         21.8563614         22.7305870         24.9396858         24.0055065        0.398936212         0.00000000        0.398936212   
       1.36348712        -46.0770836        -20.7801113        -2.54520106       -0.852849841       -0.852411151         17.6551075         21.8200607         22.6807423         24.9365273         23.9992905        0.404255390         0.00000000        0.404255390   
       1.37214935        -46.0765419        -20.7730160        -2.57260871       -0.861243546       -0.860854983         17.7314854         21.7847939         22.6321945         24.9329853         23.9953346        0.409574509         0.00000000        0.409574509   
       1.38081157        -46.0760307        -20.7662544        -2.59878755       -0.869076729       -0.868860602         17.8057747         21.7505417         22.5850658         24.9290371         23.9937172        0.414893657         0.00000000        0.414893657   
       1.38947380        -46.0755463        -20.7598362        -2.62371182       -0.876356423       -0.876395226         17.8776932         21.7175655         22.5394287         24.9248371         23.9939880        0.420212835         0.00000000        0.420212835   
       1.39813602        -46.0750885        -20.7537785        -2.64735603       -0.883090258       -0.883426189         17.9469280         21.6864033         22.4953251         24.9206448         23.9952717        0.425531954         0.00000000        0.425531954   
       1.40679824        -46.0746651        -20.7480869        -2.66969466       -0.889285982       -0.889924526         18.0131702         21.6576939         22.4527950         24.9167252         23.9965668        0.430851132         0.00000000        0.430851132   
       1.41546047        -46.0742683        -20.7427711        -2.69068623       -0.894957542       -0.895870984         18.0761261         21.6319790         22.4119263         24.9132900         23.9970741        0.436170250         0.00000000        0.436170250   
       1.42412269        -46.0739021        -20.7378445        -2.71026111       -0.900134921       -0.901264906         18.1355209         21.6095009         22.3728600         24.9104652         23.9964676        0.441489398         0.00000000        0.441489398   
       1.43278491        -46.0735703        -20.7333145        -2.72831655       -0.904862225       -0.906127334         18.1911068         21.5901260         22.3357811         24.9082947         23.9948807        0.446808577         0.00000000        0.446808577   
       1.44144714        -46.0732651        -20.7291889        -2.74472809       -0.909189165       -0.910499871         18.2426567         21.5734081         22.3009205         24.9067516         23.9927235        0.452127695         0.00000000        0.452127695   
       1.45010936        -46.0729904        -20.7254791        -2.75937319       -0.913156867       -0.914434850         18.2899532         21.5587368         22.2685490         24.9057407         23.9904404        0.457446873         0.00000000        0.457446873   
       1.45877159        -46.0727501        -20.7221851        -2.77215314       -0.916787744       -0.917982638         18.3327866         21.5455112         22.2389793         24.9051113         23.9883556        0.462765992         0.00000000        0.462765992   
       1.46743381        -46.0725441        -20.7193222        -2.78301406       -0.920079887       -0.921176076         18.3709335         21.5332680         22.2125587         24.9046822         23.9866848        0.468085140         0.00000000        0.468085140   
       1.47609603        -46.0723648        -20.7168865        -2.79195452       -0.923008025       -0.924020648         18.4041367         21.5217628         22.1896515         24.9042950         23.9855900        0.473404318         0.00000000        0.473404318   
       1.48475826        -46.0722198        -20.7148895        -2.79902864       -0.925528109       -0.926489174         18.4320889         21.5110531         22.1705780         24.9038563         23.9851646        0.478723437         0.00000000        0.478723437   
       1.49342048        -46.0721092        -20.7133312        -2.80433512       -0.927582383       -0.928525746         18.4544296         21.5015278         22.1555862         24.9033623         23.9853764        0.484042585         0.00000000        0.484042585   
       1.50208271        -46.0720291        -20.7122173        -2.80799723       -0.929108799       -0.930057645         18.4707699         21.4938545         22.1448250         24.9028854         23.9859886        0.489361733         0.00000000        0.489361733   
       1.51074493        -46.0719795        -20.7115479        -2.81013536       -0.930051327       -0.931012452         18.4807472         21.4888229         22.1383610         24.9025364         23.9866085        0.494680882         0.00000000        0.494680882   
       1.51940715        -46.0719643        -20.7113228        -2.81083775       -0.930370033       -0.931337237         18.4841042         21.4870644         22.1362057         24.9024086         23.9868641        0.500000060         0.00000000        0.500000060     [X]   
       1.52806938        -46.0719643        -20.7113495        -2.81025720       -0.931134999       -0.931105196         18.4842396         21.4843082         22.1361809         24.9019547         23.9923344        0.500000060        0.531914970E-2     0.505319238   
       1.53673160        -46.0719604        -20.7114258        -2.80855298       -0.933380961       -0.930420220         18.4846306         21.4760609         22.1361599         24.9004135         24.0085373        0.500000060        0.106382994E-1     0.510638356   
       1.54539382        -46.0719528        -20.7115517        -2.80582523       -0.936980426       -0.929311454         18.4852295         21.4623985         22.1362629         24.8973064         24.0349636        0.500000060        0.159574486E-1     0.515957534   
       1.55405605        -46.0719452        -20.7117310        -2.80220079       -0.941769481       -0.927816153         18.4859791         21.4435177         22.1366062         24.8920078         24.0711155        0.500000060        0.212765988E-1     0.521276653   
       1.56271827        -46.0719414        -20.7119560        -2.79779696       -0.947597265       -0.925969660         18.4868145         21.4197788         22.1372318         24.8839226         24.1167545        0.500000060        0.265957471E-1     0.526595831   
       1.57138050        -46.0719261        -20.7122326        -2.79268956       -0.954361856       -0.923799634         18.4876881         21.3916836         22.1381035         24.8726082         24.1720009        0.500000060        0.319148973E-1     0.531914949   
       1.58004272        -46.0719185        -20.7125549        -2.78689790       -0.962026000       -0.921324492         18.4885864         21.3598137         22.1391392         24.8578548         24.2371445        0.500000060        0.372340493E-1     0.537234128   
       1.58870494        -46.0719032        -20.7129250        -2.78038526       -0.970617294       -0.918555379         18.4895287         21.3247337         22.1402817         24.8396893         24.3123531        0.500000060        0.425531976E-1     0.542553246   
       1.59736717        -46.0718880        -20.7133389        -2.77307010       -0.980214655       -0.915495992         18.4905643         21.2869396         22.1415310         24.8183899         24.3973961        0.500000060        0.478723459E-1     0.547872424   
       1.60602939        -46.0718727        -20.7137928        -2.76484776       -0.990925133       -0.912144780         18.4917641         21.2468376         22.1429329         24.7944279         24.4915543        0.500000060        0.531914942E-1     0.553191543   
       1.61469162        -46.0718536        -20.7142887        -2.75562167        -1.00285172       -0.908497095         18.4931927         21.2047768         22.1445446         24.7684002         24.5937691        0.500000060        0.585106425E-1     0.558510721   
       1.62335384        -46.0718384        -20.7148228        -2.74533296        -1.01605928       -0.904549301         18.4949055         21.1610737         22.1463871         24.7409077         24.7029133        0.500000060        0.638297945E-1     0.563829839   
       1.63201606        -46.0718155        -20.7153931        -2.73397946        -1.03055000       -0.900304258         18.4969521         21.1160297         22.1484470         24.7124195         24.8180676        0.500000060        0.691489428E-1     0.569149017   
       1.64067829        -46.0717926        -20.7159939        -2.72161889        -1.04625809       -0.895773411         18.4993668         21.0699081         22.1506805         24.6832142         24.9386597        0.500000060        0.744680986E-1     0.574468136   
       1.64934051        -46.0717735        -20.7166290        -2.70835042        -1.06307101       -0.890975237         18.5021820         21.0229340         22.1530437         24.6533966         25.0644169        0.500000060        0.797872394E-1     0.579787314   
       1.65800273        -46.0717506        -20.7172890        -2.69428611        -1.08085847       -0.885932684         18.5053997         20.9753036         22.1554756         24.6229877         25.1951466        0.500000060        0.851063952E-1     0.585106432   
       1.66666496        -46.0717278        -20.7179737        -2.67952538        -1.09950399       -0.880668819         18.5089760         20.9272308         22.1579170         24.5920296         25.3305550        0.500000060        0.904255360E-1     0.590425611   
       1.67532718        -46.0717010        -20.7186794        -2.66413140        -1.11892641       -0.875206649         18.5128288         20.8789845         22.1603031         24.5606270         25.4702110        0.500000060        0.957446918E-1     0.595744729   
       1.68398941        -46.0716743        -20.7194023        -2.64811683        -1.13909602       -0.869569659         18.5168266         20.8308830         22.1625919         24.5289116         25.6137390        0.500000060        0.101063848        0.601063907   
       1.69265163        -46.0716476        -20.7201424        -2.63143158        -1.16004288       -0.863783062         18.5208263         20.7832890         22.1647873         24.4969749         25.7611275        0.500000060        0.106382988        0.606383026   
       1.70131385        -46.0716209        -20.7208939        -2.61396551        -1.18185604       -0.857874691         18.5247002         20.7365646         22.1669579         24.4648190         25.9129658        0.500000060        0.111702144        0.611702204   
       1.70997608        -46.0715981        -20.7216511        -2.59557557        -1.20465362       -0.851875067         18.5283680         20.6910191         22.1691990         24.4323673         26.0703220        0.500000060        0.117021285        0.617021322   
       1.71863830        -46.0715675        -20.7224140        -2.57613897        -1.22853243       -0.845817447         18.5318184         20.6468830         22.1716003         24.3995476         26.2343273        0.500000060        0.122340433        0.622340500   
       1.72730052        -46.0715408        -20.7231808        -2.55561566        -1.25350225       -0.839737415         18.5351276         20.6042595         22.1742058         24.3663673         26.4055214        0.500000060        0.127659589        0.627659678   
       1.73596275        -46.0715103        -20.7239418        -2.53409266        -1.27944636       -0.833671331         18.5384579         20.5631008         22.1770039         24.3329601         26.5834541        0.500000060        0.132978722        0.632978797   
       1.74462497        -46.0714874        -20.7247009        -2.51177359        -1.30613387       -0.827654183         18.5420628         20.5231991         22.1799469         24.2995663         26.7666798        0.500000060        0.138297886        0.638297915   
       1.75328720        -46.0714569        -20.7254505        -2.48891425        -1.33328283       -0.821717203         18.5462246         20.4842434         22.1829815         24.2664700         26.9532509        0.500000060        0.143617049        0.643617094   
       1.76194942        -46.0714302        -20.7261868        -2.46574092        -1.36064732       -0.815889060         18.5512199         20.4459057         22.1860580         24.2339344         27.1413689        0.500000060        0.148936197        0.648936272   
       1.77061164        -46.0714035        -20.7269096        -2.44237757        -1.38808537       -0.810196042         18.5572510         20.4079571         22.1891251         24.2021809         27.3298645        0.500000060        0.154255331        0.654255390   
       1.77927387        -46.0713806        -20.7276134        -2.41882133        -1.41558421       -0.804662883         18.5644264         20.3703060         22.1921368         24.1713676         27.5183201        0.500000060        0.159574479        0.659574509   
       1.78793609        -46.0713539        -20.7282944        -2.39495802        -1.44324577       -0.799312174         18.5727978         20.3329601         22.1950569         24.1416225         27.7068424        0.500000060        0.164893642        0.664893687   
       1.79659832        -46.0713310        -20.7289505        -2.37058854        -1.47126281       -0.794161081         18.5824070         20.2959213         22.1978779         24.1130543         27.8958874        0.500000060        0.170212790        0.670212865   
       1.80526054        -46.0713081        -20.7295799        -2.34544635        -1.49990284       -0.789221346         18.5933495         20.2591038         22.2006245         24.0857830         28.0862751        0.500000060        0.175531924        0.675531983   
       1.81392276        -46.0712891        -20.7301807        -2.31920099        -1.52949846       -0.784501314         18.6057720         20.2223415         22.2033558         24.0599155         28.2795162        0.500000060        0.180851072        0.680851102   
       1.82258499        -46.0712662        -20.7307453        -2.29148293        -1.56041873       -0.780012727         18.6197910         20.1854935         22.2061195         24.0355644         28.4780903        0.500000060        0.186170220        0.686170280   
       1.83124721        -46.0712509        -20.7312775        -2.26193452        -1.59300923       -0.775775254         18.6354103         20.1485939         22.2089195         24.0128155         28.6855183        0.500000060        0.191489384        0.691489458   
       1.83990943        -46.0712318        -20.7317715        -2.23029900        -1.62750745       -0.771815240         18.6524429         20.1119213         22.2117004         23.9917221         28.9058704        0.500000060        0.196808532        0.696808577   
       1.84857166        -46.0712128        -20.7322254        -2.19650435        -1.66395891       -0.768161535         18.6705379         20.0759716         22.2143688         23.9723225         29.1429272        0.500000060        0.202127695        0.702127755   
       1.85723388        -46.0712013        -20.7326374        -2.16073322        -1.70215607       -0.764840543         18.6892624         20.0413170         22.2168274         23.9546413         29.3989811        0.500000060        0.207446828        0.707446873   
       1.86589611        -46.0711861        -20.7330055        -2.12346268        -1.74159753       -0.761875629         18.7081852         20.0084934         22.2189827         23.9387188         29.6735821        0.500000060        0.212765977        0.712766051   
       1.87455833        -46.0711746        -20.7333279        -2.08550978        -1.78144324       -0.759291232         18.7269173         19.9779510         22.2207623         23.9246292         29.9622746        0.500000060        0.218085125        0.718085170   
       1.88322055        -46.0711670        -20.7336025        -2.04808736        -1.82045472       -0.757112324         18.7450199         19.9501362         22.2221222         23.9124718         30.2555904        0.500000060        0.223404288        0.723404348   
       1.89188278        -46.0711555        -20.7338295        -2.01285815        -1.85695052       -0.755359650         18.7619057         19.9256115         22.2230415         23.9023647         30.5386810        0.500000060        0.228723437        0.728723526   
       1.90054500        -46.0711479        -20.7340088        -1.98189795        -1.88885128       -0.754038930         18.7767391         19.9051189         22.2235603         23.8944168         30.7921429        0.500000060        0.234042570        0.734042645   
       1.90920722        -46.0711441        -20.7341347        -1.95750213        -1.91387820       -0.753134429         18.7884731         19.8895454         22.2237759         23.8887005         30.9943867        0.500000060        0.239361718        0.739361763   
       1.91786945        -46.0711403        -20.7342110        -1.94182217        -1.92991424       -0.752613723         18.7960548         19.8797684         22.2238235         23.8852596         31.1253548        0.500000060        0.244680867        0.744680941   
       1.92653167        -46.0711403        -20.7342358        -1.93640673        -1.93544376       -0.752444625         18.7986794         19.8764305         22.2238235         23.8841114         31.1707420        0.500000060        0.250000030        0.750000119     [W]   
       1.93525529        -46.0711441        -20.7342854        -1.93978620        -1.93178308       -0.752312601         18.7946415         19.8786087         22.2261124         23.8846912         31.1427765        0.496212155        0.253787905        0.750000060   
       1.94397891        -46.0711555        -20.7344265        -1.94954395        -1.92120993       -0.751918972         18.7833118         19.8843899         22.2329712         23.8864479         31.0615387        0.492424279        0.257575780        0.750000060   
       1.95270252        -46.0711746        -20.7346516        -1.96467876        -1.90476036       -0.751277149         18.7663460         19.8922844         22.2442856         23.8894272         30.9343891        0.488636404        0.261363626        0.750000000   
       1.96142626        -46.0712051        -20.7349548        -1.98385572        -1.88380182       -0.750403285         18.7457561         19.9005032         22.2598438         23.8936653         30.7715187        0.484848529        0.265151531        0.750000060   
       1.97014987        -46.0712357        -20.7353306        -2.00570989        -1.85974145       -0.749306560         18.7235851         19.9072418         22.2794266         23.8991718         30.5837898        0.481060624        0.268939435        0.750000060   
       1.97887349        -46.0712738        -20.7357674        -2.02904749        -1.83382189       -0.747990549         18.7016144         19.9108868         22.3028431         23.9059105         30.3811417        0.477272749        0.272727311        0.750000060   
       1.98759711        -46.0713158        -20.7362614        -2.05291009        -1.80705261       -0.746460021         18.6812191         19.9101963         22.3299217         23.9138184         30.1719513        0.473484874        0.276515156        0.750000000   
       1.99632072        -46.0713615        -20.7368050        -2.07654738        -1.78022742       -0.744727015         18.6633263         19.9043770         22.3604698         23.9228401         29.9630547        0.469697028        0.280303061        0.750000119   
       2.00504446        -46.0714149        -20.7373905        -2.09938335        -1.75396311       -0.742809892         18.6484528         19.8930950         22.3942184         23.9329643         29.7598591        0.465909153        0.284090906        0.750000060   
       2.01376820        -46.0714684        -20.7380104        -2.12101579        -1.72870183       -0.740726113         18.6367435         19.8764629         22.4308147         23.9442348         29.5662594        0.462121218        0.287878811        0.750000000   
       2.02249193        -46.0715256        -20.7386608        -2.14122987        -1.70470953       -0.738485992         18.6279392         19.8550587         22.4698219         23.9567490         29.3844814        0.458333343        0.291666657        0.750000000   
       2.03121567        -46.0715828        -20.7393322        -2.15997887        -1.68209016       -0.736090422         18.6212826         19.8300018         22.5107670         23.9706230         29.2150555        0.454545498        0.295454562        0.750000060   
       2.03993940        -46.0716438        -20.7400208        -2.17732549        -1.66084552       -0.733535767         18.6154346         19.8030338         22.5531178         23.9859715         29.0571442        0.450757593        0.299242437        0.750000000   
       2.04866314        -46.0717010        -20.7407169        -2.19336224        -1.64094353       -0.730819404         18.6085224         19.7764854         22.5963116         24.0028992         28.9091110        0.446969718        0.303030342        0.750000060   
       2.05738688        -46.0717621        -20.7414188        -2.20816278        -1.62236738       -0.727942824         18.5984116         19.7529583         22.6397495         24.0214882         28.7690582        0.443181843        0.306818187        0.750000000   
       2.06611061        -46.0718231        -20.7421150        -2.22178411        -1.60510826       -0.724915206         18.5832253         19.7348022         22.6828461         24.0417862         28.6352100        0.439393997        0.310606092        0.750000119   
       2.07483435        -46.0718803        -20.7428074        -2.23429561        -1.58913517       -0.721752286         18.5618687         19.7235088         22.7250729         24.0637894         28.5061398        0.435606122        0.314393967        0.750000119   
       2.08355808        -46.0719414        -20.7434845        -2.24580765        -1.57436597       -0.718480051         18.5344124         19.7193336         22.7659855         24.0874310         28.3808994        0.431818187        0.318181813        0.750000000   
       2.09228182        -46.0719986        -20.7441425        -2.25646162        -1.56067479       -0.715135217         18.5020981         19.7212791         22.8052292         24.1125717         28.2591305        0.428030312        0.321969718        0.750000000   
       2.10100555        -46.0720520        -20.7447777        -2.26639056        -1.54793215       -0.711762488         18.4669876         19.7274609         22.8425102         24.1390209         28.1410809        0.424242467        0.325757623        0.750000119   
       2.10972929        -46.0721092        -20.7453861        -2.27568603        -1.53604388       -0.708411992         18.4314423         19.7356491         22.8775902         24.1665077         28.0274258        0.420454592        0.329545498        0.750000119   
       2.11845303        -46.0721588        -20.7459602        -2.28438425        -1.52496624       -0.705135584         18.3976173         19.7437553         22.9102783         24.1946926         27.9190331        0.416666687        0.333333343        0.750000000   
       2.12717676        -46.0722046        -20.7464981        -2.29247952        -1.51469767       -0.701984227         18.3671894         19.7501297         22.9404335         24.2231464         27.8167610        0.412878782        0.337121218        0.750000000   
       2.13590050        -46.0722504        -20.7469959        -2.29994226        -1.50526094       -0.699004531         18.3412876         19.7536411         22.9679737         24.2513638         27.7214336        0.409090936        0.340909123        0.750000060   
       2.14462423        -46.0722923        -20.7474518        -2.30673647        -1.49668920       -0.696237683         18.3205814         19.7536316         22.9928322         24.2787933         27.6338558        0.405303061        0.344696999        0.750000060   
       2.15334797        -46.0723267        -20.7478600        -2.31282306        -1.48902094       -0.693718910         18.3053741         19.7499008         23.0149345         24.3048763         27.5547905        0.401515156        0.348484874        0.750000000   
       2.16207170        -46.0723572        -20.7482185        -2.31816292        -1.48229814       -0.691477180         18.2956123         19.7426758         23.0341911         24.3290634         27.4848557        0.397727281        0.352272719        0.750000000   
       2.17079544        -46.0723801        -20.7485275        -2.32271934        -1.47656155       -0.689536512         18.2908440         19.7326469         23.0505066         24.3508148         27.4244270        0.393939435        0.356060594        0.750000000   
       2.17951918        -46.0724030        -20.7487812        -2.32646489        -1.47184324       -0.687918067         18.2901478         19.7209644         23.0638161         24.3696060         27.3737068        0.390151560        0.359848499        0.750000060   
       2.18824291        -46.0724220        -20.7489815        -2.32938385        -1.46816289       -0.686639786         18.2921696         19.7091713         23.0741024         24.3849163         27.3329754        0.386363655        0.363636374        0.750000000   
       2.19696665        -46.0724335        -20.7491245        -2.33147001        -1.46552980       -0.685716510         18.2952824         19.6990089         23.0813980         24.3962650         27.3028469        0.382575780        0.367424250        0.750000000   
       2.20569038        -46.0724411        -20.7492104        -2.33272195        -1.46394789       -0.685158730         18.2979240         19.6921196         23.0857449         24.4032536         27.2841988        0.378787905        0.371212125        0.750000000   
       2.21441412        -46.0724449        -20.7492390        -2.33313942        -1.46341991       -0.684972346         18.2989445         19.6896801         23.0871887         24.4056129         27.2778664        0.375000030        0.375000030        0.750000060     [K]   
       2.22305059        -46.0724182        -20.7484665        -2.34194803        -1.45527494       -0.689175308         18.3104572         19.7007923         23.0734425         24.4123802         27.2266979        0.381250024        0.381250024        0.752500057   
       2.23168707        -46.0724144        -20.7480030        -2.35058379        -1.44544840       -0.693078637         18.3073616         19.7239742         23.0612431         24.4187012         27.1780910        0.387500018        0.387500018        0.755000055   
       2.24032354        -46.0724297        -20.7478561        -2.35881042        -1.43418598       -0.696654439         18.2910671         19.7578545         23.0506153         24.4246712         27.1318626        0.393750042        0.393750042        0.757500052   
       2.24896002        -46.0724716        -20.7480259        -2.36636639        -1.42176926       -0.699865639         18.2635899         19.8005009         23.0415554         24.4304371         27.0877266        0.400000036        0.400000036        0.760000050   
       2.25759649        -46.0725327        -20.7485199        -2.37300825        -1.40846288       -0.702679396         18.2271080         19.8498592         23.0340557         24.4361572         27.0454655        0.406250030        0.406250030        0.762500048   
       2.26623297        -46.0726204        -20.7493382        -2.37854385        -1.39446819       -0.705076337         18.1836205         19.9040375         23.0281219         24.4419689         27.0050411        0.412500024        0.412500024        0.765000045   
       2.27486944        -46.0727310        -20.7504845        -2.38285637        -1.37989998       -0.707053363         18.1348114         19.9614220         23.0237846         24.4479618         26.9665623        0.418750018        0.418750018        0.767500043   
       2.28350592        -46.0728645        -20.7519608        -2.38590837        -1.36478651       -0.708618224         18.0820560         20.0206318         23.0211143         24.4541626         26.9301529        0.425000012        0.425000012        0.769999981   
       2.29214239        -46.0730247        -20.7537689        -2.38773179        -1.34908867       -0.709781408         18.0264874         20.0804768         23.0202007         24.4605465         26.8957882        0.431250006        0.431250006        0.772499979   
       2.30077887        -46.0732040        -20.7559090        -2.38840103        -1.33273172       -0.710548282         17.9690208         20.1399307         23.0211525         24.4670601         26.8632221        0.437500030        0.437500030        0.775000036   
       2.30941534        -46.0734138        -20.7583790        -2.38800383        -1.31564164       -0.710915983         17.9103413         20.1982002         23.0240746         24.4736309         26.8320541        0.443750024        0.443750024        0.777500033   
       2.31805182        -46.0736427        -20.7611809        -2.38660574        -1.29777479       -0.710873604         17.8509026         20.2547569         23.0290470         24.4802132         26.8018265        0.450000018        0.450000018        0.780000031   
       2.32668829        -46.0738983        -20.7643127        -2.38423038        -1.27913880       -0.710404634         17.7909431         20.3093624         23.0360985         24.4867954         26.7721710        0.456250012        0.456250012        0.782500029   
       2.33532476        -46.0741806        -20.7677708        -2.38085198        -1.25979292       -0.709491253         17.7305222         20.3620319         23.0452023         24.4934063         26.7428951        0.462500006        0.462500006        0.785000026   
       2.34396124        -46.0744858        -20.7715530        -2.37640762        -1.23983216       -0.708121657         17.6696033         20.4129887         23.0562763         24.5001011         26.7140522        0.468750000        0.468750000        0.787500024   
       2.35259771        -46.0748177        -20.7756538        -2.37081432        -1.21935737       -0.706296921         17.6080799         20.4626064         23.0692253         24.5069313         26.6859589        0.475000024        0.475000024        0.790000021   
       2.36123419        -46.0751762        -20.7800732        -2.36399031        -1.19845307       -0.704035938         17.5458126         20.5113449         23.0839405         24.5139313         26.6591625        0.481250048        0.481250048        0.792500079   
       2.36987066        -46.0755577        -20.7848072        -2.35587049        -1.17717540       -0.701372981         17.4826450         20.5596828         23.1003342         24.5211220         26.6343098        0.487500042        0.487500042        0.795000076   
       2.37850714        -46.0759659        -20.7898445        -2.34640789        -1.15555823       -0.698347449         17.4184284         20.6080399         23.1183319         24.5285225         26.6119041        0.493750036        0.493750036        0.797500074   
       2.38714361        -46.0763969        -20.7951851        -2.33557749        -1.13362777       -0.694988847         17.3530674         20.6566944         23.1378727         24.5361881         26.5921040        0.500000060        0.500000060        0.800000072   
       2.39578009        -46.0768547        -20.8008194        -2.32337260        -1.11141789       -0.691305578         17.2865410         20.7057743         23.1589260         24.5441990         26.5746136        0.506250024        0.506250024        0.802500069   
       2.40441656        -46.0773392        -20.8067436        -2.30980015        -1.08897471       -0.687283158         17.2188835         20.7552643         23.1814976         24.5526619         26.5587692        0.512500048        0.512500048        0.805000067   
       2.41305304        -46.0778465        -20.8129463        -2.29487681        -1.06635404       -0.682891846         17.1501808         20.8050766         23.2056141         24.5616779         26.5437412        0.518750072        0.518750072        0.807500064   
       2.42168951        -46.0783806        -20.8194237        -2.27862477        -1.04361129       -0.678100049         17.0805302         20.8551178         23.2313099         24.5713367         26.5287704        0.525000036        0.525000036        0.810000062   
       2.43032598        -46.0789375        -20.8261662        -2.26107025        -1.02078938       -0.672885001         17.0100079         20.9053440         23.2586098         24.5816994         26.5133095        0.531250060        0.531250060        0.812500060   
       2.43896246        -46.0795212        -20.8331623        -2.24224520       -0.997914612       -0.667237818         16.9386883         20.9557781         23.2875309         24.5927963         26.4970570        0.537500024        0.537500024        0.815000057   
       2.44759893        -46.0801239        -20.8404083        -2.22218704       -0.974994183       -0.661161840         16.8666325         21.0065308         23.3180885         24.6046009         26.4799423        0.543750048        0.543750048        0.817499995   
       2.45623541        -46.0807533        -20.8478909        -2.20093989       -0.952024877       -0.654669583         16.7939091         21.0577641         23.3503094         24.6170464         26.4620628        0.550000012        0.550000012        0.819999993   
       2.46487188        -46.0814056        -20.8556023        -2.17854524       -0.928999424       -0.647777200         16.7205753         21.1096859         23.3842201         24.6300488         26.4436531        0.556250036        0.556250036        0.822500050   
       2.47350836        -46.0820808        -20.8635292        -2.15504003       -0.905914783       -0.640504420         16.6466808         21.1625290         23.4198170         24.6435337         26.4250202        0.562500000        0.562500000        0.824999988   
       2.48214483        -46.0827789        -20.8716660        -2.13045478       -0.882773340       -0.632873595         16.5722656         21.2165012         23.4570465         24.6574936         26.4064827        0.568750024        0.568750024        0.827500045   
       2.49078131        -46.0834999        -20.8799973        -2.10481501       -0.859580755       -0.624908268         16.4973736         21.2717628         23.4958172         24.6719894         26.3883209        0.575000048        0.575000048        0.830000043   
       2.49941778        -46.0842361        -20.8885136        -2.07814574       -0.836346090       -0.616631329         16.4220581         21.3283997         23.5360165         24.6871452         26.3707619        0.581250072        0.581250072        0.832500041   
       2.50805426        -46.0849953        -20.8972054        -2.05047297       -0.813083529       -0.608061850         16.3463993         21.3864155         23.5775490         24.7031155         26.3539448        0.587500036        0.587500036        0.835000038   
       2.51669073        -46.0857773        -20.9060593        -2.02181816       -0.789814532       -0.599215090         16.2704697         21.4457970         23.6203480         24.7200508         26.3379421        0.593750060        0.593750060        0.837500036   
       2.52532721        -46.0865784        -20.9150658        -1.99219942       -0.766572297       -0.590104401         16.1943398         21.5065403         23.6643772         24.7380619         26.3227215        0.600000024        0.600000024        0.840000033   
       2.53396368        -46.0873947        -20.9242134        -1.96162713       -0.743393600       -0.580745578         16.1180630         21.5687027         23.7096348         24.7572136         26.3081818        0.606250048        0.606250048        0.842500091   
       2.54260015        -46.0882301        -20.9334869        -1.93011284       -0.720314264       -0.571157515         16.0416756         21.6323719         23.7561646         24.7775135         26.2942410        0.612500072        0.612500072        0.845000088   
       2.55123663        -46.0890846        -20.9428768        -1.89767504       -0.697364748       -0.561359823         15.9652100         21.6976433         23.8040543         24.7989368         26.2809410        0.618750095        0.618750095        0.847500086   
       2.55987310        -46.0899544        -20.9523716        -1.86434305       -0.674570739       -0.551366270         15.8886909         21.7645855         23.8534222         24.8214607         26.2685566        0.625000060        0.625000060        0.850000083   
       2.56850958        -46.0908394        -20.9619598        -1.83015728       -0.651956618       -0.541180730         15.8121443         21.8332157         23.9043827         24.8450756         26.2575417        0.631250024        0.631250024        0.852500081   
       2.57714605        -46.0917397        -20.9716301        -1.79516625       -0.629545450       -0.530799925         15.7355814         21.9035358         23.9570389         24.8697948         26.2483807        0.637500048        0.637500048        0.855000079   
       2.58578253        -46.0926552        -20.9813671        -1.75942457       -0.607356429       -0.520220757         15.6590128         21.9755440         24.0114670         24.8956280         26.2414188        0.643750072        0.643750072        0.857500076   
       2.59441900        -46.0935822        -20.9911633        -1.72298765       -0.585404456       -0.509443045         15.5824547         22.0492420         24.0677528         24.9225502         26.2367935        0.650000036        0.650000036        0.860000074   
       2.60305548        -46.0945206        -21.0010052        -1.68590617       -0.563712835       -0.498460025         15.5059309         22.1246243         24.1259995         24.9504967         26.2345123        0.656250060        0.656250060        0.862500072   
       2.61169195        -46.0954704        -21.0108795        -1.64822578       -0.542339087       -0.487238646         15.4294977         22.2016850         24.1863022         24.9793777         26.2346191        0.662500024        0.662500024        0.865000010   
       2.62032843        -46.0964355        -21.0207748        -1.60998023       -0.521395087       -0.475699812         15.3532200         22.2804337         24.2487373         25.0091171         26.2373104        0.668750048        0.668750048        0.867500007   
       2.62896490        -46.0974045        -21.0306835        -1.57119656       -0.501046121       -0.463718861         15.2771759         22.3609314         24.3133354         25.0396404         26.2429371        0.675000072        0.675000072        0.870000064   
       2.63760138        -46.0983810        -21.0405903        -1.53190029       -0.481475651       -0.451155335         15.2014418         22.4432831         24.3801060         25.0709019         26.2518635        0.681250036        0.681250036        0.872500002   
       2.64623785        -46.0993652        -21.0504856        -1.49211884       -0.462831199       -0.437902391         15.1260824         22.5276127         24.4490452         25.1028709         26.2642422        0.687500060        0.687500060        0.875000060   
       2.65487432        -46.1003609        -21.0603580        -1.45188856       -0.445175141       -0.423932791         15.0511532         22.6140041         24.5201168         25.1355858         26.2798710        0.693750024        0.693750024        0.877499998   
       2.66351080        -46.1013565        -21.0701981        -1.41125226       -0.428469330       -0.409315914         14.9766970         22.7024841         24.5932331         25.1692066         26.2980785        0.700000048        0.700000048        0.880000055   
       2.67214727        -46.1023560        -21.0799904        -1.37026083       -0.412593335       -0.394195527         14.9027386         22.7930470         24.6682243         25.2040348         26.3178272        0.706250072        0.706250072        0.882500052   
       2.68078375        -46.1033554        -21.0897293        -1.32897568       -0.397388786       -0.378744930         14.8292866         22.8856792         24.7448711         25.2404556         26.3379192        0.712500095        0.712500095        0.885000050   
       2.68942022        -46.1043625        -21.0994053        -1.28747284       -0.382701129       -0.363119870         14.7563457         22.9803715         24.8230095         25.2788353         26.3572540        0.718750060        0.718750060        0.887500048   
       2.69805670        -46.1053696        -21.1090050        -1.24583852       -0.368405223       -0.347431332         14.6839294         23.0770626         24.9025745         25.3194408         26.3750839        0.725000024        0.725000024        0.890000045   
       2.70669317        -46.1063690        -21.1185207        -1.20416057       -0.354417473       -0.331747860         14.6120882         23.1756039         24.9836121         25.3624306         26.3910370        0.731250107        0.731250107        0.892500103   
       2.71532965        -46.1073723        -21.1279411        -1.16251266       -0.340694427       -0.316113085         14.5409031         23.2757435         25.0661602         25.4079285         26.4050121        0.737500072        0.737500072        0.895000100   
       2.72396612        -46.1083755        -21.1372585        -1.12093270       -0.327226043       -0.300566345         14.4704666         23.3772430         25.1501637         25.4561100         26.4169998        0.743750095        0.743750095        0.897500098   
       2.73260260        -46.1093674        -21.1464653        -1.07942748       -0.314024180       -0.285161436         14.4008760         23.4799442         25.2354259         25.5071793         26.4270267        0.750000060        0.750000060        0.900000095   
       2.74123907        -46.1103592        -21.1555500        -1.03798008       -0.301100820       -0.269970924         14.3322105         23.5838451         25.3216686         25.5612774         26.4353065        0.756250024        0.756250024        0.902500093   
       2.74987555        -46.1113434        -21.1645050       -0.996573865       -0.288448632       -0.255087435         14.2645407         23.6890774         25.4086189         25.6184063         26.4424763        0.762500048        0.762500048        0.905000091   
       2.75851202        -46.1123161        -21.1733208       -0.955213785       -0.276026875       -0.240616083         14.1979313         23.7958679         25.4960384         25.6783962         26.4496574        0.768750072        0.768750072        0.907500088   
       2.76714849        -46.1132851        -21.1819897       -0.913936317       -0.263766319       -0.226658121         14.1324415         23.9045734         25.5836487         25.7410278         26.4582424        0.775000095        0.775000095        0.910000086   
       2.77578497        -46.1142387        -21.1905060       -0.872807443       -0.251593441       -0.213289052         14.0681124         24.0157604         25.6710186         25.8061676         26.4694443        0.781250060        0.781250060        0.912500024   
       2.78442144        -46.1151886        -21.1988621       -0.831914485       -0.239462003       -0.200536400         14.0049515         24.1302528         25.7574863         25.8738556         26.4838562        0.787500024        0.787500024        0.915000021   
       2.79305792        -46.1161232        -21.2070465       -0.791350484       -0.227375522       -0.188367918         13.9429302         24.2490807         25.8422337         25.9442863         26.5013504        0.793750048        0.793750048        0.917500079   
       2.80169439        -46.1170425        -21.2150574       -0.751206815       -0.215391517       -0.176701978         13.8820095         24.3732510         25.9244614         26.0177135         26.5212975        0.800000072        0.800000072        0.920000017   
       2.81033087        -46.1179466        -21.2228870       -0.711561918       -0.203599676       -0.165435836         13.8221569         24.5034447         26.0035896         26.0943794         26.5429955        0.806250095        0.806250095        0.922500074   
       2.81896734        -46.1188354        -21.2305260       -0.672480941       -0.192085326       -0.154482439         13.7633848         24.6397610         26.0794277         26.1744785         26.5660515        0.812500060        0.812500060        0.925000012   
       2.82760382        -46.1197090        -21.2379704       -0.634018838       -0.180898368       -0.143802285         13.7057514         24.7815914         26.1522408         26.2581596         26.5905247        0.818750024        0.818750024        0.927500069   
       2.83624029        -46.1205635        -21.2452145       -0.596228182       -0.170033038       -0.133410484         13.6493540         24.9276447         26.2227440         26.3455067         26.6168633        0.825000048        0.825000048        0.930000067   
       2.84487677        -46.1213989        -21.2522526       -0.559167862       -0.159438491       -0.123364747         13.5943165         25.0760937         26.2919865         26.4365196         26.6457100        0.831250072        0.831250072        0.932500064   
       2.85351324        -46.1222153        -21.2590771       -0.522901416       -0.149043307       -0.113735996         13.5407696         25.2248859         26.3611584         26.5311317         26.6776772        0.837500095        0.837500095        0.935000062   
       2.86214972        -46.1230087        -21.2656841       -0.487490743       -0.138791516       -0.104581513         13.4888296         25.3721409         26.4313164         26.6292725         26.7131634        0.843750119        0.843750119        0.937500060   
       2.87078619        -46.1237793        -21.2720718       -0.452983588       -0.128669515       -0.959310681E-1      13.4385920         25.5166187         26.5031052         26.7309303         26.7523003        0.850000024        0.850000024        0.940000057   
       2.87942266        -46.1245270        -21.2782307       -0.419402361       -0.118714727       -0.877868384E-1      13.3901148         25.6580887         26.5766220         26.8361435         26.7950783        0.856250048        0.856250048        0.942500114   
       2.88805914        -46.1252480        -21.2841587       -0.386748910       -0.109003946       -0.801324919E-1      13.3434095         25.7973728         26.6514721         26.9448528         26.8416653        0.862500072        0.862500072        0.945000112   
       2.89669561        -46.1259499        -21.2898502       -0.355016202       -0.996316373E-1    -0.729453936E-1      13.2984591         25.9360371         26.7270775         27.0566864         26.8926659        0.868750095        0.868750095        0.947500110   
       2.90533209        -46.1266212        -21.2953033       -0.324206054       -0.906807035E-1    -0.662037134E-1      13.2552195         26.0758324         26.8030624         27.1707973         26.9491692        0.875000119        0.875000119        0.950000107   
       2.91396856        -46.1272659        -21.3005123       -0.294344306       -0.821995810E-1    -0.598944165E-1      13.2136536         26.2181129         26.8796196         27.2858391         27.0123787        0.881250083        0.881250083        0.952500105   
       2.92260504        -46.1278839        -21.3054752       -0.265487522       -0.741899386E-1    -0.540183596E-1      13.1737375         26.3635044         26.9576397         27.4001083         27.0830803        0.887500048        0.887500048        0.955000103   
       2.93124151        -46.1284752        -21.3101883       -0.237721696       -0.666065887E-1    -0.485904701E-1      13.1354904         26.5117912         27.0386562         27.5116901         27.1613674        0.893750131        0.893750131        0.957500100   
       2.93987799        -46.1290359        -21.3146496       -0.211160153       -0.593722686E-1    -0.436291434E-1      13.0989714         26.6620159         27.1245861         27.6186295         27.2468777        0.900000095        0.900000095        0.960000038   
       2.94851446        -46.1295624        -21.3188534       -0.185936883       -0.524017401E-1    -0.391361155E-1      13.0642796         26.8126774         27.2174053         27.7190876         27.3394413        0.906250119        0.906250119        0.962500036   
       2.95715094        -46.1300621        -21.3227997       -0.162202910       -0.456276163E-1    -0.350762345E-1      13.0315418         26.9619408         27.3187389         27.8115158         27.4395142        0.912500024        0.912500024        0.965000033   
       2.96578741        -46.1305313        -21.3264828       -0.140110657       -0.390207022E-1    -0.313712247E-1      13.0008850         27.1080589         27.4294815         27.8949642         27.5479240        0.918750048        0.918750048        0.967500031   
       2.97442389        -46.1309662        -21.3299026       -0.119788110       -0.326007716E-1    -0.279167574E-1      12.9724188         27.2498264         27.5493927         27.9693871         27.6647434        0.925000072        0.925000072        0.970000088   
       2.98306036        -46.1313667        -21.3330574       -0.101302922       -0.264378656E-1    -0.246143136E-1      12.9462099         27.3870392         27.6768379         28.0357914         27.7879658        0.931250095        0.931250095        0.972500026   
       2.99169683        -46.1317368        -21.3359451       -0.846357048E-1    -0.206494182E-1    -0.214042794E-1      12.9222870         27.5206203         27.8087330         28.0961113         27.9126644        0.937500119        0.937500119        0.975000083   
       3.00033331        -46.1320763        -21.3385620       -0.696756020E-1    -0.153883528E-1    -0.182779748E-1      12.9006481         27.6523209         27.9408283         28.1528339         28.0314064        0.943750024        0.943750024        0.977500021   
       3.00896978        -46.1323776        -21.3409100       -0.562557615E-1    -0.108197322E-1    -0.152694909E-1      12.8812733         27.7840137         28.0682983         28.2084656         28.1356468        0.950000048        0.950000048        0.980000079   
       3.01760626        -46.1326447        -21.3429832       -0.442148820E-1    -0.708137639E-2    -0.124324933E-1      12.8641386         27.9168167         28.1864815         28.2650051         28.2177162        0.956250072        0.956250072        0.982500076   
       3.02624273        -46.1328773        -21.3447819       -0.334611833E-1    -0.423921552E-2    -0.982039887E-2      12.8492174         28.0502625         28.2915726         28.3234673         28.2726440        0.962500095        0.962500095        0.985000074   
       3.03487921        -46.1330757        -21.3463078       -0.240077507E-1    -0.225861138E-2    -0.747942645E-2      12.8364792         28.1817169         28.3810482         28.3834362         28.2994270        0.968750119        0.968750119        0.987500072   
       3.04351568        -46.1332359        -21.3475552       -0.159654748E-1    -0.101088057E-2    -0.545391487E-2      12.8259201         28.3061085         28.4536934         28.4427452         28.3015347        0.975000083        0.975000083        0.990000069   
       3.05215216        -46.1333618        -21.3485260       -0.949584413E-2    -0.307722134E-3    -0.379225868E-2      12.8175611         28.4162140         28.5093555         28.4974632         28.2865067        0.981250107        0.981250107        0.992500126   
       3.06078863        -46.1334534        -21.3492203       -0.475832215E-2     0.417556548E-4    -0.254921964E-2      12.8114767         28.5035553         28.5484600         28.5423584         28.2645321        0.987500072        0.987500072        0.995000124   
       3.06942511        -46.1335068        -21.3496380       -0.187164347E-2     0.190256411E-3    -0.177729886E-2      12.8077660         28.5599728         28.5716114         28.5720520         28.2460461        0.993750155        0.993750155        0.997500122   
       3.07806134        -46.1335258        -21.3497772       -0.902737491E-3     0.229787154E-3    -0.151531072E-2      12.8065176         28.5795059         28.5792694         28.5824623         28.2389088         1.00000012         1.00000012         1.00000012     [G]
# 
# 07/13/2026 at 12:33 ypp @ compute-9-01 [start]
# 07/13/2026 at 12:33                    [end]
#  
# Timing   [Min/Max/Average]: 05s/05s/05s
#
# .-Input file  GW_(QP)bands.in
# | infver                           # [R] Input file variables verbosity
# | electrons                        # [R] Electronic properties
# | bnds                             # [R] Bands
# | PROJECT_mode= "none"             # Instruct ypp how to project the DOS. ATOM, LINE, PLANE.
# | INTERP_mode= "BOLTZ"             # Interpolation mode (NN=nearest point, BOLTZ=boltztrap aproach)
# | INTERP_Shell_Fac= 20.00000       # The bigger it is a higher number of shells is used
# | INTERP_NofNN= 1                  # Number of Nearest sites in the NN method
# | OutputAlat= 0.000000             # [a.u.] Lattice constant used for "alat" ouput format
# | cooIn= "rlu"                     # Points coordinates (in) cc/rlu/iku/alat
# | cooOut= "rlu"                    # Points coordinates (out) cc/rlu/iku/alat
# | % BANDS_bands
# |   1 | 10 |                           # Number of bands
# | %
# | CIRCUIT_E_DB_path= "none"        # SAVE obtained from the QE `bands` run (alternative to %BANDS_kpts)
# | BANDS_path= " G G"               # High-Symmetry points labels (G,M,K,L...) also using composed positions (0.5xY+0.5xL).
# | BANDS_steps= 100                 # Number of divisions
# | #BANDS_built_in                # Print the bands of the generating points of the circuit using the nearest internal point
# | GfnQPdb= "E < GW0/ndb.QP"        # [EXTQP G] Database action
# | %BANDS_kpts                      # K points of the bands circuit
# |  0.500000| 0.500000| 0.500000|
# |  0.000000| 0.000000| 0.000000|
# |  0.500000| 0.000000| 0.500000|
# |  0.500000| 0.250000| 0.750000|
# |  0.375000| 0.375000| 0.750000|
# |  1.000000| 1.000000| 1.000000|
# | %
