#                                                                     
# $$\                                                                 
# $$ |                                                                
# $$ |     $$\   $$\ $$$$$$\$$$$\   $$$$$$\  $$$$$$$\                 
# $$ |     $$ |  $$ |$$  _$$  _$$\ $$  __$$\ $$  __$$\                
# $$ |     $$ |  $$ |$$ / $$ / $$ |$$$$$$$$ |$$ |  $$ |               
# $$ |     $$ |  $$ |$$ | $$ | $$ |$$   ____|$$ |  $$ |               
# $$$$$$$$\\$$$$$$  |$$ | $$ | $$ |\$$$$$$$\ $$ |  $$ |               
# \________|\______/ \__| \__| \__| \_______|\__|  \__|               
#                                                                     
#                   Fork Lumen 2.1.0                                  
#                  Branch is bug-fixes                                
#        MPI+OpenMP+SLK+SLEPC+HDF5_MPI_IO Build                       
#               http://www.lumen-code.org                             
#
#     |k| (a.u.)         b1                 b2                 b3                 b4                 b5                 b6                 b7                 b8                 b9                 b10               k_x (rlu)          k_y (rlu)          k_z (rlu)
#
       0.00000000        -40.8938828        -19.3709297        -2.37937903       -0.213850334       -0.213933915         10.6291227         16.2674141         18.6479034         18.6476364         29.8215771        0.500000060        0.500000060        0.500000060     [L]   
      0.859948620E-2     -40.8939018        -19.3710861        -2.37859845       -0.213698208       -0.213967502         10.6289272         16.2678604         18.6487656         18.6487617         29.8186646        0.493902504        0.493902504        0.493902504   
      0.171989724E-1     -40.8939552        -19.3715611        -2.37625408       -0.213289842       -0.214023396         10.6283751         16.2691650         18.6513996         18.6520901         29.8094673        0.487804949        0.487804949        0.487804949   
      0.257984996E-1     -40.8940468        -19.3723469        -2.37234902       -0.212743044       -0.213984728         10.6275606         16.2712231         18.6559277         18.6574917         29.7926807        0.481707335        0.481707335        0.481707335   
      0.343979858E-1     -40.8941689        -19.3734455        -2.36690879       -0.212180257       -0.213708550         10.6265812         16.2739258         18.6625042         18.6648102         29.7663460        0.475609779        0.475609779        0.475609779   
      0.429974720E-1     -40.8943291        -19.3748550        -2.35999322       -0.211661443       -0.213083878         10.6255083         16.2771988         18.6712494         18.6739254         29.7283363        0.469512224        0.469512224        0.469512224   
      0.515969582E-1     -40.8945274        -19.3765736        -2.35168028       -0.211149961       -0.212079138         10.6243763         16.2810287         18.6822090         18.6847878         29.6770248        0.463414669        0.463414669        0.463414669   
      0.601964854E-1     -40.8947563        -19.3785973        -2.34203887       -0.210524738       -0.210760802         10.6231871         16.2854538         18.6953545         18.6974297         29.6119728        0.457317114        0.457317114        0.457317114   
      0.687959716E-1     -40.8950195        -19.3809242        -2.33109736       -0.209628224       -0.209273770         10.6219378         16.2905388         18.7105808         18.7119293         29.5343037        0.451219559        0.451219559        0.451219559   
      0.773954540E-1     -40.8953171        -19.3835468        -2.31883717       -0.208327234       -0.207788542         10.6206102         16.2963734         18.7277718         18.7283859         29.4465389        0.445122004        0.445122004        0.445122004   
      0.859949440E-1     -40.8956528        -19.3864632        -2.30521011       -0.206560135       -0.206434637         10.6191521         16.3030758         18.7468319         18.7468700         29.3519382        0.439024448        0.439024448        0.439024448   
      0.945944339E-1     -40.8960152        -19.3896675        -2.29016876       -0.204360142       -0.205246955         10.6174383         16.3108082         18.7677097         18.7674198         29.2537117        0.432926863        0.432926863        0.432926863   
      0.103193924        -40.8964157        -19.3931541        -2.27368808       -0.201848879       -0.204149395         10.6152706         16.3197670         18.7904091         18.7900219         29.1544247        0.426829308        0.426829308        0.426829308   
      0.111793451        -40.8968468        -19.3969173        -2.25576878       -0.199205145       -0.202983230         10.6124115         16.3301620         18.8149700         18.8146305         29.0558052        0.420731723        0.420731723        0.420731723   
      0.120392933        -40.8973045        -19.4009514        -2.23642516       -0.196616933       -0.201568305         10.6086407         16.3421745         18.8414364         18.8411922         28.9589329        0.414634168        0.414634168        0.414634168   
      0.128992423        -40.8978004        -19.4052467        -2.21566892       -0.194230393       -0.199769616         10.6038046         16.3559380         18.8698444         18.8696690         28.8644524        0.408536613        0.408536613        0.408536613   
      0.137591958        -40.8983231        -19.4097977        -2.19350624       -0.192112744       -0.197539285         10.5978327         16.3715363         18.9002132         18.9000397         28.7726974        0.402439058        0.402439058        0.402439058   
      0.146191448        -40.8988724        -19.4145966        -2.16994238       -0.190241680       -0.194920138         10.5907259         16.3890228         18.9325294         18.9323101         28.6835728        0.396341503        0.396341503        0.396341503   
      0.154790938        -40.8994522        -19.4196339        -2.14499593       -0.188525528       -0.192015320         10.5825157         16.4084454         18.9667854         18.9664974         28.5964565        0.390243948        0.390243948        0.390243948   
      0.163390428        -40.9000587        -19.4249020        -2.11870027       -0.186841577       -0.188943714         10.5732403         16.4298725         19.0029755         19.0026150         28.5102577        0.384146363        0.384146363        0.384146363   
      0.171989918        -40.9006958        -19.4303932        -2.09110546       -0.185075417       -0.185802221         10.5629292         16.4533882         19.0411072         19.0406609         28.4237537        0.378048807        0.378048807        0.378048807   
      0.180589408        -40.9013557        -19.4360943        -2.06227064       -0.183143541       -0.182648584         10.5516100         16.4790916         19.0811863         19.0806160         28.3360062        0.371951252        0.371951252        0.371951252   
      0.189188942        -40.9020424        -19.4419994        -2.03225970       -0.180995390       -0.179503322         10.5392942         16.5070877         19.1231995         19.1224442         28.2466354        0.365853667        0.365853667        0.365853667   
      0.197788432        -40.9027519        -19.4480972        -2.00114274       -0.178599760       -0.176364765         10.5259771         16.5374870         19.1670818         19.1661091         28.1557178        0.359756142        0.359756142        0.359756142   
      0.206387922        -40.9034843        -19.4543781        -1.96899223       -0.175930202       -0.173224702         10.5116205         16.5704212         19.2127247         19.2115917         28.0634460        0.353658587        0.353658587        0.353658587   
      0.214987457        -40.9042397        -19.4608288        -1.93588150       -0.172958404       -0.170077875         10.4961567         16.6060505         19.2600117         19.2588806         27.9697800        0.347561002        0.347561002        0.347561002   
      0.223586947        -40.9050140        -19.4674435        -1.90187657       -0.169662580       -0.166921601         10.4795017         16.6445694         19.3088512         19.3079567         27.8743687        0.341463447        0.341463447        0.341463447   
      0.232186437        -40.9058075        -19.4742088        -1.86702585       -0.166044921       -0.163745731         10.4615650         16.6862011         19.3592262         19.3587570         27.7768421        0.335365862        0.335365862        0.335365862   
      0.240785927        -40.9066200        -19.4811115        -1.83135653       -0.162148789       -0.160522491         10.4422626         16.7311821         19.4111977         19.4111729         27.6772194        0.329268306        0.329268306        0.329268306   
      0.249385417        -40.9074478        -19.4881439        -1.79486871       -0.158063784       -0.157202765         10.4215260         16.7797146         19.4648781         19.4650669         27.5761356        0.323170751        0.323170751        0.323170751   
      0.257984906        -40.9082947        -19.4952946        -1.75754511       -0.153911963       -0.153727129         10.3992949         16.8319435         19.5203743         19.5203362         27.4747219        0.317073196        0.317073196        0.317073196   
      0.266584426        -40.9091568        -19.5025501        -1.71935856       -0.149814114       -0.150049210         10.3755341         16.8879299         19.5777397         19.5769596         27.3742313        0.310975641        0.310975641        0.310975641   
      0.275183916        -40.9100266        -19.5099010        -1.68028975       -0.145851463       -0.146160826         10.3502359         16.9476318         19.6369476         19.6350231         27.2756729        0.304878056        0.304878056        0.304878056   
      0.283783406        -40.9109154        -19.5173340        -1.64034045       -0.142038316       -0.142105386         10.3234234         17.0109463         19.6978989         19.6946850         27.1796646        0.298780531        0.298780531        0.298780531   
      0.292382926        -40.9118080        -19.5248394        -1.59954083       -0.138320729       -0.137970194         10.2951422         17.0777206         19.7604561         19.7561131         27.0865211        0.292682946        0.292682946        0.292682946   
      0.300982416        -40.9127159        -19.5324039        -1.55794811       -0.134604588       -0.133858606         10.2654419         17.1478119         19.8244972         19.8194351         26.9964142        0.286585361        0.286585361        0.286585361   
      0.309581906        -40.9136238        -19.5400162        -1.51564074       -0.130797356       -0.129852906         10.2343674         17.2210903         19.8899536         19.8847122         26.9093933        0.280487806        0.280487806        0.280487806   
      0.318181396        -40.9145470        -19.5476665        -1.47270966       -0.126846492       -0.125982463         10.2019653         17.2974739         19.9568062         19.9519291         26.8253174        0.274390280        0.274390280        0.274390280   
      0.326780885        -40.9154701        -19.5553455        -1.42925429       -0.122756928       -0.122209668         10.1682882         17.3769226         20.0250778         20.0210094         26.7438030        0.268292725        0.268292725        0.268292725   
      0.335380375        -40.9164009        -19.5630360        -1.38538063       -0.118585616       -0.118440442         10.1334124         17.4594650         20.0947762         20.0918293         26.6642971        0.262195170        0.262195170        0.262195170   
      0.343979895        -40.9173317        -19.5707302        -1.34119070       -0.114416964       -0.114556164         10.0974216         17.5452080         20.1658726         20.1642380         26.5863209        0.256097555        0.256097555        0.256097555   
      0.352579385        -40.9182663        -19.5784149        -1.29677129       -0.110332884       -0.110458255         10.0603952         17.6343288         20.2382832         20.2380962         26.5096684        0.250000030        0.250000030        0.250000030   
      0.361178875        -40.9192009        -19.5860806        -1.25217652       -0.106384687       -0.106108762         10.0223885         17.7270508         20.3119164         20.3132973         26.4344463        0.243902475        0.243902475        0.243902475   
      0.369778365        -40.9201317        -19.5937176        -1.20742857       -0.102575183       -0.101551227         9.98344231         17.8235741         20.3867016         20.3897724         26.3608971        0.237804905        0.237804905        0.237804905   
      0.378377885        -40.9210625        -19.6013088        -1.16252995       -0.988553017E-1    -0.969011933E-1      9.94359112         17.9240494         20.4626217         20.4674568         26.2890816        0.231707335        0.231707335        0.231707335   
      0.386977375        -40.9219933        -19.6088486        -1.11748528       -0.951381475E-1    -0.923106000E-1      9.90289402         18.0285740         20.5397110         20.5462494         26.2186203        0.225609779        0.225609779        0.225609779   
      0.395576864        -40.9229088        -19.6163273        -1.07231891       -0.913287550E-1    -0.879203826E-1      9.86143684         18.1372414         20.6180305         20.6259918         26.1486378        0.219512224        0.219512224        0.219512224   
      0.404176354        -40.9238243        -19.6237297        -1.02708006       -0.873592272E-1    -0.838221833E-1      9.81933308         18.2501907         20.6976566         20.7064667         26.0779457        0.213414654        0.213414654        0.213414654   
      0.412775844        -40.9247284        -19.6310482       -0.981833756       -0.832131505E-1    -0.800408050E-1      9.77671051         18.3676147         20.7786789         20.7874527         26.0054226        0.207317099        0.207317099        0.207317099   
      0.421375364        -40.9256248        -19.6382751       -0.936651349       -0.789300129E-1    -0.765395463E-1      9.73370838         18.4896984         20.8611984         20.8687344         25.9304695        0.201219529        0.201219529        0.201219529   
      0.429974854        -40.9265099        -19.6453953       -0.891609907       -0.745881647E-1    -0.732396021E-1      9.69046402         18.6165085         20.9453030         20.9501801         25.8533459        0.195121974        0.195121974        0.195121974   
      0.438574344        -40.9273834        -19.6524010       -0.846794426       -0.702764615E-1    -0.700436011E-1      9.64711666         18.7479267         21.0309944         21.0317574         25.7752438        0.189024404        0.189024404        0.189024404   
      0.447173834        -40.9282417        -19.6592827       -0.802304029       -0.660697445E-1    -0.668586567E-1      9.60378933         18.8836079         21.1181431         21.1135807         25.6980019        0.182926849        0.182926849        0.182926849   
      0.455773354        -40.9290886        -19.6660328       -0.758245170       -0.620144382E-1    -0.636154860E-1      9.56057549         19.0230522         21.2064781         21.1958809         25.6235981        0.176829278        0.176829278        0.176829278   
      0.464372844        -40.9299164        -19.6726418       -0.714721143       -0.581268482E-1    -0.602816269E-1      9.51754379         19.1656914         21.2956734         21.2789326         25.5536346        0.170731723        0.170731723        0.170731723   
      0.472972333        -40.9307289        -19.6791000       -0.671823204       -0.543976761E-1    -0.568625554E-1      9.47474575         19.3109417         21.3854370         21.3629627         25.4890232        0.164634153        0.164634153        0.164634153   
      0.481571823        -40.9315224        -19.6853981       -0.629634619       -0.508032180E-1    -0.533892699E-1      9.43224239         19.4582462         21.4755268         21.4481010         25.4299240        0.158536598        0.158536598        0.158536598   
      0.490171313        -40.9322968        -19.6915302       -0.588235736       -0.473204255E-1    -0.498935319E-1      9.39011765         19.6070385         21.5656490         21.5344620         25.3758564        0.152439058        0.152439058        0.152439058   
      0.498770833        -40.9330482        -19.6974869       -0.547708988       -0.439447761E-1    -0.463856719E-1      9.34847736         19.7567825         21.6552563         21.6223106         25.3257980        0.146341473        0.146341473        0.146341473   
      0.507370293        -40.9337845        -19.7032585       -0.508135796       -0.407027043E-1    -0.428476706E-1      9.30743122         19.9070053         21.7434559         21.7121620         25.2782726        0.140243903        0.140243903        0.140243903   
      0.515969753        -40.9344940        -19.7088413       -0.469584495       -0.376472734E-1    -0.392469056E-1      9.26708317         20.0574474         21.8291149         21.8046913         25.2314854        0.134146363        0.134146363        0.134146363   
      0.524569213        -40.9351768        -19.7142277       -0.432105780       -0.348356962E-1    -0.355644561E-1      9.22753143         20.2081947         21.9112606         21.9003944         25.1836624        0.128048807        0.128048807        0.128048807   
      0.533168733        -40.9358406        -19.7194080       -0.395741135       -0.322941728E-1    -0.318214521E-1      9.18888474         20.3597431         21.9895916         21.9991665         25.1335297        0.121951215        0.121951215        0.121951215   
      0.541768193        -40.9364738        -19.7243786       -0.360536575       -0.299942121E-1    -0.280890595E-1      9.15127945         20.5129318         22.0648537         22.0999908         25.0807400        0.115853667        0.115853667        0.115853667   
      0.550367653        -40.9370804        -19.7291317       -0.326552689       -0.278517604E-1    -0.244781859E-1      9.11488628         20.6687374         22.1388950         22.2009888         25.0260010        0.109756112        0.109756112        0.109756112   
      0.558967113        -40.9376640        -19.7336636       -0.293863505       -0.257516261E-1    -0.211145766E-1      9.07987881         20.8280125         22.2142792         22.2997932         24.9707069        0.103658549        0.103658549        0.103658549   
      0.567566574        -40.9382172        -19.7379646       -0.262546211       -0.235858224E-1    -0.181123894E-1      9.04642010         20.9913445         22.2936172         22.3941631         24.9162521        0.975610018E-1     0.975610018E-1     0.975610018E-1
      0.576166093        -40.9387398        -19.7420330       -0.232667714       -0.212845430E-1    -0.155543406E-1      9.01462936         21.1591301         22.3788223         22.4826145         24.8632183        0.914634168E-1     0.914634168E-1     0.914634168E-1
      0.584765553        -40.9392319        -19.7458630       -0.204279438       -0.188315436E-1    -0.134827988E-1      8.98458672         21.3318195         22.4705410         22.5648594         24.8108273        0.853658617E-1     0.853658617E-1     0.853658617E-1
      0.593365014        -40.9396973        -19.7494488       -0.177419260       -0.162622500E-1    -0.118981618E-1      8.95633984         21.5101070         22.5679684         22.6419373         24.7569466        0.792682990E-1     0.792682990E-1     0.792682990E-1
      0.601964474        -40.9401283        -19.7527866       -0.152120844       -0.136542330E-1    -0.107598910E-1      8.92992210         21.6948166         22.6690464         22.7159328         24.6987324        0.731707439E-1     0.731707439E-1     0.731707439E-1
      0.610563993        -40.9405251        -19.7558727       -0.128427088       -0.111117791E-1    -0.998709071E-2      8.90536690         21.8863602         22.7710323         22.7893219         24.6338120        0.670731589E-1     0.670731589E-1     0.670731589E-1
      0.619163454        -40.9408913        -19.7587032       -0.106406003       -0.874961354E-2    -0.946073420E-2      8.88270664         22.0839596         22.8711700         22.8641281         24.5615463        0.609756075E-1     0.609756075E-1     0.609756075E-1
      0.627762914        -40.9412231        -19.7612762       -0.861639902E-1    -0.667020166E-2    -0.903270580E-2      8.86198425         22.2851009         22.9672642         22.9412422         24.4837208        0.548780560E-1     0.548780560E-1     0.548780560E-1
      0.636362374        -40.9415245        -19.7635860       -0.678457841E-1    -0.494177686E-2    -0.854671653E-2      8.84323788         22.4855728         23.0578880         23.0201836         24.4042301        0.487805009E-1     0.487805009E-1     0.487805009E-1
      0.644961834        -40.9417839        -19.7656288       -0.516157970E-1    -0.358473719E-2    -0.787172560E-2      8.82650375         22.6801090         23.1422119         23.0994301         24.3277397        0.426829420E-1     0.426829420E-1     0.426829420E-1
      0.653561354        -40.9420166        -19.7674065       -0.376192182E-1    -0.257267151E-2    -0.693714945E-2      8.81181240         22.8633118         23.2195625         23.1769772         24.2580624        0.365853608E-1     0.365853608E-1     0.365853608E-1
      0.662160814        -40.9422112        -19.7689133       -0.259420406E-1    -0.184893375E-2    -0.575776258E-2      8.79919434         23.0302391         23.2889900         23.2507248         24.1971893        0.304878037E-1     0.304878037E-1     0.304878037E-1
      0.670760274        -40.9423676        -19.7701473       -0.165883601E-1    -0.134842610E-2    -0.443482911E-2      8.78869247         23.1764297         23.3491020         23.3183918         24.1454964        0.243902504E-1     0.243902504E-1     0.243902504E-1
      0.679359734        -40.9424973        -19.7711105       -0.948856305E-2    -0.101301598E-2    -0.313131534E-2      8.78036976         23.2974739         23.3982067         23.3771381         24.1029682        0.182926953E-1     0.182926953E-1     0.182926953E-1
      0.687959254        -40.9425850        -19.7717972       -0.453288620E-2    -0.800261449E-3    -0.203154376E-2      8.77431774         23.3887577         23.4346256         23.4233704         24.0703659        0.121951103E-1     0.121951103E-1     0.121951103E-1
      0.696558714        -40.9426384        -19.7722111       -0.161112542E-2    -0.682383368E-3    -0.129823573E-2      8.77063179         23.4458179         23.4570255         23.4532089         24.0494728        0.609755516E-2     0.609755516E-2     0.609755516E-2
      0.705158174        -40.9426537        -19.7723484       -0.646469241E-3    -0.644815736E-3    -0.104103982E-2      8.76939297         23.4652615         23.4645824         23.4635525         24.0422306         0.00000000         0.00000000         0.00000000     [G]
      0.713820398        -40.9426346        -19.7722092       -0.161980512E-2    -0.686016283E-3    -0.130509539E-2      8.77064991         23.4456444         23.4568577         23.4530945         24.0493221        0.531914970E-2      0.00000000        0.531914970E-2
      0.722482622        -40.9425850        -19.7717896       -0.449702842E-2    -0.850408920E-3    -0.209370558E-2      8.77437878         23.3894005         23.4333248         23.4234066         24.0667248        0.106382994E-1      0.00000000        0.106382994E-1
      0.731144845        -40.9424934        -19.7710915       -0.914932787E-2    -0.126119296E-2    -0.340113766E-2      8.78048897         23.3036423         23.3929729         23.3789845         24.0839329        0.159574486E-1      0.00000000        0.159574486E-1
      0.739807069        -40.9423676        -19.7701130       -0.153632462E-1    -0.211518654E-2    -0.522870570E-2      8.78887653         23.1981411         23.3344631         23.3257618         24.0867252        0.212765988E-1      0.00000000        0.212765988E-1
      0.748469293        -40.9422035        -19.7688580       -0.228643343E-1    -0.365123199E-2    -0.759311253E-2      8.79947567         23.0830669         23.2566547         23.2694454         24.0607910        0.265957471E-1      0.00000000        0.265957471E-1
      0.757131517        -40.9420052        -19.7673206       -0.313824452E-1    -0.609147549E-2    -0.105260229E-1      8.81228065         22.9669857         23.1592884         23.2141552         23.9951191        0.319148973E-1      0.00000000        0.319148973E-1
      0.765793741        -40.9417725        -19.7655067       -0.407327898E-1    -0.957199745E-2    -0.140563836E-1      8.82732677         22.8555851         23.0436821         23.1617432         23.8843155        0.372340493E-1      0.00000000        0.372340493E-1
      0.774455965        -40.9415016        -19.7634163       -0.508944467E-1    -0.140980119E-1    -0.181832593E-1      8.84467697         22.7511692         22.9131107         23.1117458         23.7297592        0.425531976E-1      0.00000000        0.425531976E-1
      0.783118188        -40.9412003        -19.7610493       -0.620299652E-1    -0.195427071E-1    -0.228515249E-1      8.86439419         22.6529274         22.7726917         23.0618305         23.5394249        0.478723459E-1      0.00000000        0.478723459E-1
      0.791780412        -40.9408607        -19.7584057       -0.744388178E-1    -0.256961845E-1    -0.279541668E-1      8.88652706         22.5578175         22.6286888         23.0084438         23.3263817        0.531914942E-1      0.00000000        0.531914942E-1
      0.800442636        -40.9404869        -19.7554855       -0.884496421E-1    -0.323313810E-1    -0.333648175E-1      8.91109753         22.4619713         22.4874287         22.9476051         23.1060772        0.585106425E-1      0.00000000        0.585106425E-1
      0.809104860        -40.9400826        -19.7522945       -0.104310952       -0.392676629E-1    -0.389955416E-1      8.93810558         22.3622589         22.3541355         22.8756828         22.8929501        0.638297945E-1      0.00000000        0.638297945E-1
      0.817767084        -40.9396400        -19.7488289       -0.122107424       -0.463994220E-1    -0.448398329E-1      8.96750832         22.2575493         22.2320728         22.7901459         22.6974697        0.691489428E-1      0.00000000        0.691489428E-1
      0.826429307        -40.9391708        -19.7450943       -0.141749233       -0.537032001E-1    -0.509848930E-1      8.99923420         22.1491642         22.1222382         22.6900043         22.5246658        0.744680986E-1      0.00000000        0.744680986E-1
      0.835091531        -40.9386673        -19.7410908       -0.163014933       -0.612197183E-1    -0.575793199E-1      9.03318024         22.0404091         22.0236797         22.5758438         22.3746700        0.797872394E-1      0.00000000        0.797872394E-1
      0.843753755        -40.9381332        -19.7368164       -0.185631827       -0.690300539E-1    -0.647812784E-1      9.06922817         21.9354095         21.9342232         22.4494324         22.2447567        0.851063952E-1      0.00000000        0.851063952E-1
      0.852415979        -40.9375687        -19.7322788       -0.209348083       -0.772259682E-1    -0.727109835E-1      9.10725594         21.8377285         21.8513622         22.3131237         22.1317253        0.904255360E-1      0.00000000        0.904255360E-1
      0.861078203        -40.9369736        -19.7274761       -0.233987451       -0.858816132E-1    -0.814310610E-1      9.14716053         21.7492332         21.7729645         22.1694527         22.0333271        0.957446918E-1      0.00000000        0.957446918E-1
      0.869740427        -40.9363518        -19.7224102       -0.259464741       -0.950311795E-1    -0.909466222E-1      9.18887424         21.6694317         21.6976566         22.0210743         21.9483852        0.101063848         0.00000000        0.101063848   
      0.878402650        -40.9356995        -19.7170830       -0.285781860       -0.104663193       -0.101215862         9.23239040         21.5953178         21.6248302         21.8710423         21.8759041        0.106382988         0.00000000        0.106382988   
      0.887064874        -40.9350204        -19.7115021       -0.313011616       -0.114732802       -0.112158589         9.27778149         21.5217819         21.5543957         21.7229900         21.8141232        0.111702144         0.00000000        0.111702144   
      0.895727098        -40.9343147        -19.7056656       -0.341265827       -0.125181913       -0.123661175         9.32517815         21.4426441         21.4864540         21.5809937         21.7601490        0.117021285         0.00000000        0.117021285   
      0.904389322        -40.9335861        -19.6995754       -0.370665878       -0.135964662       -0.135590017         9.37472057         21.3521538         21.4209881         21.4489231         21.7103329        0.122340433         0.00000000        0.122340433   
      0.913051546        -40.9328270        -19.6932373       -0.401307762       -0.147056803       -0.147812247         9.42649269         21.2466202         21.3576450         21.3296394         21.6609230        0.127659589         0.00000000        0.127659589   
      0.921713769        -40.9320488        -19.6866512       -0.433239907       -0.158458918       -0.160219118         9.48046780         21.1255398         21.2955971         21.2244415         21.6086254        0.132978722         0.00000000        0.132978722   
      0.930375993        -40.9312439        -19.6798267       -0.466455340       -0.170194447       -0.172736928         9.53651047         20.9916954         21.2335167         21.1330490         21.5507851        0.138297886         0.00000000        0.138297886   
      0.939038217        -40.9304199        -19.6727619       -0.500900388       -0.182303324       -0.185320735         9.59442043         20.8502026         21.1696892         21.0541248         21.4853420        0.143617049         0.00000000        0.143617049   
      0.947700441        -40.9295731        -19.6654625       -0.536496162       -0.194833159       -0.197942317         9.65400219         20.7068596         21.1022530         20.9859867         21.4107494        0.148936197         0.00000000        0.148936197   
      0.956362665        -40.9287071        -19.6579361       -0.573160291       -0.207820594       -0.210587382         9.71513653         20.5666065         21.0295563         20.9270878         21.3260784        0.154255331         0.00000000        0.154255331   
      0.965024889        -40.9278221        -19.6501827       -0.610816658       -0.221265242       -0.223271266         9.77779388         20.4325848         20.9505196         20.8761120         21.2313061        0.159574479         0.00000000        0.159574479   
      0.973687112        -40.9269180        -19.6422100       -0.649391472       -0.235108197       -0.236063182         9.84202862         20.3059616         20.8648472         20.8317699         21.1277199        0.164893642         0.00000000        0.164893642   
      0.982349336        -40.9259987        -19.6340237       -0.688804924       -0.249229461       -0.249098942         9.90792751         20.1862583         20.7730370         20.7925510         21.0182056        0.170212790         0.00000000        0.170212790   
      0.991011560        -40.9250641        -19.6256294       -0.728966892       -0.263471484       -0.262562662         9.97558308         20.0718613         20.6762161         20.7566986         20.9071922        0.175531924         0.00000000        0.175531924   
      0.999673784        -40.9241142        -19.6170311       -0.769783437       -0.277679652       -0.276636541         10.0450459         19.9605999         20.5758553         20.7223835         20.8000469        0.180851072         0.00000000        0.180851072   
       1.00833595        -40.9231529        -19.6082401       -0.811175644       -0.291745991       -0.291438133         10.1163168         19.8502808         20.4735317         20.6880226         20.7019653        0.186170220         0.00000000        0.186170220   
       1.01699817        -40.9221764        -19.5992565       -0.853099108       -0.305640072       -0.306970984         10.1893435         19.7392578         20.3707314         20.6525059         20.6167240        0.191489384         0.00000000        0.191489384   
       1.02566040        -40.9211922        -19.5900917       -0.895550370       -0.319417119       -0.323105454         10.2640228         19.6268387         20.2687531         20.6152821         20.5458012        0.196808532         0.00000000        0.196808532   
       1.03432262        -40.9201965        -19.5807533       -0.938560605       -0.333209813       -0.339599073         10.3402109         19.5133743         20.1686478         20.5762749         20.4883099        0.202127695         0.00000000        0.202127695   
       1.04298484        -40.9191971        -19.5712452       -0.982173860       -0.347198635       -0.356142819         10.4177179         19.3999882         20.0711823         20.5357628         20.4417839        0.207446828         0.00000000        0.207446828   
       1.05164707        -40.9181824        -19.5615788        -1.02642894       -0.361573786       -0.372426122         10.4963274         19.2880268         19.9768295         20.4942226         20.4033279        0.212765977         0.00000000        0.212765977   
       1.06030929        -40.9171677        -19.5517616        -1.07133877       -0.376483619       -0.388201594         10.5758057         19.1786118         19.8857880         20.4522362         20.3705597        0.218085125         0.00000000        0.218085125   
       1.06897151        -40.9161453        -19.5418015        -1.11688304       -0.391991645       -0.403342128         10.6559582         19.0723877         19.7980022         20.4104023         20.3418922        0.223404288         0.00000000        0.223404288   
       1.07763374        -40.9151192        -19.5317059        -1.16299844       -0.408050954       -0.417872041         10.7366848         18.9695663         19.7131958         20.3693047         20.3163128        0.228723437         0.00000000        0.228723437   
       1.08629596        -40.9140892        -19.5214901        -1.20957768       -0.424513847       -0.431964606         10.8180408         18.8700409         19.6308937         20.3294888         20.2929592        0.234042570         0.00000000        0.234042570   
       1.09495819        -40.9130592        -19.5111580        -1.25647223       -0.441168696       -0.445898056         10.9002342         18.7735023         19.5504799         20.2914581         20.2709370        0.239361718         0.00000000        0.239361718   
       1.10362041        -40.9120293        -19.5007229        -1.30351400       -0.457793415       -0.459980071         10.9835491         18.6794949         19.4712696         20.2556515         20.2494221        0.244680867         0.00000000        0.244680867   
       1.11228263        -40.9109993        -19.4901943        -1.35055172       -0.474204659       -0.474463344         11.0682306         18.5874786         19.3926697         20.2223969         20.2278576        0.250000030         0.00000000        0.250000030   
       1.12094486        -40.9099693        -19.4795856        -1.39748681       -0.490285784       -0.489477068         11.1543570         18.4969864         19.3143215         20.1918335         20.2060108        0.255319178         0.00000000        0.255319178   
       1.12960708        -40.9089432        -19.4689045        -1.44429457       -0.505994558       -0.504999340         11.2417955         18.4077759         19.2361965         20.1638546         20.1838551        0.260638326         0.00000000        0.260638326   
       1.13826931        -40.9079247        -19.4581642        -1.49101460       -0.521356404       -0.520874918         11.3302441         18.3198566         19.1585808         20.1381264         20.1614075        0.265957445         0.00000000        0.265957445   
       1.14693153        -40.9069099        -19.4473782        -1.53771412       -0.536445916       -0.536869764         11.4193449         18.2333832         19.0819550         20.1141815         20.1386833        0.271276593         0.00000000        0.271276593   
       1.15559375        -40.9059029        -19.4365597        -1.58444631       -0.551362991       -0.552740633         11.5088120         18.1484528         19.0068130         20.0915642         20.1157589        0.276595771         0.00000000        0.276595771   
       1.16425598        -40.9049034        -19.4257145        -1.63121700       -0.566202223       -0.568296075         11.5984831         18.0650406         18.9335041         20.0699482         20.0928230        0.281914920         0.00000000        0.281914920   
       1.17291820        -40.9039116        -19.4148636        -1.67797685       -0.581028819       -0.583434224         11.6883135         17.9830570         18.8621597         20.0491791         20.0700741        0.287234098         0.00000000        0.287234098   
       1.18158042        -40.9029274        -19.4040146        -1.72462440       -0.595863461       -0.598148942         11.7782955         17.9025650         18.7927074         20.0292645         20.0475807        0.292553246         0.00000000        0.292553246   
       1.19024265        -40.9019547        -19.3931847        -1.77102172       -0.610688269       -0.612511992         11.8684053         17.8238888         18.7249393         20.0102901         20.0252132        0.297872394         0.00000000        0.297872394   
       1.19890487        -40.9009933        -19.3823872        -1.81700933       -0.625465095       -0.626637280         11.9585752         17.7475681         18.6585999         19.9923782         20.0027866        0.303191513         0.00000000        0.303191513   
       1.20756710        -40.9000473        -19.3716354        -1.86242962       -0.640153110       -0.640641451         12.0487309         17.6741219         18.5934296         19.9756241         19.9802895        0.308510661         0.00000000        0.308510661   
       1.21622932        -40.8991127        -19.3609428        -1.90715432       -0.654714584       -0.654608786         12.1388340         17.6038132         18.5292130         19.9600906         19.9580364        0.313829839         0.00000000        0.313829839   
       1.22489154        -40.8981934        -19.3503265        -1.95111275       -0.669106841       -0.668568254         12.2289019         17.5365448         18.4657993         19.9457722         19.9366188        0.319148958         0.00000000        0.319148958   
       1.23355377        -40.8972931        -19.3397980        -1.99430668       -0.683275461       -0.682490110         12.3190050         17.4719219         18.4031048         19.9325886         19.9167061        0.324468106         0.00000000        0.324468106   
       1.24221599        -40.8964081        -19.3293743        -2.03679705       -0.697151899       -0.696296930         12.4092112         17.4093952         18.3411274         19.9203701         19.8988743        0.329787284         0.00000000        0.329787284   
       1.25087821        -40.8955383        -19.3190689        -2.07866859       -0.710667074       -0.709886789         12.4995441         17.3484173         18.2799473         19.9088974         19.8835659        0.335106403         0.00000000        0.335106403   
       1.25954044        -40.8946877        -19.3088989        -2.11999083       -0.723767877       -0.723160625         12.5899649         17.2885132         18.2196751         19.8979549         19.8711433        0.340425581         0.00000000        0.340425581   
       1.26820266        -40.8938560        -19.2988777        -2.16078329       -0.736427665       -0.736042619         12.6803608         17.2293739         18.1604214         19.8874016         19.8618526        0.345744699         0.00000000        0.345744699   
       1.27686489        -40.8930511        -19.2890186        -2.20100522       -0.748649776       -0.748490036         12.7705641         17.1709270         18.1022396         19.8772316         19.8556309        0.351063848         0.00000000        0.351063848   
       1.28552711        -40.8922577        -19.2793407        -2.24055839       -0.760461628       -0.760492980         12.8603640         17.1134186         18.0451088         19.8675537         19.8519115        0.356383026         0.00000000        0.356383026   
       1.29418933        -40.8914948        -19.2698536        -2.27930045       -0.771910191       -0.772067130         12.9495211         17.0573978         17.9889450         19.8585606         19.8495712        0.361702144         0.00000000        0.361702144   
       1.30285156        -40.8907471        -19.2605762        -2.31706119       -0.783056200       -0.783243418         13.0377932         17.0035725         17.9336300         19.8504791         19.8471966        0.367021322         0.00000000        0.367021322   
       1.31151378        -40.8900261        -19.2515240        -2.35366750       -0.793959260       -0.794058621         13.1249571         16.9525948         17.8790512         19.8434830         19.8435421        0.372340441         0.00000000        0.372340441   
       1.32017601        -40.8893242        -19.2427063        -2.38897443       -0.804659367       -0.804545701         13.2108326         16.9048233         17.8251209         19.8376637         19.8379440        0.377659589         0.00000000        0.377659589   
       1.32883823        -40.8886528        -19.2341404        -2.42289495       -0.815155387       -0.814726233         13.2953005         16.8602428         17.7718163         19.8329697         19.8304863        0.382978767         0.00000000        0.382978767   
       1.33750045        -40.8880043        -19.2258434        -2.45541263       -0.825396836       -0.824605048         13.3782940         16.8185120         17.7191715         19.8292065         19.8218460        0.388297886         0.00000000        0.388297886   
       1.34616268        -40.8873825        -19.2178249        -2.48657107       -0.835295379       -0.834170282         13.4597721         16.7791119         17.6672878         19.8260326         19.8130264        0.393617064         0.00000000        0.393617064   
       1.35482490        -40.8867874        -19.2101002        -2.51643682       -0.844754696       -0.843396187         13.5396767         16.7414875         17.6163330         19.8230572         19.8050671        0.398936212         0.00000000        0.398936212   
       1.36348712        -40.8862190        -19.2026844        -2.54506421       -0.853699744       -0.852250576         13.6179047         16.7051811         17.5664940         19.8199158         19.7988319        0.404255390         0.00000000        0.404255390   
       1.37214935        -40.8856773        -19.1955891        -2.57247329       -0.862092018       -0.860699356         13.6942816         16.6699104         17.5179501         19.8163910         19.7948627        0.409574509         0.00000000        0.409574509   
       1.38081157        -40.8851624        -19.1888275        -2.59865284       -0.869923651       -0.868709743         13.7685709         16.6356506         17.4708271         19.8124580         19.7932339        0.414893657         0.00000000        0.414893657   
       1.38947380        -40.8846817        -19.1824093        -2.62357831       -0.877201974       -0.876248956         13.8404884         16.6026726         17.4251938         19.8082752         19.7934914        0.420212835         0.00000000        0.420212835   
       1.39813602        -40.8842239        -19.1763496        -2.64722371       -0.883934379       -0.883284390         13.9097214         16.5715046         17.3810940         19.8040943         19.7947655        0.425531954         0.00000000        0.425531954   
       1.40679824        -40.8837967        -19.1706581        -2.66956329       -0.890128613       -0.889786839         13.9759665         16.5427895         17.3385658         19.8001881         19.7960510        0.430851132         0.00000000        0.430851132   
       1.41546047        -40.8834038        -19.1653442        -2.69055557       -0.895798922       -0.895737410         14.0389194         16.5170708         17.2977028         19.7967644         19.7965508        0.436170250         0.00000000        0.436170250   
       1.42412269        -40.8830376        -19.1604156        -2.71013141       -0.900975108       -0.901135087         14.0983143         16.4945908         17.2586384         19.7939491         19.7959347        0.441489398         0.00000000        0.441489398   
       1.43278491        -40.8827019        -19.1558876        -2.72818780       -0.905701220       -0.906001031         14.1539011         16.4752102         17.2215633         19.7917900         19.7943401        0.446808577         0.00000000        0.446808577   
       1.44144714        -40.8824005        -19.1517620        -2.74460006       -0.910026848       -0.910376906         14.2054491         16.4584885         17.1867065         19.7902565         19.7921772        0.452127695         0.00000000        0.452127695   
       1.45010936        -40.8821297        -19.1480503        -2.75924587       -0.913993597       -0.914314926         14.2527456         16.4438152         17.1543369         19.7892532         19.7898884        0.457446873         0.00000000        0.457446873   
       1.45877159        -40.8818855        -19.1447582        -2.77202678       -0.917623580       -0.917865455         14.2955790         16.4305878         17.1247692         19.7886276         19.7877979        0.462765992         0.00000000        0.462765992   
       1.46743381        -40.8816757        -19.1418934        -2.78288794       -0.920914650       -0.921061516         14.3337269         16.4183407         17.0983524         19.7882042         19.7861233        0.468085140         0.00000000        0.468085140   
       1.47609603        -40.8815002        -19.1394596        -2.79182911       -0.923842013       -0.923908234         14.3669291         16.4068356         17.0754471         19.7878227         19.7850266        0.473404318         0.00000000        0.473404318   
       1.48475826        -40.8813553        -19.1374607        -2.79890347       -0.926361263       -0.926378608         14.3948812         16.3961239         17.0563736         19.7873878         19.7845993        0.478723437         0.00000000        0.478723437   
       1.49342048        -40.8812408        -19.1359043        -2.80421019       -0.928414822       -0.928416669         14.4172220         16.3865948         17.0413837         19.7868958         19.7848110        0.484042585         0.00000000        0.484042585   
       1.50208271        -40.8811607        -19.1347904        -2.80787253       -0.929940879       -0.929949701         14.4335613         16.3789234         17.0306244         19.7864227         19.7854195        0.489361733         0.00000000        0.489361733   
       1.51074493        -40.8811111        -19.1341209        -2.81001091       -0.930882990       -0.930905223         14.4435396         16.3738918         17.0241604         19.7860756         19.7860394        0.494680882         0.00000000        0.494680882   
       1.51940715        -40.8810959        -19.1338959        -2.81071305       -0.931201696       -0.931230187         14.4468966         16.3721313         17.0220070         19.7859478         19.7862968        0.500000060         0.00000000        0.500000060     [X]   
       1.52806938        -40.8810959        -19.1339226        -2.81013274       -0.931966662       -0.930998027         14.4470310         16.3693752         17.0219822         19.7854939         19.7917671        0.500000060        0.531914970E-2     0.505319238   
       1.53673160        -40.8810921        -19.1339989        -2.80842853       -0.934212804       -0.930312812         14.4474220         16.3611279         17.0219612         19.7839527         19.8079643        0.500000060        0.106382994E-1     0.510638356   
       1.54539382        -40.8810883        -19.1341248        -2.80570078       -0.937812567       -0.929203570         14.4480228         16.3474655         17.0220623         19.7808456         19.8343887        0.500000060        0.159574486E-1     0.515957534   
       1.55405605        -40.8810806        -19.1343040        -2.80207634       -0.942602098       -0.927707672         14.4487715         16.3285866         17.0224056         19.7755489         19.8705330        0.500000060        0.212765988E-1     0.521276653   
       1.56271827        -40.8810730        -19.1345291        -2.79767251       -0.948430419       -0.925860405         14.4496069         16.3048458         17.0230331         19.7674637         19.9161644        0.500000060        0.265957471E-1     0.526595831   
       1.57138050        -40.8810616        -19.1348038        -2.79256487       -0.955195546       -0.923689544         14.4504814         16.2767506         17.0239010         19.7561531         19.9713993        0.500000060        0.319148973E-1     0.531914949   
       1.58004272        -40.8810501        -19.1351280        -2.78677320       -0.962860286       -0.921213567         14.4513779         16.2448807         17.0249367         19.7413979         20.0365353        0.500000060        0.372340493E-1     0.537234128   
       1.58870494        -40.8810349        -19.1354980        -2.78026056       -0.971452177       -0.918443441         14.4523191         16.2098007         17.0260792         19.7232380         20.1117325        0.500000060        0.425531976E-1     0.542553246   
       1.59736717        -40.8810234        -19.1359100        -2.77294517       -0.981050134       -0.915383160         14.4533567         16.1720066         17.0273266         19.7019386         20.1967621        0.500000060        0.478723459E-1     0.547872424   
       1.60602939        -40.8810043        -19.1363640        -2.76472282       -0.991761208       -0.912031054         14.4545555         16.1319046         17.0287304         19.6779766         20.2909069        0.500000060        0.531914942E-1     0.553191543   
       1.61469162        -40.8809853        -19.1368618        -2.75549698        -1.00368845       -0.908382416         14.4559841         16.0898418         17.0303402         19.6519547         20.3931103        0.500000060        0.585106425E-1     0.558510721   
       1.62335384        -40.8809700        -19.1373940        -2.74520779        -1.01689661       -0.904433668         14.4576969         16.0461407         17.0321827         19.6244621         20.5022392        0.500000060        0.638297945E-1     0.563829839   
       1.63201606        -40.8809471        -19.1379662        -2.73385429        -1.03138793       -0.900187790         14.4597425         16.0010948         17.0342407         19.5959759         20.6173820        0.500000060        0.691489428E-1     0.569149017   
       1.64067829        -40.8809280        -19.1385670        -2.72149372        -1.04709649       -0.895655990         14.4621572         15.9549742         17.0364761         19.5667744         20.7379608        0.500000060        0.744680986E-1     0.574468136   
       1.64934051        -40.8809052        -19.1392021        -2.70822501        -1.06390989       -0.890857041         14.4649734         15.9079981         17.0388374         19.5369606         20.8637028        0.500000060        0.797872394E-1     0.579787314   
       1.65800273        -40.8808823        -19.1398621        -2.69416094        -1.08169794       -0.885813653         14.4681892         15.8603668         17.0412712         19.5065556         20.9944191        0.500000060        0.851063952E-1     0.585106432   
       1.66666496        -40.8808556        -19.1405468        -2.67939997        -1.10034394       -0.880549014         14.4717674         15.8122950         17.0437126         19.4755993         21.1298141        0.500000060        0.904255360E-1     0.590425611   
       1.67532718        -40.8808327        -19.1412525        -2.66400623        -1.11976683       -0.875086129         14.4756193         15.7640457         17.0460987         19.4441986         21.2694588        0.500000060        0.957446918E-1     0.595744729   
       1.68398941        -40.8808060        -19.1419754        -2.64799166        -1.13993680       -0.869448423         14.4796171         15.7159424         17.0483856         19.4124870         21.4129753        0.500000060        0.101063848        0.601063907   
       1.69265163        -40.8807831        -19.1427155        -2.63130641        -1.16088402       -0.863661230         14.4836159         15.6683493         17.0505829         19.3805542         21.5603504        0.500000060        0.106382988        0.606383026   
       1.70131385        -40.8807526        -19.1434650        -2.61384058        -1.18269742       -0.857752204         14.4874907         15.6216211         17.0527534         19.3484001         21.7121754        0.500000060        0.111702144        0.611702204   
       1.70997608        -40.8807259        -19.1442223        -2.59545088        -1.20549512       -0.851752043         14.4911575         15.5760756         17.0549946         19.3159523         21.8695183        0.500000060        0.117021285        0.617021322   
       1.71863830        -40.8806992        -19.1449871        -2.57601404        -1.22937417       -0.845694005         14.4946070         15.5319386         17.0573940         19.2831364         22.0335102        0.500000060        0.122340433        0.622340500   
       1.72730052        -40.8806725        -19.1457520        -2.55549097        -1.25434411       -0.839613557         14.4979162         15.4893131         17.0600014         19.2499599         22.2046947        0.500000060        0.127659589        0.627659678   
       1.73596275        -40.8806419        -19.1465149        -2.53396821        -1.28028810       -0.833547115         14.5012474         15.4481535         17.0627995         19.2165585         22.3826141        0.500000060        0.132978722        0.632978797   
       1.74462497        -40.8806152        -19.1472740        -2.51164889        -1.30697548       -0.827529609         14.5048513         15.4082518         17.0657444         19.1831665         22.5658264        0.500000060        0.138297886        0.638297915   
       1.75328720        -40.8805885        -19.1480236        -2.48878980        -1.33412433       -0.821592510         14.5090132         15.3692932         17.0687790         19.1500740         22.7523842        0.500000060        0.143617049        0.643617094   
       1.76194942        -40.8805618        -19.1487598        -2.46561670        -1.36148858       -0.815764248         14.5140076         15.3309546         17.0718536         19.1175442         22.9404869        0.500000060        0.148936197        0.648936272   
       1.77061164        -40.8805351        -19.1494808        -2.44225335        -1.38892639       -0.810071111         14.5200386         15.2930050         17.0749207         19.0857925         23.1289730        0.500000060        0.154255331        0.654255390   
       1.77927387        -40.8805084        -19.1501846        -2.41869712        -1.41642487       -0.804537892         14.5272160         15.2553530         17.0779362         19.0549831         23.3174152        0.500000060        0.159574479        0.659574509   
       1.78793609        -40.8804855        -19.1508656        -2.39483380        -1.44408619       -0.799187183         14.5355854         15.2180052         17.0808582         19.0252380         23.5059242        0.500000060        0.164893642        0.664893687   
       1.79659832        -40.8804588        -19.1515236        -2.37046409        -1.47210288       -0.794036150         14.5451937         15.1809654         17.0836792         18.9966755         23.6949558        0.500000060        0.170212790        0.670212865   
       1.80526054        -40.8804359        -19.1521530        -2.34532189        -1.50074267       -0.789096475         14.5561380         15.1441479         17.0864277         18.9694023         23.8853340        0.500000060        0.175531924        0.675531983   
       1.81392276        -40.8804169        -19.1527519        -2.31907654        -1.53033805       -0.784376562         14.5685606         15.1073847         17.0891628         18.9435368         24.0785580        0.500000060        0.180851072        0.680851102   
       1.82258499        -40.8803978        -19.1533184        -2.29135823        -1.56125796       -0.779888093         14.5825806         15.0705366         17.0919285         18.9191875         24.2771263        0.500000060        0.186170220        0.686170280   
       1.83124721        -40.8803787        -19.1538506        -2.26180959        -1.59384811       -0.775650740         14.5981979         15.0336342         17.0947304         18.8964367         24.4845409        0.500000060        0.191489384        0.691489458   
       1.83990943        -40.8803596        -19.1543446        -2.23017383        -1.62834609       -0.771690965         14.6152315         14.9969625         17.0975113         18.8753452         24.7048855        0.500000060        0.196808532        0.696808577   
       1.84857166        -40.8803444        -19.1547985        -2.19637895        -1.66479731       -0.768037438         14.6333256         14.9610128         17.1001835         18.8559456         24.9419308        0.500000060        0.202127695        0.702127755   
       1.85723388        -40.8803291        -19.1552105        -2.16060781        -1.70299411       -0.764716566         14.6520491         14.9263592         17.1026440         18.8382626         25.1979790        0.500000060        0.207446828        0.707446873   
       1.86589611        -40.8803177        -19.1555786        -2.12333727        -1.74243569       -0.761751831         14.6709719         14.8935328         17.1047993         18.8223419         25.4725742        0.500000060        0.212765977        0.712766051   
       1.87455833        -40.8803062        -19.1559010        -2.08538413        -1.78228116       -0.759167492         14.6897039         14.8629885         17.1065826         18.8082504         25.7612572        0.500000060        0.218085125        0.718085170   
       1.88322055        -40.8802948        -19.1561756        -2.04796195        -1.82129252       -0.756988645         14.7078075         14.8351746         17.1079426         18.7960949         26.0545692        0.500000060        0.223404288        0.723404348   
       1.89188278        -40.8802872        -19.1564026        -2.01273298        -1.85778821       -0.755235910         14.7246933         14.8106489         17.1088638         18.7859879         26.3376541        0.500000060        0.228723437        0.728723526   
       1.90054500        -40.8802834        -19.1565800        -1.98177242        -1.88968909       -0.753915250         14.7395258         14.7901564         17.1093826         18.7780380         26.5911140        0.500000060        0.234042570        0.734042645   
       1.90920722        -40.8802757        -19.1567078        -1.95737684        -1.91471601       -0.753010631         14.7512608         14.7745838         17.1095982         18.7723217         26.7933559        0.500000060        0.239361718        0.739361763   
       1.91786945        -40.8802719        -19.1567841        -1.94169664        -1.93075192       -0.752489924         14.7588415         14.7648058         17.1096439         18.7688828         26.9243202        0.500000060        0.244680867        0.744680941   
       1.92653167        -40.8802719        -19.1568089        -1.93628144        -1.93628144       -0.752320826         14.7614679         14.7614679         17.1096439         18.7677345         26.9697094        0.500000060        0.250000030        0.750000119     [W]   
       1.93525529        -40.8802757        -19.1568584        -1.93966091        -1.93262100       -0.752188742         14.7574291         14.7636461         17.1119328         18.7683105         26.9417419        0.496212155        0.253787905        0.750000060   
       1.94397891        -40.8802872        -19.1569996        -1.94941866        -1.92204785       -0.751794934         14.7460995         14.7694283         17.1187916         18.7700691         26.8605042        0.492424279        0.257575780        0.750000060   
       1.95270252        -40.8803062        -19.1572247        -1.96455324        -1.90559852       -0.751152873         14.7291327         14.7773218         17.1301060         18.7730465         26.7333565        0.488636404        0.261363626        0.750000000   
       1.96142626        -40.8803329        -19.1575279        -1.98373032        -1.88464022       -0.750278592         14.7085438         14.7855434         17.1456623         18.7772846         26.5704899        0.484848529        0.265151531        0.750000060   
       1.97014987        -40.8803673        -19.1579018        -2.00558424        -1.86057997       -0.749181569         14.6863728         14.7922812         17.1652451         18.7827892         26.3827629        0.481060624        0.268939435        0.750000060   
       1.97887349        -40.8804054        -19.1583405        -2.02892208        -1.83466077       -0.747865021         14.6644020         14.7959251         17.1886578         18.7895298         26.1801147        0.477272749        0.272727311        0.750000060   
       1.98759711        -40.8804474        -19.1588326        -2.05278444        -1.80789208       -0.746334016         14.6440077         14.7952356         17.2157364         18.7974358         25.9709301        0.473484874        0.276515156        0.750000000   
       1.99632072        -40.8804932        -19.1593761        -2.07642198        -1.78106737       -0.744600475         14.6261148         14.7894182         17.2462826         18.8064575         25.7620354        0.469697028        0.280303061        0.750000119   
       2.00504446        -40.8805466        -19.1599617        -2.09925747        -1.75480354       -0.742682695         14.6112413         14.7781363         17.2800293         18.8165779         25.5588417        0.465909153        0.284090906        0.750000060   
       2.01376820        -40.8806000        -19.1605835        -2.12089038        -1.72954285       -0.740598261         14.5995312         14.7615051         17.3166218         18.8278484         25.3652477        0.462121218        0.287878811        0.750000000   
       2.02249193        -40.8806534        -19.1612339        -2.14110422        -1.70555115       -0.738357484         14.5907259         14.7401018         17.3556290         18.8403625         25.1834736        0.458333343        0.291666657        0.750000000   
       2.03121567        -40.8807144        -19.1619053        -2.15985346        -1.68293238       -0.735961258         14.5840712         14.7150450         17.3965702         18.8542328         25.0140495        0.454545498        0.295454562        0.750000060   
       2.03993940        -40.8807716        -19.1625938        -2.17719984        -1.66168833       -0.733405888         14.5782242         14.6880798         17.4389191         18.8695793         24.8561440        0.450757593        0.299242437        0.750000000   
       2.04866314        -40.8808327        -19.1632900        -2.19323683        -1.64178705       -0.730688870         14.5713100         14.6615324         17.4821110         18.8865032         24.7081146        0.446969718        0.303030342        0.750000060   
       2.05738688        -40.8808937        -19.1639919        -2.20803714        -1.62321150       -0.727811694         14.5612001         14.6380053         17.5255489         18.9050903         24.5680676        0.443181843        0.306818187        0.750000000   
       2.06611061        -40.8809586        -19.1646881        -2.22165847        -1.60595298       -0.724783480         14.5460129         14.6198492         17.5686417         18.9253864         24.4342251        0.439393997        0.310606092        0.750000119   
       2.07483435        -40.8810158        -19.1653786        -2.23417020        -1.58998060       -0.721620023         14.5246563         14.6085577         17.6108665         18.9473896         24.3051567        0.435606122        0.314393967        0.750000119   
       2.08355808        -40.8810768        -19.1660576        -2.24568224        -1.57521188       -0.718347251         14.4972010         14.6043844         17.6517773         18.9710274         24.1799221        0.431818187        0.318181813        0.750000000   
       2.09228182        -40.8811302        -19.1667156        -2.25633621        -1.56152141       -0.715002000         14.4648876         14.6063299         17.6910191         18.9961681         24.0581627        0.428030312        0.321969718        0.750000000   
       2.10100555        -40.8811913        -19.1673508        -2.26626539        -1.54877925       -0.711628914         14.4297771         14.6125135         17.7282982         19.0226135         23.9401169        0.424242467        0.325757623        0.750000119   
       2.10972929        -40.8812408        -19.1679592        -2.27556109        -1.53689134       -0.708278120         14.3942308         14.6207008         17.7633762         19.0501003         23.8264694        0.420454592        0.329545498        0.750000119   
       2.11845303        -40.8812943        -19.1685333        -2.28425908        -1.52581429       -0.705001473         14.3604059         14.6288090         17.7960625         19.0782814         23.7180824        0.416666687        0.333333343        0.750000000   
       2.12717676        -40.8813400        -19.1690712        -2.29235435        -1.51554608       -0.701849997         14.3299789         14.6351843         17.8262177         19.1067333         23.6158180        0.412878782        0.337121218        0.750000000   
       2.13590050        -40.8813858        -19.1695690        -2.29981732        -1.50610960       -0.698870122         14.3040762         14.6386938         17.8537579         19.1349506         23.5204983        0.409090936        0.340909123        0.750000060   
       2.14462423        -40.8814240        -19.1700249        -2.30661154        -1.49753821       -0.696103275         14.2833710         14.6386862         17.8786144         19.1623783         23.4329281        0.405303061        0.344696999        0.750000060   
       2.15334797        -40.8814583        -19.1704330        -2.31269813        -1.48987019       -0.693584502         14.2681627         14.6349545         17.9007168         19.1884594         23.3538704        0.401515156        0.348484874        0.750000000   
       2.16207170        -40.8814888        -19.1707916        -2.31803823        -1.48314738       -0.691342711         14.2584019         14.6277304         17.9199753         19.2126427         23.2839451        0.397727281        0.352272719        0.750000000   
       2.17079544        -40.8815155        -19.1711006        -2.32259488        -1.47741103       -0.689402223         14.2536335         14.6177015         17.9362888         19.2343941         23.2235222        0.393939435        0.356060594        0.750000000   
       2.17951918        -40.8815384        -19.1713543        -2.32634044        -1.47269273       -0.687783837         14.2529373         14.6060190         17.9495983         19.2531834         23.1728077        0.390151560        0.359848499        0.750000060   
       2.18824291        -40.8815536        -19.1715546        -2.32925940        -1.46901262       -0.686505675         14.2549582         14.5942259         17.9598846         19.2684937         23.1320858        0.386363655        0.363636374        0.750000000   
       2.19696665        -40.8815651        -19.1716976        -2.33134580        -1.46637928       -0.685582399         14.2580719         14.5840645         17.9671803         19.2798424         23.1019592        0.382575780        0.367424250        0.750000000   
       2.20569038        -40.8815727        -19.1717834        -2.33259749        -1.46479750       -0.685024679         14.2607126         14.5771732         17.9715290         19.2868271         23.0833149        0.378787905        0.371212125        0.750000000   
       2.21441412        -40.8815765        -19.1718121        -2.33301544        -1.46426964       -0.684838295         14.2617331         14.5747337         17.9729729         19.2891884         23.0769844        0.375000030        0.375000030        0.750000060     [K]   
       2.22305059        -40.8815498        -19.1710396        -2.34182382        -1.45612454       -0.689041555         14.2732458         14.5858450         17.9592285         19.2959557         23.0258179        0.381250024        0.381250024        0.752500057   
       2.23168707        -40.8815460        -19.1705761        -2.35045934        -1.44629788       -0.692944765         14.2701511         14.6090288         17.9470291         19.3022766         22.9772129        0.387500018        0.387500018        0.755000055   
       2.24032354        -40.8815651        -19.1704292        -2.35868597        -1.43503559       -0.696520209         14.2538557         14.6429100         17.9363995         19.3082466         22.9309864        0.393750042        0.393750042        0.757500052   
       2.24896002        -40.8816032        -19.1705990        -2.36624217        -1.42261922       -0.699730814         14.2263784         14.6855583         17.9273396         19.3140087         22.8868523        0.400000036        0.400000036        0.760000050   
       2.25759649        -40.8816681        -19.1710911        -2.37288380        -1.40931308       -0.702543676         14.1898966         14.7349167         17.9198380         19.3197269         22.8445950        0.406250030        0.406250030        0.762500048   
       2.26623297        -40.8817520        -19.1719112        -2.37841916        -1.39531887       -0.704939365         14.1464090         14.7890968         17.9139023         19.3255367         22.8041706        0.412500024        0.412500024        0.765000045   
       2.27486944        -40.8818626        -19.1730576        -2.38273144        -1.38075113       -0.706914961         14.0976009         14.8464804         17.9095631         19.3315239         22.7656956        0.418750018        0.418750018        0.767500043   
       2.28350592        -40.8819962        -19.1745338        -2.38578320        -1.36563838       -0.708478212         14.0448456         14.9056940         17.9068928         19.3377228         22.7292919        0.425000012        0.425000012        0.769999981   
       2.29214239        -40.8821526        -19.1763420        -2.38760591        -1.34994113       -0.709639549         13.9892769         14.9655380         17.9059772         19.3441010         22.6949310        0.431250006        0.431250006        0.772499979   
       2.30077887        -40.8823357        -19.1784821        -2.38827515        -1.33358502       -0.710404336         13.9318094         15.0249958         17.9069271         19.3506088         22.6623726        0.437500030        0.437500030        0.775000036   
       2.30941534        -40.8825417        -19.1809521        -2.38787723        -1.31649578       -0.710769773         13.8731298         15.0832672         17.9098454         19.3571739         22.6312103        0.443750024        0.443750024        0.777500033   
       2.31805182        -40.8827744        -19.1837540        -2.38647890        -1.29862976       -0.710724950         13.8136940         15.1398268         17.9148178         19.3637486         22.6009903        0.450000018        0.450000018        0.780000031   
       2.32668829        -40.8830299        -19.1868839        -2.38410306        -1.27999473       -0.710253239         13.7537327         15.1944351         17.9218655         19.3703232         22.5713444        0.456250012        0.456250012        0.782500029   
       2.33532476        -40.8833084        -19.1903419        -2.38072419        -1.26064992       -0.709337115         13.6933117         15.2471094         17.9309654         19.3769245         22.5420780        0.462500006        0.462500006        0.785000026   
       2.34396124        -40.8836174        -19.1941242        -2.37627888        -1.24069023       -0.707964540         13.6323938         15.2980700         17.9420376         19.3836079         22.5132446        0.468750000        0.468750000        0.787500024   
       2.35259771        -40.8839493        -19.1982269        -2.37068462        -1.22021651       -0.706136644         13.5708714         15.3476896         17.9549809         19.3904285         22.4851608        0.475000024        0.475000024        0.790000021   
       2.36123419        -40.8843040        -19.2026463        -2.36386013        -1.19931340       -0.703872383         13.5086050         15.3964329         17.9696941         19.3974171         22.4583778        0.481250048        0.481250048        0.792500079   
       2.36987066        -40.8846855        -19.2073784        -2.35573936        -1.17803693       -0.701205909         13.4454365         15.4447765         17.9860859         19.4045944         22.4335365        0.487500042        0.487500042        0.795000076   
       2.37850714        -40.8850975        -19.2124176        -2.34627581        -1.15642083       -0.698176742         13.3812208         15.4931355         18.0040779         19.4119816         22.4111481        0.493750036        0.493750036        0.797500074   
       2.38714361        -40.8855286        -19.2177582        -2.33544445        -1.13449168       -0.694814324         13.3158617         15.5417967         18.0236149         19.4196320         22.3913612        0.500000060        0.500000060        0.800000072   
       2.39578009        -40.8859863        -19.2233925        -2.32323837        -1.11228311       -0.691127121         13.2493334         15.5908813         18.0446644         19.4276295         22.3738899        0.506250024        0.506250024        0.802500069   
       2.40441656        -40.8864708        -19.2293167        -2.30966496        -1.08984125       -0.687100530         13.1816769         15.6403770         18.0672340         19.4360752         22.3580647        0.512500048        0.512500048        0.805000067   
       2.41305304        -40.8869781        -19.2355194        -2.29474068        -1.06722200       -0.682704985         13.1129761         15.6901951         18.0913448         19.4450741         22.3430557        0.518750072        0.518750072        0.807500064   
       2.42168951        -40.8875122        -19.2419968        -2.27848744        -1.04448080       -0.677908719         13.0433254         15.7402411         18.1170387         19.4547138         22.3281078        0.525000036        0.525000036        0.810000062   
       2.43032598        -40.8880692        -19.2487392        -2.26093173        -1.02166021       -0.672689021         12.9728041         15.7904720         18.1443348         19.4650612         22.3126717        0.531250060        0.531250060        0.812500060   
       2.43896246        -40.8886528        -19.2557354        -2.24210548       -0.998786926       -0.667037010         12.9014835         15.8409138         18.1732521         19.4761391         22.2964439        0.537500024        0.537500024        0.815000057   
       2.44759893        -40.8892555        -19.2629795        -2.22204614       -0.975868106       -0.660956204         12.8294287         15.8916721         18.2038059         19.4879227         22.2793560        0.543750048        0.543750048        0.817499995   
       2.45623541        -40.8898849        -19.2704639        -2.20079756       -0.952900410       -0.654458821         12.7567072         15.9429111         18.2360229         19.5003490         22.2615032        0.550000012        0.550000012        0.819999993   
       2.46487188        -40.8905373        -19.2781754        -2.17840147       -0.929876506       -0.647561193         12.6833744         15.9948425         18.2699299         19.5133286         22.2431221        0.556250036        0.556250036        0.822500050   
       2.47350836        -40.8912125        -19.2861023        -2.15489483       -0.906793475       -0.640283048         12.6094799         16.0476913         18.3055229         19.5267906         22.2245197        0.562500000        0.562500000        0.824999988   
       2.48214483        -40.8919067        -19.2942390        -2.13030839       -0.883653581       -0.632646680         12.5350647         16.1016712         18.3427486         19.5407295         22.2060127        0.568750024        0.568750024        0.827500045   
       2.49078131        -40.8926277        -19.3025703        -2.10466719       -0.860462487       -0.624675691         12.4601727         16.1569405         18.3815136         19.5551987         22.1878872        0.575000048        0.575000048        0.830000043   
       2.49941778        -40.8933678        -19.3110867        -2.07799625       -0.837229252       -0.616392910         12.3848600         16.2135849         18.4217091         19.5703297         22.1703606        0.581250072        0.581250072        0.832500041   
       2.50805426        -40.8941307        -19.3197784        -2.05032134       -0.813968122       -0.607817531         12.3092012         16.2716084         18.4632378         19.5862732         22.1535797        0.587500036        0.587500036        0.835000038   
       2.51669073        -40.8949089        -19.3286324        -2.02166510       -0.790700555       -0.598964751         12.2332716         16.3309994         18.5060329         19.6031818         22.1376114        0.593750060        0.593750060        0.837500036   
       2.52532721        -40.8957100        -19.3376389        -1.99204445       -0.767459691       -0.589847922         12.1571426         16.3917522         18.5500565         19.6211681         22.1224308        0.600000024        0.600000024        0.840000033   
       2.53396368        -40.8965263        -19.3467846        -1.96147037       -0.744282305       -0.580482900         12.0808668         16.4539204         18.5953083         19.6402912         22.1079330        0.606250048        0.606250048        0.842500091   
       2.54260015        -40.8973656        -19.3560600        -1.92995417       -0.721204221       -0.570888519         12.0044804         16.5175991         18.6418343         19.6605606         22.0940304        0.612500072        0.612500072        0.845000088   
       2.55123663        -40.8982162        -19.3654480        -1.89751446       -0.698256016       -0.561084390         11.9280148         16.5828819         18.6897182         19.6819553         22.0807743        0.618750095        0.618750095        0.847500086   
       2.55987310        -40.8990860        -19.3749447        -1.86418045       -0.675463080       -0.551084399         11.8514986         16.6498299         18.7390785         19.7044487         22.0684357        0.625000060        0.625000060        0.850000083   
       2.56850958        -40.8999710        -19.3845329        -1.82999253       -0.652850151       -0.540892303         11.7749519         16.7184715         18.7900333         19.7280331         22.0574646        0.631250024        0.631250024        0.852500081   
       2.57714605        -40.9008713        -19.3942032        -1.79499948       -0.630439997       -0.530504823         11.6983910         16.7888031         18.8426838         19.7527199         22.0483532        0.637500048        0.637500048        0.855000079   
       2.58578253        -40.9017868        -19.4039402        -1.75925529       -0.608251989       -0.519918859         11.6218243         16.8608227         18.8971043         19.7785225         22.0414391        0.643750072        0.643750072        0.857500076   
       2.59441900        -40.9027138        -19.4137344        -1.72281635       -0.586301029       -0.509134293         11.5452671         16.9345284         18.9533825         19.8054123         22.0368652        0.650000036        0.650000036        0.860000074   
       2.60305548        -40.9036522        -19.4235764        -1.68573260       -0.564610302       -0.498144329         11.4687443         17.0099220         19.0116215         19.8333244         22.0346355        0.656250060        0.656250060        0.862500072   
       2.61169195        -40.9046059        -19.4334507        -1.64805007       -0.543237448       -0.486915886         11.3923111         17.0869923         19.0719166         19.8621712         22.0347958        0.662500024        0.662500024        0.865000010   
       2.62032843        -40.9055634        -19.4433479        -1.60980225       -0.522294283       -0.475369960         11.3160353         17.1657543         19.1343422         19.8918724         22.0375404        0.668750048        0.668750048        0.867500007   
       2.62896490        -40.9065361        -19.4532566        -1.57101619       -0.501946211       -0.463381857         11.2399931         17.2462616         19.1989326         19.9223595         22.0432224        0.675000072        0.675000072        0.870000064   
       2.63760138        -40.9075127        -19.4631634        -1.53171742       -0.482376635       -0.450811088         11.1642599         17.3286266         19.2656956         19.9535809         22.0522022        0.681250036        0.681250036        0.872500002   
       2.64623785        -40.9084969        -19.4730587        -1.49193382       -0.463733196       -0.437550873         11.0889006         17.4129658         19.3346252         19.9855099         22.0646362        0.687500060        0.687500060        0.875000060   
       2.65487432        -40.9094887        -19.4829311        -1.45170093       -0.446078151       -0.423574060         11.0139723         17.4993687         19.4056911         20.0181847         22.0803165        0.693750024        0.693750024        0.877499998   
       2.66351080        -40.9104843        -19.4927692        -1.41106212       -0.429373384       -0.408949912         10.9395170         17.5878601         19.4788017         20.0517635         22.0985794        0.700000048        0.700000048        0.880000055   
       2.67214727        -40.9114838        -19.5025635        -1.37006807       -0.413498551       -0.393822312         10.8655605         17.6784325         19.5537834         20.0865459         22.1183853        0.706250072        0.706250072        0.882500052   
       2.68078375        -40.9124870        -19.5123024        -1.32878029       -0.398295164       -0.378364533         10.7921095         17.7710781         19.6304264         20.1229229         22.1385326        0.712500095        0.712500095        0.885000050   
       2.68942022        -40.9134941        -19.5219784        -1.28727484       -0.383608639       -0.362732351         10.7191696         17.8657818         19.7085552         20.1612587         22.1579247        0.718750060        0.718750060        0.887500048   
       2.69805670        -40.9144974        -19.5315781        -1.24563789       -0.369313866       -0.347036779         10.6467543         17.9624863         19.7881165         20.2018223         22.1758156        0.725000024        0.725000024        0.890000045   
       2.70669317        -40.9155006        -19.5410938        -1.20395744       -0.355327219       -0.331346303         10.5749140         18.0610371         19.8691463         20.2447681         22.1918316        0.731250107        0.731250107        0.892500103   
       2.71532965        -40.9165039        -19.5505142        -1.16230690       -0.341605246       -0.315704674         10.5037298         18.1611900         19.9516850         20.2902241         22.2058716        0.737500072        0.737500072        0.895000100   
       2.72396612        -40.9175034        -19.5598316        -1.12072456       -0.328137875       -0.300151169         10.4332933         18.2627010         20.0356808         20.3383636         22.2179241        0.743750095        0.743750095        0.897500098   
       2.73260260        -40.9184990        -19.5690384        -1.07921684       -0.314936996       -0.284739614         10.3637037         18.3654137         20.1209373         20.3893909         22.2280197        0.750000060        0.750000060        0.900000095   
       2.74123907        -40.9194870        -19.5781212        -1.03776717       -0.302014589       -0.269542575         10.2950401         18.4693279         20.2071705         20.4434528         22.2363720        0.756250024        0.756250024        0.902500093   
       2.74987555        -40.9204750        -19.5870762       -0.996358693       -0.289363265       -0.254652739         10.2273712         18.5745697         20.2941132         20.5005436         22.2436161        0.762500048        0.762500048        0.905000091   
       2.75851202        -40.9214516        -19.5958939       -0.954996586       -0.276942343       -0.240175188         10.1607637         18.6813736         20.3815212         20.5604973         22.2508717        0.768750072        0.768750072        0.907500088   
       2.76714849        -40.9224167        -19.6045628       -0.913716972       -0.264682531       -0.226211250         10.0952768         18.7900925         20.4691257         20.6230946         22.2595367        0.775000095        0.775000095        0.910000086   
       2.77578497        -40.9233742        -19.6130791       -0.872586071       -0.252510399       -0.212836429         10.0309486         18.9012871         20.5564842         20.6882000         22.2708149        0.781250060        0.781250060        0.912500024   
       2.78442144        -40.9243164        -19.6214333       -0.831691086       -0.240379602       -0.200078174         9.96778870         19.0157909         20.6429405         20.7558537         22.2853088        0.787500024        0.787500024        0.915000021   
       2.79305792        -40.9252510        -19.6296196       -0.791125119       -0.228293732       -0.187904328         9.90577030         19.1346302         20.7276783         20.8262501         22.3028812        0.793750048        0.793750048        0.917500079   
       2.80169439        -40.9261742        -19.6376305       -0.750979543       -0.216310263       -0.176233217         9.84485054         19.2588120         20.8098984         20.8996429         22.3229046        0.800000072        0.800000072        0.920000017   
       2.81033087        -40.9270782        -19.6454601       -0.711332679       -0.204518899       -0.164962173         9.78500080         19.3890171         20.8890171         20.9762726         22.3446808        0.806250095        0.806250095        0.922500074   
       2.81896734        -40.9279671        -19.6530991       -0.672249854       -0.193004921       -0.154004097         9.72622967         19.5253448         20.9648457         21.0563393         22.3678131        0.812500060        0.812500060        0.925000012   
       2.82760382        -40.9288406        -19.6605434       -0.633785784       -0.181818262       -0.143319547         9.66859722         19.6671867         21.0376492         21.1399822         22.3923588        0.818750024        0.818750024        0.927500069   
       2.83624029        -40.9296913        -19.6677876       -0.595993102       -0.170953155       -0.132923573         9.61220074         19.8132496         21.1081448         21.2272911         22.4187698        0.825000048        0.825000048        0.930000067   
       2.84487677        -40.9305305        -19.6748238       -0.558930933       -0.160358742       -0.122873984         9.55716515         19.9617100         21.1773796         21.3182678         22.4476852        0.831250072        0.831250072        0.932500064   
       2.85351324        -40.9313431        -19.6816502       -0.522662580       -0.149963617       -0.113241680         9.50361824         20.1105118         21.2465420         21.4128418         22.4797173        0.837500095        0.837500095        0.935000062   
       2.86214972        -40.9321365        -19.6882572       -0.487250060       -0.139711753       -0.104083963         9.45168018         20.2577782         21.3166924         21.5109444         22.5152683        0.843750119        0.843750119        0.937500060   
       2.87078619        -40.9329109        -19.6946449       -0.452741057       -0.129589587       -0.954306275E-1      9.40144444         20.4022655         21.3884754         21.6125641         22.5544682        0.850000024        0.850000024        0.940000057   
       2.87942266        -40.9336548        -19.7008038       -0.419158190       -0.119634494       -0.872838423E-1      9.35296726         20.5437489         21.4619846         21.7177391         22.5973053        0.856250048        0.856250048        0.942500114   
       2.88805914        -40.9343796        -19.7067318       -0.386503071       -0.109923258       -0.796272904E-1      9.30626392         20.6830406         21.5368290         21.8264141         22.6439514        0.862500072        0.862500072        0.945000112   
       2.89669561        -40.9350815        -19.7124214       -0.354768842       -0.100550316       -0.724383444E-1      9.26131439         20.8217144         21.6124268         21.9382114         22.6950092        0.868750095        0.868750095        0.947500110   
       2.90533209        -40.9357529        -19.7178745       -0.323957264       -0.915985480E-1    -0.656951591E-1      9.21807671         20.9615192         21.6884060         22.0522861         22.7515678        0.875000119        0.875000119        0.950000107   
       2.91396856        -40.9363976        -19.7230854       -0.294094205       -0.831163824E-1    -0.593847148E-1      9.17651081         21.1038094         21.7649555         22.1672974         22.8148289        0.881250083        0.881250083        0.952500105   
       2.92260504        -40.9370155        -19.7280483       -0.265236199       -0.751054659E-1    -0.535078719E-1      9.13659668         21.2492085         21.8429699         22.2815304         22.8855820        0.887500048        0.887500048        0.955000103   
       2.93124151        -40.9376030        -19.7327614       -0.237469286       -0.675206408E-1    -0.480795689E-1      9.09835148         21.3975048         21.9239807         22.3930798         22.9639206        0.893750131        0.893750131        0.957500100   
       2.93987799        -40.9381638        -19.7372208       -0.210906759       -0.602846406E-1    -0.431182086E-1      9.06183338         21.5477390         22.0099068         22.4999924         23.0494823        0.900000095        0.900000095        0.960000038   
       2.94851446        -40.9386978        -19.7414265       -0.185682654       -0.533122532E-1    -0.386255533E-1      9.02714443         21.6984062         22.1027203         22.6004219         23.1420937        0.906250119        0.906250119        0.962500036   
       2.95715094        -40.9391937        -19.7453709       -0.161947951       -0.465360954E-1    -0.345664546E-1      8.99440670         21.8476772         22.2040482         22.6928215         23.2422104        0.912500024        0.912500024        0.965000033   
       2.96578741        -40.9396629        -19.7490559       -0.139855087       -0.399270169E-1    -0.308626480E-1      8.96375275         21.9937992         22.3147869         22.7762432         23.3506699        0.918750048        0.918750048        0.967500031   
       2.97442389        -40.9400978        -19.7524757       -0.119532034       -0.335047878E-1    -0.274098087E-1      8.93528748         22.1355724         22.4346943         22.8506432         23.4675369        0.925000072        0.925000072        0.970000088   
       2.98306036        -40.9405022        -19.7556305       -0.101046488       -0.273394547E-1    -0.241094269E-1      8.90907955         22.2727890         22.5621376         22.9170208         23.5908089        0.931250095        0.931250095        0.972500026   
       2.99169683        -40.9408722        -19.7585182       -0.843790099E-1    -0.215484444E-1    -0.209018737E-1      8.88515854         22.4063740         22.6940289         22.9773216         23.7155571        0.937500119        0.937500119        0.975000083   
       3.00033331        -40.9412079        -19.7611351       -0.694187507E-1    -0.162846725E-1    -0.177784394E-1      8.86351967         22.5380764         22.8261242         23.0340214         23.8343506        0.943750024        0.943750024        0.977500021   
       3.00896978        -40.9415092        -19.7634830       -0.559988432E-1    -0.117131919E-1    -0.147731621E-1      8.84414577         22.6697731         22.9535923         23.0896339         23.9386425        0.950000048        0.950000048        0.980000079   
       3.01760626        -40.9417801        -19.7655544       -0.439579673E-1    -0.797183905E-2    -0.119396253E-1      8.82701206         22.8025761         23.0717754         23.1461582         24.0207672        0.956250072        0.956250072        0.982500076   
       3.02624273        -40.9420090        -19.7673550       -0.332043320E-1    -0.512658758E-2    -0.933114812E-2      8.81209087         22.9360237         23.1768703         23.2046013         24.0757484        0.962500095        0.962500095        0.985000074   
       3.03487921        -40.9422073        -19.7688808       -0.237509981E-1    -0.314288260E-2    -0.699381996E-2      8.79935455         23.0674763         23.2663460         23.2645569         24.1025848        0.968750119        0.968750119        0.987500072   
       3.04351568        -40.9423676        -19.7701263       -0.157088470E-1    -0.189217320E-2    -0.497180596E-2      8.78879356         23.1918678         23.3389969         23.3238602         24.1047440        0.975000083        0.975000083        0.990000069   
       3.05215216        -40.9424934        -19.7710991       -0.923934951E-2    -0.118634431E-2    -0.331328134E-2      8.78043652         23.3019733         23.3946629         23.3785667         24.0897598        0.981250107        0.981250107        0.992500126   
       3.06078863        -40.9425850        -19.7717934       -0.450194441E-2    -0.834725564E-3    -0.207274989E-2      8.77435207         23.3893127         23.4337692         23.4234562         24.0678215        0.987500072        0.987500072        0.995000124   
       3.06942511        -40.9426346        -19.7722092       -0.161534629E-2    -0.684831059E-3    -0.130246056E-2      8.77064133         23.4457283         23.4569225         23.4531479         24.0493603        0.993750155        0.993750155        0.997500122   
       3.07806134        -40.9426537        -19.7723484       -0.646469241E-3    -0.644815736E-3    -0.104103982E-2      8.76939297         23.4652615         23.4645824         23.4635525         24.0422306         1.00000012         1.00000012         1.00000012     [G]
# 
# 07/13/2026 at 12:32 ypp @ compute-9-01 [start]
# 07/13/2026 at 12:32                    [end]
#  
# Timing   [Min/Max/Average]: 05s/05s/05s
#
# .-Input file  GW_(KS)bands.in
# | infver                           # [R] Input file variables verbosity
# | electrons                        # [R] Electronic properties
# | bnds                             # [R] Bands
# | PROJECT_mode= "none"             # Instruct ypp how to project the DOS. ATOM, LINE, PLANE.
# | INTERP_mode= "BOLTZ"             # Interpolation mode (NN=nearest point, BOLTZ=boltztrap aproach)
# | INTERP_Shell_Fac= 20.00000       # The bigger it is a higher number of shells is used
# | INTERP_NofNN= 1                  # Number of Nearest sites in the NN method
# | OutputAlat= 0.000000             # [a.u.] Lattice constant used for "alat" ouput format
# | cooIn= "rlu"                     # Points coordinates (in) cc/rlu/iku/alat
# | cooOut= "rlu"                    # Points coordinates (out) cc/rlu/iku/alat
# | % BANDS_bands
# |   1 | 10 |                           # Number of bands
# | %
# | CIRCUIT_E_DB_path= "none"        # SAVE obtained from the QE `bands` run (alternative to %BANDS_kpts)
# | BANDS_path= " G G"               # High-Symmetry points labels (G,M,K,L...) also using composed positions (0.5xY+0.5xL).
# | BANDS_steps= 100                 # Number of divisions
# | #BANDS_built_in                # Print the bands of the generating points of the circuit using the nearest internal point
# | %BANDS_kpts                      # K points of the bands circuit
# |  0.500000| 0.500000| 0.500000|
# |  0.000000| 0.000000| 0.000000|
# |  0.500000| 0.000000| 0.500000|
# |  0.500000| 0.250000| 0.750000|
# |  0.375000| 0.375000| 0.750000|
# |  1.000000| 1.000000| 1.000000|
# | %
